Unity Editor version:    2022.3.62f3 (96770f904ca7)
Branch:                  2022.3/respin/2022.3.62f2-4af31df585-v2
Build type:              Release
Batch mode:              YES
macOS version:           Version 26.2 (Build 25C56)
Darwin version:          25.2.0
Architecture:            arm64
Running under Rosetta:   NO
Available memory:        16384 MB
[Licensing::Module] Trying to connect to existing licensing client channel...
[Licensing::IpcConnector] Successfully connected to: "LicenseClient-javier" at "2026-04-08T12:39:46.373612Z"
[Licensing::Client] Code 10 while verifying Licensing Client signature (process Id: 1626, path: "/Applications/Unity Hub.app/Contents/Frameworks/UnityLicensingClient_V1.app/Contents/MacOS/Unity.Licensing.Client")
[Licensing::Module] LicensingClient has failed validation; ignoring
[Licensing::Client] Handshaking with LicensingClient:
  Version:                 1.17.4+4293ba1
  Session Id:              e9155ee660a44bf1961053dc91e26d47
  Correlation Id:          43df6811bfd2ece3567043952d359d0b
  External correlation Id: 206555502785969716
  Machine Id:              +Vn0pNWN46B39Ty87qLnItAcYFE=
[Licensing::Module] Successfully connected to LicensingClient on channel: "LicenseClient-javier" (connect: 0.00s, validation: 0.04s, handshake: 0.29s)
[Licensing::IpcConnector] Successfully connected to: "LicenseClient-javier-notifications" at "2026-04-08T12:39:46.696007Z"
[Licensing::Module] Error: Access token is unavailable; failed to update
[Licensing::Client] Successfully updated license
[Licensing::Client] Successfully resolved entitlement details
[Licensing::Module] Serial number assigned to: "4673632444958-UnityPersXXXX"
Pro License: NO
[Licensing::Client] Successfully resolved entitlement details
Launching external process: /Applications/Unity/Hub/Editor/2022.3.62f3/Unity.app/Contents/Resources/PackageManager/Server/UnityPackageManager

COMMAND LINE ARGUMENTS:
/Applications/Unity/Hub/Editor/2022.3.62f3/Unity.app/Contents/MacOS/Unity
-batchmode
-nographics
-quit
-projectPath
/Users/javier/bacayo-studio/territory-developer
-logFile
/Users/javier/bacayo-studio/territory-developer/tools/reports/unity-compile-check-20260408-123946.log
Successfully changed project path to: /Users/javier/bacayo-studio/territory-developer
/Users/javier/bacayo-studio/territory-developer
[UnityMemory] Configuration Parameters - Can be set up in boot.config
    "memorysetup-bucket-allocator-granularity=16"
    "memorysetup-bucket-allocator-bucket-count=8"
    "memorysetup-bucket-allocator-block-size=33554432"
    "memorysetup-bucket-allocator-block-count=8"
    "memorysetup-main-allocator-block-size=16777216"
    "memorysetup-thread-allocator-block-size=16777216"
    "memorysetup-gfx-main-allocator-block-size=16777216"
    "memorysetup-gfx-thread-allocator-block-size=16777216"
    "memorysetup-cache-allocator-block-size=4194304"
    "memorysetup-typetree-allocator-block-size=2097152"
    "memorysetup-profiler-bucket-allocator-granularity=16"
    "memorysetup-profiler-bucket-allocator-bucket-count=8"
    "memorysetup-profiler-bucket-allocator-block-size=33554432"
    "memorysetup-profiler-bucket-allocator-block-count=8"
    "memorysetup-profiler-allocator-block-size=16777216"
    "memorysetup-profiler-editor-allocator-block-size=1048576"
    "memorysetup-temp-allocator-size-main=16777216"
    "memorysetup-job-temp-allocator-block-size=2097152"
    "memorysetup-job-temp-allocator-block-size-background=1048576"
    "memorysetup-job-temp-allocator-reduction-small-platforms=262144"
    "memorysetup-allocator-temp-initial-block-size-main=262144"
    "memorysetup-allocator-temp-initial-block-size-worker=262144"
    "memorysetup-temp-allocator-size-background-worker=32768"
    "memorysetup-temp-allocator-size-job-worker=262144"
    "memorysetup-temp-allocator-size-preload-manager=33554432"
    "memorysetup-temp-allocator-size-nav-mesh-worker=65536"
    "memorysetup-temp-allocator-size-audio-worker=65536"
    "memorysetup-temp-allocator-size-cloud-worker=32768"
    "memorysetup-temp-allocator-size-gi-baking-worker=262144"
    "memorysetup-temp-allocator-size-gfx=262144"
Player connection [8715136064]  Target information:

Player connection [8715136064]  * "[IP] 192.168.1.11 [Port] 55504 [Flags] 2 [Guid] 660902410 [EditorId] 660902410 [Version] 1048832 [Id] OSXEditor(0,Javiers-MacBook-Pro.local) [Debug] 1 [PackageName] OSXEditor [ProjectName] Editor" 

Player connection [8715136064] Host joined multi-casting on [225.0.0.222:54997]...
Player connection [8715136064] Host joined alternative multi-casting on [225.0.0.222:34997]...
Input System module state changed to: Initialized.
[PhysX] Initialized MultithreadedTaskDispatcher with 10 workers.
[Package Manager] UpmClient::Connect -- Connected to IPC stream "Upm-76625" after 1.4 seconds.
[Package Manager] Restoring resolved packages state from cache
[Licensing::Client] Successfully resolved entitlement details
[Package Manager] Registered 55 packages:
  Packages from [https://packages.unity.com]:
    com.unity.collab-proxy@2.7.1 (location: /Users/javier/bacayo-studio/territory-developer/Library/PackageCache/com.unity.collab-proxy@2.7.1)
    com.unity.device-simulator.devices@1.0.0 (location: /Users/javier/bacayo-studio/territory-developer/Library/PackageCache/com.unity.device-simulator.devices@1.0.0)
    com.unity.ide.rider@3.0.36 (location: /Users/javier/bacayo-studio/territory-developer/Library/PackageCache/com.unity.ide.rider@3.0.36)
    com.unity.ide.visualstudio@2.0.22 (location: /Users/javier/bacayo-studio/territory-developer/Library/PackageCache/com.unity.ide.visualstudio@2.0.22)
    com.unity.test-framework@1.1.33 (location: /Users/javier/bacayo-studio/territory-developer/Library/PackageCache/com.unity.test-framework@1.1.33)
    com.unity.textmeshpro@3.0.7 (location: /Users/javier/bacayo-studio/territory-developer/Library/PackageCache/com.unity.textmeshpro@3.0.7)
    com.unity.timeline@1.7.7 (location: /Users/javier/bacayo-studio/territory-developer/Library/PackageCache/com.unity.timeline@1.7.7)
    com.unity.visualscripting@1.9.4 (location: /Users/javier/bacayo-studio/territory-developer/Library/PackageCache/com.unity.visualscripting@1.9.4)
    com.unity.ext.nunit@1.0.6 (location: /Users/javier/bacayo-studio/territory-developer/Library/PackageCache/com.unity.ext.nunit@1.0.6)
    com.unity.2d.animation@9.2.0 (location: /Users/javier/bacayo-studio/territory-developer/Library/PackageCache/com.unity.2d.animation@9.2.0)
    com.unity.2d.pixel-perfect@5.1.0 (location: /Users/javier/bacayo-studio/territory-developer/Library/PackageCache/com.unity.2d.pixel-perfect@5.1.0)
    com.unity.2d.psdimporter@8.1.0 (location: /Users/javier/bacayo-studio/territory-developer/Library/PackageCache/com.unity.2d.psdimporter@8.1.0)
    com.unity.2d.spriteshape@9.1.0 (location: /Users/javier/bacayo-studio/territory-developer/Library/PackageCache/com.unity.2d.spriteshape@9.1.0)
    com.unity.2d.tilemap.extras@3.1.3 (location: /Users/javier/bacayo-studio/territory-developer/Library/PackageCache/com.unity.2d.tilemap.extras@3.1.3)
    com.unity.2d.aseprite@1.1.9 (location: /Users/javier/bacayo-studio/territory-developer/Library/PackageCache/com.unity.2d.aseprite@1.1.9)
    com.unity.2d.common@8.1.0 (location: /Users/javier/bacayo-studio/territory-developer/Library/PackageCache/com.unity.2d.common@8.1.0)
    com.unity.mathematics@1.2.6 (location: /Users/javier/bacayo-studio/territory-developer/Library/PackageCache/com.unity.mathematics@1.2.6)
    com.unity.collections@1.2.4 (location: /Users/javier/bacayo-studio/territory-developer/Library/PackageCache/com.unity.collections@1.2.4)
    com.unity.burst@1.8.21 (location: /Users/javier/bacayo-studio/territory-developer/Library/PackageCache/com.unity.burst@1.8.21)
  Built-in packages:
    com.unity.feature.2d@2.0.1 (location: /Users/javier/bacayo-studio/territory-developer/Library/PackageCache/com.unity.feature.2d@2.0.1)
    com.unity.ugui@1.0.0 (location: /Users/javier/bacayo-studio/territory-developer/Library/PackageCache/com.unity.ugui@1.0.0)
    com.unity.modules.ai@1.0.0 (location: /Users/javier/bacayo-studio/territory-developer/Library/PackageCache/com.unity.modules.ai@1.0.0)
    com.unity.modules.androidjni@1.0.0 (location: /Users/javier/bacayo-studio/territory-developer/Library/PackageCache/com.unity.modules.androidjni@1.0.0)
    com.unity.modules.animation@1.0.0 (location: /Users/javier/bacayo-studio/territory-developer/Library/PackageCache/com.unity.modules.animation@1.0.0)
    com.unity.modules.assetbundle@1.0.0 (location: /Users/javier/bacayo-studio/territory-developer/Library/PackageCache/com.unity.modules.assetbundle@1.0.0)
    com.unity.modules.audio@1.0.0 (location: /Users/javier/bacayo-studio/territory-developer/Library/PackageCache/com.unity.modules.audio@1.0.0)
    com.unity.modules.cloth@1.0.0 (location: /Users/javier/bacayo-studio/territory-developer/Library/PackageCache/com.unity.modules.cloth@1.0.0)
    com.unity.modules.director@1.0.0 (location: /Users/javier/bacayo-studio/territory-developer/Library/PackageCache/com.unity.modules.director@1.0.0)
    com.unity.modules.imageconversion@1.0.0 (location: /Users/javier/bacayo-studio/territory-developer/Library/PackageCache/com.unity.modules.imageconversion@1.0.0)
    com.unity.modules.imgui@1.0.0 (location: /Users/javier/bacayo-studio/territory-developer/Library/PackageCache/com.unity.modules.imgui@1.0.0)
    com.unity.modules.jsonserialize@1.0.0 (location: /Users/javier/bacayo-studio/territory-developer/Library/PackageCache/com.unity.modules.jsonserialize@1.0.0)
    com.unity.modules.particlesystem@1.0.0 (location: /Users/javier/bacayo-studio/territory-developer/Library/PackageCache/com.unity.modules.particlesystem@1.0.0)
    com.unity.modules.physics@1.0.0 (location: /Users/javier/bacayo-studio/territory-developer/Library/PackageCache/com.unity.modules.physics@1.0.0)
    com.unity.modules.physics2d@1.0.0 (location: /Users/javier/bacayo-studio/territory-developer/Library/PackageCache/com.unity.modules.physics2d@1.0.0)
    com.unity.modules.screencapture@1.0.0 (location: /Users/javier/bacayo-studio/territory-developer/Library/PackageCache/com.unity.modules.screencapture@1.0.0)
    com.unity.modules.terrain@1.0.0 (location: /Users/javier/bacayo-studio/territory-developer/Library/PackageCache/com.unity.modules.terrain@1.0.0)
    com.unity.modules.terrainphysics@1.0.0 (location: /Users/javier/bacayo-studio/territory-developer/Library/PackageCache/com.unity.modules.terrainphysics@1.0.0)
    com.unity.modules.tilemap@1.0.0 (location: /Users/javier/bacayo-studio/territory-developer/Library/PackageCache/com.unity.modules.tilemap@1.0.0)
    com.unity.modules.ui@1.0.0 (location: /Users/javier/bacayo-studio/territory-developer/Library/PackageCache/com.unity.modules.ui@1.0.0)
    com.unity.modules.uielements@1.0.0 (location: /Users/javier/bacayo-studio/territory-developer/Library/PackageCache/com.unity.modules.uielements@1.0.0)
    com.unity.modules.umbra@1.0.0 (location: /Users/javier/bacayo-studio/territory-developer/Library/PackageCache/com.unity.modules.umbra@1.0.0)
    com.unity.modules.unityanalytics@1.0.0 (location: /Users/javier/bacayo-studio/territory-developer/Library/PackageCache/com.unity.modules.unityanalytics@1.0.0)
    com.unity.modules.unitywebrequest@1.0.0 (location: /Users/javier/bacayo-studio/territory-developer/Library/PackageCache/com.unity.modules.unitywebrequest@1.0.0)
    com.unity.modules.unitywebrequestassetbundle@1.0.0 (location: /Users/javier/bacayo-studio/territory-developer/Library/PackageCache/com.unity.modules.unitywebrequestassetbundle@1.0.0)
    com.unity.modules.unitywebrequestaudio@1.0.0 (location: /Users/javier/bacayo-studio/territory-developer/Library/PackageCache/com.unity.modules.unitywebrequestaudio@1.0.0)
    com.unity.modules.unitywebrequesttexture@1.0.0 (location: /Users/javier/bacayo-studio/territory-developer/Library/PackageCache/com.unity.modules.unitywebrequesttexture@1.0.0)
    com.unity.modules.unitywebrequestwww@1.0.0 (location: /Users/javier/bacayo-studio/territory-developer/Library/PackageCache/com.unity.modules.unitywebrequestwww@1.0.0)
    com.unity.modules.vehicles@1.0.0 (location: /Users/javier/bacayo-studio/territory-developer/Library/PackageCache/com.unity.modules.vehicles@1.0.0)
    com.unity.modules.video@1.0.0 (location: /Users/javier/bacayo-studio/territory-developer/Library/PackageCache/com.unity.modules.video@1.0.0)
    com.unity.modules.vr@1.0.0 (location: /Users/javier/bacayo-studio/territory-developer/Library/PackageCache/com.unity.modules.vr@1.0.0)
    com.unity.modules.wind@1.0.0 (location: /Users/javier/bacayo-studio/territory-developer/Library/PackageCache/com.unity.modules.wind@1.0.0)
    com.unity.modules.xr@1.0.0 (location: /Users/javier/bacayo-studio/territory-developer/Library/PackageCache/com.unity.modules.xr@1.0.0)
    com.unity.modules.subsystems@1.0.0 (location: /Users/javier/bacayo-studio/territory-developer/Library/PackageCache/com.unity.modules.subsystems@1.0.0)
    com.unity.2d.sprite@1.0.0 (location: /Users/javier/bacayo-studio/territory-developer/Library/PackageCache/com.unity.2d.sprite@1.0.0)
    com.unity.2d.tilemap@1.0.0 (location: /Users/javier/bacayo-studio/territory-developer/Library/PackageCache/com.unity.2d.tilemap@1.0.0)
[Subsystems] No new subsystems found in resolved package list.
Package Manager log level set to [2]
[Package Manager] Done registering packages in 0.16 seconds
Artifact Garbage Collection - Removed 1 unused hashed content files
Refreshing native plugins compatible for Editor in 26.95 ms, found 3 plugins.
Preloading 0 native plugins for Editor in 0.00 ms.
Initialize engine version: 2022.3.62f3 (96770f904ca7)
[Subsystems] Discovering subsystems at path /Applications/Unity/Hub/Editor/2022.3.62f3/Unity.app/Contents/Resources/UnitySubsystems
[Subsystems] Discovering subsystems at path /Users/javier/bacayo-studio/territory-developer/Assets
Forcing GfxDevice: Null
GfxDevice: creating device client; threaded=0; jobified=0
NullGfxDevice:
    Version:  NULL 1.0 [1.0]
    Renderer: Null Device
    Vendor:   Unity Technologies
[Licensing::Client] Successfully resolved entitlement details
Initialize mono
Mono path[0] = '/Applications/Unity/Hub/Editor/2022.3.62f3/Unity.app/Contents/Managed'
Mono path[1] = '/Applications/Unity/Hub/Editor/2022.3.62f3/Unity.app/Contents/MonoBleedingEdge/lib/mono/unityjit-macos'
Mono config path = '/Applications/Unity/Hub/Editor/2022.3.62f3/Unity.app/Contents/MonoBleedingEdge/etc'
Using monoOptions --debugger-agent=transport=dt_socket,embedding=1,server=y,suspend=n,address=127.0.0.1:56625
Using cacheserver namespaces - metadata:defaultmetadata, artifacts:defaultartifacts
Using cacheserver namespaces - metadata:defaultmetadata, artifacts:defaultartifacts
ImportWorker Server TCP listen port: 0
Begin MonoManager ReloadAssembly
Registering precompiled unity dll's ...
Register platform support module: /Applications/Unity/Hub/Editor/2022.3.62f3/Unity.app/Contents/PlaybackEngines/MacStandaloneSupport/UnityEditor.OSXStandalone.Extensions.dll
Registered in 0.001762 seconds.
- Loaded All Assemblies, in  0.279 seconds
Native extension for OSXStandalone target not found
Mono: successfully reloaded assembly
- Finished resetting the current domain, in  0.148 seconds
Domain Reload Profiling: 427ms
	BeginReloadAssembly (117ms)
		ExecutionOrderSort (0ms)
		DisableScriptedObjects (0ms)
		BackupInstance (0ms)
		ReleaseScriptingObjects (0ms)
		CreateAndSetChildDomain (1ms)
	RebuildCommonClasses (25ms)
	RebuildNativeTypeToScriptingClass (7ms)
	initialDomainReloadingComplete (36ms)
	LoadAllAssembliesAndSetupDomain (94ms)
		LoadAssemblies (116ms)
		RebuildTransferFunctionScriptingTraits (0ms)
		AnalyzeDomain (91ms)
			TypeCache.Refresh (89ms)
				TypeCache.ScanAssembly (77ms)
			ScanForSourceGeneratedMonoScriptInfo (0ms)
			ResolveRequiredComponents (1ms)
	FinalizeReload (148ms)
		ReleaseScriptCaches (0ms)
		RebuildScriptCaches (0ms)
		SetupLoadedEditorAssemblies (120ms)
			LogAssemblyErrors (0ms)
			InitializePlatformSupportModulesInManaged (7ms)
			SetLoadedEditorAssemblies (4ms)
			RefreshPlugins (0ms)
			BeforeProcessingInitializeOnLoad (1ms)
			ProcessInitializeOnLoadAttributes (82ms)
			ProcessInitializeOnLoadMethodAttributes (26ms)
			AfterProcessingInitializeOnLoad (0ms)
			EditorAssembliesLoaded (0ms)
		ExecutionOrderSort2 (0ms)
		AwakeInstancesAfterBackupRestoration (0ms)
[Licensing::Client] Successfully resolved entitlement details
Application.AssetDatabase Initial Refresh Start
[40m[32minfo[39m[22m[49m: Microsoft.Hosting.Lifetime[14]
      Now listening on: http://unix:/tmp/ilpp.sock-60dd578b28db9895b754fc5f9a315303
[40m[32minfo[39m[22m[49m: Microsoft.Hosting.Lifetime[0]
      Application started. Press Ctrl+C to shut down.
[40m[32minfo[39m[22m[49m: Microsoft.Hosting.Lifetime[0]
      Hosting environment: Production
[40m[32minfo[39m[22m[49m: Microsoft.Hosting.Lifetime[0]
      Content root path: /Users/javier/bacayo-studio/territory-developer/
[40m[32minfo[39m[22m[49m: Microsoft.AspNetCore.Hosting.Diagnostics[1]
      Request starting HTTP/2 POST http://ilpp/UnityILPP.PostProcessing/Ping application/grpc -
[40m[32minfo[39m[22m[49m: Microsoft.AspNetCore.Routing.EndpointMiddleware[0]
      Executing endpoint 'gRPC - /UnityILPP.PostProcessing/Ping'
[40m[32minfo[39m[22m[49m: Microsoft.AspNetCore.Routing.EndpointMiddleware[1]
      Executed endpoint 'gRPC - /UnityILPP.PostProcessing/Ping'
[40m[32minfo[39m[22m[49m: Microsoft.AspNetCore.Hosting.Diagnostics[2]
      Request finished HTTP/2 POST http://ilpp/UnityILPP.PostProcessing/Ping application/grpc - - 200 - application/grpc 54.9293ms
Starting: /Applications/Unity/Hub/Editor/2022.3.62f3/Unity.app/Contents/bee_backend --ipc --defer-dag-verification --dagfile="Library/Bee/200b0aE.dag" --continue-on-failure --profile="Library/Bee/backend1.traceevents" ScriptAssemblies
WorkingDir: /Users/javier/bacayo-studio/territory-developer
DisplayProgressbar: Compiling Scripts
[40m[32minfo[39m[22m[49m: Microsoft.AspNetCore.Hosting.Diagnostics[1]
      Request starting HTTP/2 POST http://ilpp/UnityILPP.PostProcessing/ConfigurePostProcessors application/grpc -
[40m[32minfo[39m[22m[49m: Microsoft.AspNetCore.Routing.EndpointMiddleware[0]
      Executing endpoint 'gRPC - /UnityILPP.PostProcessing/ConfigurePostProcessors'
[40m[1m[33mwarn[39m[22m[49m: Unity.ILPP.Runner.PostProcessingAssemblyLoadContext[0]
      Assembly system.runtime.interopservices.windowsruntime has duplicate hint path. Ignoring "/Applications/Unity/Hub/Editor/2022.3.62f3/Unity.app/Contents/UnityReferenceAssemblies/unity-4.8-api/Facades/System.Runtime.InteropServices.WindowsRuntime.dll" in favor of "/Applications/Unity/Hub/Editor/2022.3.62f3/Unity.app/Contents/NetStandard/Extensions/2.0.0/System.Runtime.InteropServices.WindowsRuntime.dll"
[40m[1m[33mwarn[39m[22m[49m: Unity.ILPP.Runner.PostProcessingAssemblyLoadContext[0]
      Assembly system.componentmodel.composition has duplicate hint path. Ignoring "/Applications/Unity/Hub/Editor/2022.3.62f3/Unity.app/Contents/UnityReferenceAssemblies/unity-4.8-api/System.ComponentModel.Composition.dll" in favor of "/Applications/Unity/Hub/Editor/2022.3.62f3/Unity.app/Contents/NetStandard/compat/2.1.0/shims/netfx/System.ComponentModel.Composition.dll"
[40m[32minfo[39m[22m[49m: Unity.ILPP.Runner.PostProcessingAssemblyLoadContext[0]
      Resolved Unity.Burst.Cecil, Version=0.11.4.0, Culture=neutral, PublicKeyToken=50cebf1cceb9d05e with Library/PackageCache/com.unity.burst@1.8.21/Unity.Burst.CodeGen/Unity.Burst.Cecil.dll
[40m[32minfo[39m[22m[49m: Microsoft.AspNetCore.Routing.EndpointMiddleware[1]
      Executed endpoint 'gRPC - /UnityILPP.PostProcessing/ConfigurePostProcessors'
[40m[32minfo[39m[22m[49m: Microsoft.AspNetCore.Hosting.Diagnostics[2]
      Request finished HTTP/2 POST http://ilpp/UnityILPP.PostProcessing/ConfigurePostProcessors application/grpc - - 200 - application/grpc 46.6217ms
ExitCode: 0 Duration: 0s608ms
[447/586    0s] ILPP-Configuration Library/ilpp-configuration.nevergeneratedoutput
*** Tundra build success (0.58 seconds), 1 items updated, 586 evaluated
AssetDatabase: script compilation time: 1.468597s
Total cache size 19010412
Total cache size after purge 19010412
Begin MonoManager ReloadAssembly
- Loaded All Assemblies, in  0.375 seconds
Refreshing native plugins compatible for Editor in 1.28 ms, found 3 plugins.
Preloading 0 native plugins for Editor in 0.00 ms.
Refreshing native plugins compatible for Editor in 1.34 ms, found 3 plugins.
Native extension for OSXStandalone target not found
Mono: successfully reloaded assembly
- Finished resetting the current domain, in  1.823 seconds
Domain Reload Profiling: 2198ms
	BeginReloadAssembly (66ms)
		ExecutionOrderSort (0ms)
		DisableScriptedObjects (3ms)
		BackupInstance (0ms)
		ReleaseScriptingObjects (0ms)
		CreateAndSetChildDomain (13ms)
	RebuildCommonClasses (19ms)
	RebuildNativeTypeToScriptingClass (7ms)
	initialDomainReloadingComplete (14ms)
	LoadAllAssembliesAndSetupDomain (269ms)
		LoadAssemblies (199ms)
		RebuildTransferFunctionScriptingTraits (0ms)
		AnalyzeDomain (103ms)
			TypeCache.Refresh (88ms)
				TypeCache.ScanAssembly (77ms)
			ScanForSourceGeneratedMonoScriptInfo (9ms)
			ResolveRequiredComponents (4ms)
	FinalizeReload (1823ms)
		ReleaseScriptCaches (0ms)
		RebuildScriptCaches (0ms)
		SetupLoadedEditorAssemblies (1752ms)
			LogAssemblyErrors (0ms)
			InitializePlatformSupportModulesInManaged (2ms)
			SetLoadedEditorAssemblies (3ms)
			RefreshPlugins (0ms)
			BeforeProcessingInitializeOnLoad (34ms)
			ProcessInitializeOnLoadAttributes (1674ms)
			ProcessInitializeOnLoadMethodAttributes (38ms)
			AfterProcessingInitializeOnLoad (1ms)
			EditorAssembliesLoaded (0ms)
		ExecutionOrderSort2 (0ms)
		AwakeInstancesAfterBackupRestoration (2ms)
Asset Pipeline Refresh (id=e40083e7eec014bfbab48bf7e62d6cce): Total: 5.140 seconds - Initiated by InitialRefreshV2(ForceSynchronousImport)
	Summary:
		Imports: total=4 (actual=0, local cache=4, cache server=0)
		Asset DB Process Time: managed=0 ms, native=1407 ms
		Asset DB Callback time: managed=11 ms, native=0 ms
		Scripting: domain reloads=1, domain reload time=2229 ms, compile time=1470 ms, other=20 ms
		Project Asset Count: scripts=5008, non-scripts=1962
		Asset File Changes: new=0, changed=0, moved=0, deleted=0
		Scan Filter Count: 1
	InvokeBeforeRefreshCallbacks: 0.156ms
	ApplyChangesToAssetFolders: 0.046ms
	Scan: 372.783ms
	OnSourceAssetsModified: 0.001ms
	GetAllGuidsForCategorization: 0.347ms
	CategorizeAssets: 128.315ms
	ImportOutOfDateAssets: 1845.710ms (362.636ms without children)
		CompileScripts: 1469.853ms
		ReloadNativeAssets: 0.000ms
		UnloadImportedAssets: 10.675ms
		EnsureUptoDateAssetsAreRegisteredWithGuidPM: 1.389ms
		InitializingProgressBar: 0.000ms
		PostProcessAllAssetNotificationsAddChangedAssets: 0.000ms
		OnDemandSchedulerStart: 1.156ms
	PostProcessAllAssets: 11.891ms
	GatherAllCurrentPrimaryArtifactRevisions: 0.000ms
	UnloadStreamsBegin: 0.829ms
	PersistCurrentRevisions: 0.178ms
	UnloadStreamsEnd: 0.014ms
	GenerateScriptTypeHashes: 1.036ms
	Untracked: 2779.329ms
Application.AssetDatabase Initial Refresh End
Scanning for USB devices : 0.729ms
Initializing Unity extensions:
[Licensing::Client] Successfully resolved entitlement details
[MODES] ModeService[none].Initialize
[MODES] ModeService[none].LoadModes
[MODES] Loading mode Default (0) for mode-current-id-Terrain Developer
[PhysX] Initialized MultithreadedTaskDispatcher with 10 workers.
ProgressiveSceneManager::Cancel()
-- Listing OpenCL platforms(s) --
 * OpenCL platform 0
	PROFILE = FULL_PROFILE
	VERSION = OpenCL 1.2 (Nov  8 2025 19:10:43)
	NAME = Apple
	VENDOR = Apple
-- Listing OpenCL device(s) --
 * OpenCL platform 0, device 0 
	DEVICE_TYPE = 4
	DEVICE_NAME = Apple M2 Pro
	DEVICE_VENDOR = Apple
	DEVICE_VERSION = OpenCL 1.2 
	DRIVER_VERSION = 1.2 1.0
	DEVICE_MAX_COMPUTE_UNITS = 16
	DEVICE_MAX_CLOCK_FREQUENCY = 1000
	CL_DEVICE_MAX_CONSTANT_BUFFER_SIZE = 1073741824
	CL_DEVICE_HOST_UNIFIED_MEMORY = true
	CL_DEVICE_MAX_MEM_ALLOC_SIZE = 2383708160
	DEVICE_GLOBAL_MEM_SIZE = 12713115648
-- GPU Progressive lightmapper will use OpenCL device 'Apple M2 Pro' from 'Apple'--
   use -OpenCL-PlatformAndDeviceIndices <platformIdx> <deviceIdx> as command line arguments if you want to select a specific adapter for OpenCL.
Unloading 8 Unused Serialized files (Serialized files now loaded: 0)
Unloading 81 unused Assets / (456.8 KB). Loaded Objects now: 4671.
Memory consumption went from 149.7 MB to 149.3 MB.
Total: 3.167208 ms (FindLiveObjects: 0.134833 ms CreateObjectMapping: 0.070833 ms MarkObjects: 2.741500 ms  DeleteObjects: 0.219416 ms)

Batchmode quit successfully invoked - shutting down!
Curl error 42: Callback aborted
Thread 0x16e2d7000 may have been prematurely finalized
[PhysX] Initialized MultithreadedTaskDispatcher with 10 workers.
Input System module state changed to: ShutdownInProgress.
Input System polling thread exited.
Input System module state changed to: Shutdown.
[Licensing::IpcConnector] LicenseClient-javier-notifications channel disconnected successfully.
[Licensing::IpcConnector] LicenseClient-javier channel disconnected successfully.
Thread 0x16e84f000 may have been prematurely finalized
[40m[32minfo[39m[22m[49m: Microsoft.Hosting.Lifetime[0]
      Application is shutting down...
Cleanup mono
[40m[32minfo[39m[22m[49m: Unity.ILPP.Runner.PostProcessingAssemblyLoadContext[0]
      ALC ILPP context 1 is unloading
debugger-agent: Unable to listen on 49
[Performance] Application.InitializeProject                                                                                  :        1 samples, Peak.  8.03 s (1.0x), Avg.  8.03 s, Total. 8.035 s (79.2%)
[Performance] Application.PackageManager.StartServer                                                                         :        1 samples, Peak.  12.2 ms (1.0x), Avg.  12.2 ms, Total. 12.19 ms (0.1%)
[Performance] Application.AcquireProjectLock                                                                                 :        1 samples, Peak.  7.41 ms (1.0x), Avg.  7.41 ms, Total. 7.408 ms (0.1%)
[Performance] Application.InitializeEngineNoGraphics                                                                         :        1 samples, Peak.  62.7 ms (1.0x), Avg.  62.7 ms, Total. 62.70 ms (0.6%)
[Performance] Application.PackageManager.Initialize                                                                          :        1 samples, Peak.  1.41 s (1.0x), Avg.  1.41 s, Total. 1.410 s (13.9%)
[Performance] Connecting to Package Manager                                                                                  :      142 samples, Peak.  35.4 us (29.0x), Avg.  1.22 us, Total. 173.4 us (0.0%)
[Performance] Application.EngineGraphics.Initialize                                                                          :        1 samples, Peak.  66.6 ms (1.0x), Avg.  66.6 ms, Total. 66.61 ms (0.7%)
[Performance] Application.GI.Initialize                                                                                      :        1 samples, Peak.  1.75 ms (1.0x), Avg.  1.75 ms, Total. 1.750 ms (0.0%)
[Performance] Application.LoadAllDefaultResourcesFromEditor                                                                  :        1 samples, Peak.  1.03 ms (1.0x), Avg.  1.03 ms, Total. 1.035 ms (0.0%)
[Performance] Application.LoadMonoAssemblies                                                                                 :        1 samples, Peak.   434 ms (1.0x), Avg.   434 ms, Total. 434.1 ms (4.3%)
[Performance] RestoreManagedReferences                                                                                       :        2 samples, Peak.  23.5 ms (2.0x), Avg.  11.7 ms, Total. 23.50 ms (0.2%)
[Performance] InitializeOnLoad DrivenRectTransformUndo                                                                       :        2 samples, Peak.   519 us (1.4x), Avg.   373 us, Total. 745.8 us (0.0%)
[Performance] InitializeOnLoad SceneSearch                                                                                   :        2 samples, Peak.  74.3 us (1.0x), Avg.  74.2 us, Total. 148.4 us (0.0%)
[Performance] InitializeOnLoad CloudBuild                                                                                    :        2 samples, Peak.  5.75 us (1.4x), Avg.  4.15 us, Total. 8.292 us (0.0%)
[Performance] InitializeOnLoad NativeFormatImporterUtility                                                                   :        2 samples, Peak.  1.74 ms (1.1x), Avg.  1.55 ms, Total. 3.091 ms (0.0%)
[Performance] InitializeOnLoad SearchService                                                                                 :        2 samples, Peak.  61.2 us (1.1x), Avg.  58.3 us, Total. 116.5 us (0.0%)
[Performance] InitializeOnLoad SettingsService                                                                               :        2 samples, Peak.  6.17 us (1.2x), Avg.  5.02 us, Total. 10.04 us (0.0%)
[Performance] InitializeOnLoad WindowLayout                                                                                  :        2 samples, Peak.   501 us (1.2x), Avg.   420 us, Total. 839.0 us (0.0%)
[Performance] InitializeOnLoad AssetStoreContext                                                                             :        2 samples, Peak.  14.7 ms (1.1x), Avg.  13.1 ms, Total. 26.25 ms (0.3%)
[Performance] InitializeOnLoad PoolManager                                                                                   :        2 samples, Peak.   296 us (1.0x), Avg.   285 us, Total. 570.9 us (0.0%)
[Performance] InitializeOnLoad MixerEffectDefinitionReloader                                                                 :        2 samples, Peak.  1.92 ms (1.3x), Avg.  1.45 ms, Total. 2.891 ms (0.0%)
[Performance] InitializeOnLoad ProjectSearch                                                                                 :        2 samples, Peak.  46.6 us (1.2x), Avg.  37.9 us, Total. 75.83 us (0.0%)
[Performance] InitializeOnLoad UISystemProfilerRenderService                                                                 :        2 samples, Peak.  6.54 us (1.1x), Avg.  6.23 us, Total. 12.46 us (0.0%)
[Performance] InitializeOnLoad EditMode                                                                                      :        2 samples, Peak.   447 us (1.3x), Avg.   334 us, Total. 668.6 us (0.0%)
[Performance] InitializeOnLoad UnityConnect                                                                                  :        2 samples, Peak.  43.0 us (1.3x), Avg.  32.5 us, Total. 65.04 us (0.0%)
[Performance] InitializeOnLoad ManagedDebugger                                                                               :        2 samples, Peak.   380 us (1.1x), Avg.   344 us, Total. 688.6 us (0.0%)
[Performance] InitializeOnLoad ShortcutIntegration                                                                           :        2 samples, Peak.  43.4 us (1.2x), Avg.  37.5 us, Total. 74.92 us (0.0%)
[Performance] InitializeOnLoad AddComponentWindow                                                                            :        2 samples, Peak.  63.5 us (1.0x), Avg.  62.9 us, Total. 125.8 us (0.0%)
[Performance] InitializeOnLoad ManagedDebuggerWindow                                                                         :        2 samples, Peak.  62.8 us (1.0x), Avg.  61.5 us, Total. 123.0 us (0.0%)
[Performance] InitializeOnLoad CacheServerWindow                                                                             :        2 samples, Peak.  5.92 us (1.4x), Avg.  4.33 us, Total. 8.667 us (0.0%)
[Performance] InitializeOnLoad PlayModeDownload                                                                              :        2 samples, Peak.  3.18 ms (1.9x), Avg.  1.63 ms, Total. 3.268 ms (0.0%)
[Performance] InitializeOnLoad MenuItems                                                                                     :        2 samples, Peak.  51.2 us (1.1x), Avg.  45.4 us, Total. 90.88 us (0.0%)
[Performance] InitializeOnLoad PrefabInstanceChangedListener                                                                 :        2 samples, Peak.  76.5 us (1.0x), Avg.  72.9 us, Total. 145.9 us (0.0%)
[Performance] InitializeOnLoad ObjectSelectorSearch                                                                          :        2 samples, Peak.  48.1 us (1.5x), Avg.  32.5 us, Total. 65.00 us (0.0%)
[Performance] InitializeOnLoad EditorMonitor                                                                                 :        2 samples, Peak.   393 us (1.3x), Avg.   307 us, Total. 613.5 us (0.0%)
[Performance] InitializeOnLoad RetainedMode                                                                                  :        2 samples, Peak.  1.31 ms (1.1x), Avg.  1.24 ms, Total. 2.473 ms (0.0%)
[Performance] InitializeOnLoad EditorShaderLoader                                                                            :        2 samples, Peak.   384 us (1.1x), Avg.   346 us, Total. 692.2 us (0.0%)
[Performance] InitializeOnLoad EditorDelegateRegistration                                                                    :        2 samples, Peak.   282 us (1.1x), Avg.   264 us, Total. 528.3 us (0.0%)
[Performance] InitializeOnLoad UIDocumentHierarchyWatcher                                                                    :        2 samples, Peak.  37.4 us (1.1x), Avg.  33.7 us, Total. 67.42 us (0.0%)
[Performance] InitializeOnLoad LiveReloadTrackerCreator                                                                      :        2 samples, Peak.   104 us (1.1x), Avg.  90.6 us, Total. 181.3 us (0.0%)
[Performance] InitializeOnLoad UxmlObjectEditorFactories                                                                     :        2 samples, Peak.   277 us (1.1x), Avg.   254 us, Total. 507.6 us (0.0%)
[Performance] InitializeOnLoad UXMLEditorFactories                                                                           :        2 samples, Peak.  33.2 ms (1.0x), Avg.  32.8 ms, Total. 65.65 ms (0.6%)
[Performance] InitializeOnLoad PurchasingService                                                                             :        2 samples, Peak.  4.35 ms (1.2x), Avg.  3.74 ms, Total. 7.484 ms (0.1%)
[Performance] InitializeOnLoad CloudBuildPoller                                                                              :        2 samples, Peak.  55.5 us (1.1x), Avg.  51.6 us, Total. 103.2 us (0.0%)
[Performance] InitializeOnLoad EditorGameServicesAnalytics                                                                   :        2 samples, Peak.   798 us (1.4x), Avg.   567 us, Total. 1.133 ms (0.0%)
[Performance] InitializeOnLoad AnalyticsService                                                                              :        2 samples, Peak.  89.9 us (1.0x), Avg.  88.9 us, Total. 177.8 us (0.0%)
[Performance] InitializeOnLoad BuildService                                                                                  :        2 samples, Peak.  80.4 us (1.0x), Avg.  76.6 us, Total. 153.2 us (0.0%)
[Performance] InitializeOnLoad AdsService                                                                                    :        2 samples, Peak.   413 us (1.4x), Avg.   295 us, Total. 589.2 us (0.0%)
[Performance] InitializeOnLoad UDPService                                                                                    :        2 samples, Peak.  72.4 us (1.0x), Avg.  71.3 us, Total. 142.6 us (0.0%)
[Performance] InitializeOnLoad CrashService                                                                                  :        2 samples, Peak.  73.3 us (1.0x), Avg.  72.8 us, Total. 145.6 us (0.0%)
[Performance] InitializeOnLoad ServicesRepository                                                                            :        2 samples, Peak.   208 ns (1.0x), Avg.   208 ns, Total. 416.0 ns (0.0%)
[Performance] InitializeOnLoad SearchWindow                                                                                  :        2 samples, Peak.  66.5 us (1.1x), Avg.  59.1 us, Total. 118.3 us (0.0%)
[Performance] InitializeOnLoad CustomIndexers                                                                                :        2 samples, Peak.  12.2 ms (1.2x), Avg.  10.4 ms, Total. 20.72 ms (0.2%)
[Performance] InitializeOnLoad SearchMonitor                                                                                 :        2 samples, Peak.  1.54 ms (1.6x), Avg.   961 us, Total. 1.922 ms (0.0%)
[Performance] InitializeOnLoad ParameterControllerEditor                                                                     :        2 samples, Peak.  11.3 us (1.1x), Avg.  10.2 us, Total. 20.50 us (0.0%)
[Performance] InitializeOnLoad LayerSettingsWindow                                                                           :        2 samples, Peak.  14.9 us (1.7x), Avg.  8.67 us, Total. 17.33 us (0.0%)
[Performance] InitializeOnLoad PackageManagerHookGUIDConverter.RegisterPackagesEventHandler                                  :        2 samples, Peak.   355 us (1.7x), Avg.   209 us, Total. 417.9 us (0.0%)
[Performance] InitializeOnLoad EditorDragAndDrop.RegisterEditorClient                                                        :        2 samples, Peak.   128 us (1.2x), Avg.   110 us, Total. 220.2 us (0.0%)
[Performance] InitializeOnLoad EditorEventCallbacks.InitializeFontAssetResourceChangeCallBacks                               :        2 samples, Peak.   581 us (1.0x), Avg.   564 us, Total. 1.127 ms (0.0%)
[Performance] InitializeOnLoad SceneTemplateService.Init                                                                     :        2 samples, Peak.   649 us (1.0x), Avg.   629 us, Total. 1.259 ms (0.0%)
[Performance] InitializeOnLoad DiagnosticSwitchesConsoleMessage.Init                                                         :        2 samples, Peak.  1.58 ms (1.7x), Avg.   924 us, Total. 1.849 ms (0.0%)
[Performance] InitializeOnLoad PackageManagerWindow.EditorInitializedInSafeMode                                              :        2 samples, Peak.  16.4 ms (2.0x), Avg.  8.23 ms, Total. 16.47 ms (0.2%)
[Performance] InitializeOnLoad ToolShortcutContext.Init                                                                      :        2 samples, Peak.  63.2 us (1.0x), Avg.  62.8 us, Total. 125.5 us (0.0%)
[Performance] InitializeOnLoad MemoryProfilerCompilationGuard.InjectCompileGuard                                             :        2 samples, Peak.  66.2 us (1.3x), Avg.  51.6 us, Total. 103.2 us (0.0%)
[Performance] InitializeOnLoad AssetPostprocessingInternal.RefreshCustomDependencies                                         :        2 samples, Peak.  1.53 ms (1.2x), Avg.  1.24 ms, Total. 2.484 ms (0.0%)
[Performance] InitializeOnLoad SysrootManager.Initialize                                                                     :        2 samples, Peak.   238 us (1.1x), Avg.   222 us, Total. 443.8 us (0.0%)
[Performance] InitializeOnLoad ScopedRegistryAddedPopup.SubscribeToRegistriesAdded                                           :        2 samples, Peak.  4.20 ms (2.0x), Avg.  2.12 ms, Total. 4.244 ms (0.0%)
[Performance] InitializeOnLoad SceneVisibilityManager.Initialize                                                             :        2 samples, Peak.  3.76 ms (1.8x), Avg.  2.08 ms, Total. 4.168 ms (0.0%)
[Performance] InitializeOnLoad EditorWindow.Initialize                                                                       :        2 samples, Peak.   112 us (1.0x), Avg.   108 us, Total. 216.9 us (0.0%)
[Performance] AssemblyReloadEvents.afterAssemblyReload: UnityEditor.SceneTemplate.SceneTemplateService.AfterAssemblyReload   :        2 samples, Peak.  1.82 ms (1.9x), Avg.   978 us, Total. 1.956 ms (0.0%)
[Performance] ProcessService.EditorAfterLoadAllAssemblies                                                                    :        2 samples, Peak.   306 us (1.3x), Avg.   238 us, Total. 476.5 us (0.0%)
[Performance] Application.ReadLicenseInfo                                                                                    :        1 samples, Peak.  14.2 ms (1.0x), Avg.  14.2 ms, Total. 14.24 ms (0.1%)
[Performance] Application.InitialRefresh                                                                                     :        1 samples, Peak.  5.14 s (1.0x), Avg.  5.14 s, Total. 5.141 s (50.7%)
[Performance] Compiling Scripts                                                                                              :        1 samples, Peak.  1.47 s (1.0x), Avg.  1.47 s, Total. 1.469 s (14.5%)
[Performance] AssemblyReloadEvents.beforeAssemblyReload: UnityEditor.SceneTemplate.SceneTemplateService.BeforeAssemblyReload :        1 samples, Peak.   626 us (1.0x), Avg.   626 us, Total. 625.9 us (0.0%)
[Performance] InitializeOnLoad BurstLoader                                                                                   :        1 samples, Peak.  1.45 s (1.0x), Avg.  1.45 s, Total. 1.446 s (14.3%)
[Performance] InitializeOnLoad BackgroundWatcher                                                                             :        1 samples, Peak.   118 us (1.0x), Avg.   118 us, Total. 118.0 us (0.0%)
[Performance] InitializeOnLoad UnityTestProtocolStarter                                                                      :        1 samples, Peak.   121 us (1.0x), Avg.   121 us, Total. 121.3 us (0.0%)
[Performance] InitializeOnLoad TestStarter                                                                                   :        1 samples, Peak.   413 us (1.0x), Avg.   413 us, Total. 412.9 us (0.0%)
[Performance] InitializeOnLoad RerunCallbackInitializer                                                                      :        1 samples, Peak.  1.75 ms (1.0x), Avg.  1.75 ms, Total. 1.753 ms (0.0%)
[Performance] InitializeOnLoad EditorToolManager                                                                             :        1 samples, Peak.  2.13 ms (1.0x), Avg.  2.13 ms, Total. 2.131 ms (0.0%)
[Performance] InitializeOnLoad VSUsageUtility                                                                                :        1 samples, Peak.  10.7 ms (1.0x), Avg.  10.7 ms, Total. 10.72 ms (0.1%)
[Performance] InitializeOnLoad VisualStudioEditor                                                                            :        1 samples, Peak.  7.30 ms (1.0x), Avg.  7.30 ms, Total. 7.303 ms (0.1%)
[Performance] InitializeOnLoad TestRunnerApiListener                                                                         :        1 samples, Peak.   255 us (1.0x), Avg.   255 us, Total. 255.0 us (0.0%)
[Performance] InitializeOnLoad VisualStudioIntegration                                                                       :        1 samples, Peak.   320 us (1.0x), Avg.   320 us, Total. 320.0 us (0.0%)
[Performance] InitializeOnLoad PrefabLayoutRebuilder                                                                         :        1 samples, Peak.   132 us (1.0x), Avg.   132 us, Total. 131.5 us (0.0%)
[Performance] InitializeOnLoad SpriteSkinCompositeStartup                                                                    :        1 samples, Peak.  22.2 ms (1.0x), Avg.  22.2 ms, Total. 22.16 ms (0.2%)
[Performance] InitializeOnLoad RiderScriptEditor                                                                             :        1 samples, Peak.  4.77 ms (1.0x), Avg.  4.77 ms, Total. 4.767 ms (0.0%)
[Performance] InitializeOnLoad CallbackInitializer                                                                           :        1 samples, Peak.   645 us (1.0x), Avg.   645 us, Total. 644.8 us (0.0%)
[Performance] InitializeOnLoad AgentBridgeConsoleBuffer                                                                      :        1 samples, Peak.   378 us (1.0x), Avg.   378 us, Total. 377.7 us (0.0%)
[Performance] InitializeOnLoad SpriteEditorWindow                                                                            :        1 samples, Peak.  1.80 ms (1.0x), Avg.  1.80 ms, Total. 1.797 ms (0.0%)
[Performance] InitializeOnLoad PlasticPlugin                                                                                 :        1 samples, Peak.  54.6 ms (1.0x), Avg.  54.6 ms, Total. 54.60 ms (0.5%)
[Performance] InitializeOnLoad UnityAnalyticsStorage                                                                         :        1 samples, Peak.   270 us (1.0x), Avg.   270 us, Total. 270.3 us (0.0%)
[Performance] InitializeOnLoad BoneGizmoInitializer                                                                          :        1 samples, Peak.  1.65 ms (1.0x), Avg.  1.65 ms, Total. 1.650 ms (0.0%)
[Performance] InitializeOnLoad Analytics                                                                                     :        1 samples, Peak.   138 us (1.0x), Avg.   138 us, Total. 137.7 us (0.0%)
[Performance] InitializeOnLoad ToolbarBootstrap                                                                              :        1 samples, Peak.  49.2 ms (1.0x), Avg.  49.2 ms, Total. 49.25 ms (0.5%)
[Performance] InitializeOnLoad BackgroundImport                                                                              :        1 samples, Peak.  92.9 us (1.0x), Avg.  92.9 us, Total. 92.87 us (0.0%)
[Performance] InitializeOnLoad SceneDragAndDrop                                                                              :        1 samples, Peak.   112 us (1.0x), Avg.   112 us, Total. 111.7 us (0.0%)
[Performance] InitializeOnLoad SpriteShapeUpdateCache                                                                        :        1 samples, Peak.   315 us (1.0x), Avg.   315 us, Total. 315.0 us (0.0%)
[Performance] InitializeOnLoad SpriteShapeUnityAnalyticsStorage                                                              :        1 samples, Peak.  15.7 us (1.0x), Avg.  15.7 us, Total. 15.67 us (0.0%)
[Performance] InitializeOnLoad IKEditorManager.CreateInstance                                                                :        1 samples, Peak.  1.24 ms (1.0x), Avg.  1.24 ms, Total. 1.235 ms (0.0%)
[Performance] InitializeOnLoad $BurstDirectCallInitializer.Initialize                                                        :        7 samples, Peak.  13.3 ms (4.2x), Avg.  3.18 ms, Total. 22.28 ms (0.2%)
[Performance] InitializeOnLoad SceneViewGridManager.Initialize                                                               :        1 samples, Peak.  2.54 ms (1.0x), Avg.  2.54 ms, Total. 2.539 ms (0.0%)
[Performance] InitializeOnLoad TilemapPrefabStageHelper.Initialize                                                           :        1 samples, Peak.   704 us (1.0x), Avg.   704 us, Total. 704.5 us (0.0%)
[Performance] InitializeOnLoad SceneViewOpenTilePaletteHelper.Initialize                                                     :        1 samples, Peak.   960 us (1.0x), Avg.   960 us, Total. 960.5 us (0.0%)
[Performance] InitializeOnLoad TileDragAndDropManager.Initialize                                                             :        1 samples, Peak.   278 us (1.0x), Avg.   278 us, Total. 277.6 us (0.0%)
[Performance] InitializeOnLoad BackgroundImport.Setup                                                                        :        1 samples, Peak.   600 us (1.0x), Avg.   600 us, Total. 600.2 us (0.0%)
[Performance] InitializeOnLoad AgentBridgeCommandRunner.RegisterUpdate                                                       :        1 samples, Peak.   347 us (1.0x), Avg.   347 us, Total. 347.4 us (0.0%)
[Performance] InitializeOnLoad TestJobDataHolder.ResumeRunningJobs                                                           :        1 samples, Peak.   392 us (1.0x), Avg.   392 us, Total. 392.5 us (0.0%)
[Performance] InitializeOnLoad AnalyticsReporter.RegisterCallbacks                                                           :        1 samples, Peak.   120 us (1.0x), Avg.   120 us, Total. 119.8 us (0.0%)
[Performance] InitializeOnLoad VisualStudioEditor.LegacyVisualStudioCodePackageDisabler                                      :        1 samples, Peak.   136 us (1.0x), Avg.   136 us, Total. 136.0 us (0.0%)
[Performance] DidReloadScriptsTestRunnerWindow.CompilationCallback                                                           :        1 samples, Peak.   232 us (1.0x), Avg.   232 us, Total. 231.7 us (0.0%)
[Performance] DidReloadScriptsTestListCache.ScriptReloaded                                                                   :        1 samples, Peak.   645 us (1.0x), Avg.   645 us, Total. 644.5 us (0.0%)
[Performance] DidReloadScriptsAdvancedDropdownWindow.OnScriptReload                                                          :        1 samples, Peak.   114 us (1.0x), Avg.   114 us, Total. 114.2 us (0.0%)
[Performance] AssemblyReloadEvents.afterAssemblyReload: UnityEditor.U2D.Animation.BoneGizmo.OnAfterAssemblyReload            :        1 samples, Peak.   460 us (1.0x), Avg.   460 us, Total. 460.4 us (0.0%)
[Performance] SyncVS.PostprocessSyncProject                                                                                  :        1 samples, Peak.  54.9 us (1.0x), Avg.  54.9 us, Total. 54.88 us (0.0%)
[Performance] Application.ImportPackagesAndSetTemplateWhenCreatingProject                                                    :        1 samples, Peak.  34.1 ms (1.0x), Avg.  34.1 ms, Total. 34.13 ms (0.3%)
[Performance] Application.SyncCurrentColorSpace                                                                              :        1 samples, Peak.  19.8 ms (1.0x), Avg.  19.8 ms, Total. 19.77 ms (0.2%)
[Performance] Application.OnUsbDevicesChanged                                                                                :        1 samples, Peak.   772 us (1.0x), Avg.   772 us, Total. 772.0 us (0.0%)
[Performance] Application.AssetInstanceCacheUpdate                                                                           :        1 samples, Peak.  41.0 ns (1.0x), Avg.  41.0 ns, Total. 41.00 ns (0.0%)
[Performance] Application.UnityExtensions.Initialize                                                                         :        1 samples, Peak.  4.12 ms (1.0x), Avg.  4.12 ms, Total. 4.122 ms (0.0%)
[Performance] CodeEditorProjectSync.SyncEditorProject                                                                        :        1 samples, Peak.  49.5 us (1.0x), Avg.  49.5 us, Total. 49.50 us (0.0%)
[Performance] Application.ExecuteStartups                                                                                    :        1 samples, Peak.  41.6 ms (1.0x), Avg.  41.6 ms, Total. 41.55 ms (0.4%)
[Performance] Menu.RegisterMenuInterface                                                                                     :       26 samples, Peak.  2.04 us (8.7x), Avg.   234 ns, Total. 6.084 us (0.0%)
[Performance] Gizmo.RebuildRenderers                                                                                         :        1 samples, Peak.  39.6 ms (1.0x), Avg.  39.6 ms, Total. 39.56 ms (0.4%)
[Performance] Gizmo.AddGizmoRenderers                                                                                        :       86 samples, Peak.  2.99 ms (54.4x), Avg.  54.9 us, Total. 4.725 ms (0.0%)
[Performance] Application.editorInitializingProject                                                                          :        1 samples, Peak.  17.4 ms (1.0x), Avg.  17.4 ms, Total. 17.44 ms (0.2%)
[Performance] Application.InitializeMenu                                                                                     :        1 samples, Peak.  58.1 ms (1.0x), Avg.  58.1 ms, Total. 58.05 ms (0.6%)
[Performance] Menu.RebuildAll                                                                                                :        1 samples, Peak.  58.0 ms (1.0x), Avg.  58.0 ms, Total. 58.04 ms (0.6%)
[Performance] Menu.BuildRegisteredMenuInterfaces                                                                             :        1 samples, Peak.  57.7 ms (1.0x), Avg.  57.7 ms, Total. 57.67 ms (0.6%)
[Performance] Menu.FilterMenuItem                                                                                            :      682 samples, Peak.  34.4 ms (674.0x), Avg.  51.0 us, Total. 34.77 ms (0.3%)
[Performance] UpdateAllMenus                                                                                                 :        1 samples, Peak.   328 us (1.0x), Avg.   328 us, Total. 327.6 us (0.0%)
[Performance] EditorSceneManager.sceneClosing: UnityEditor.SceneVisibilityManager.EditorSceneManagerOnSceneClosing           :        1 samples, Peak.   139 us (1.0x), Avg.   139 us, Total. 139.0 us (0.0%)
[Performance] GUIView.RepaintAll.PlayerLoopController                                                                        :        1 samples, Peak.   709 ns (1.0x), Avg.   709 ns, Total. 709.0 ns (0.0%)
[Performance] EditorSceneManager.newSceneCreated: UnityEditor.SceneTemplate.SceneTemplateService.OnNewSceneCreated           :        1 samples, Peak.   123 us (1.0x), Avg.   123 us, Total. 122.6 us (0.0%)
[Performance] EditorSceneManager.newSceneCreated: UnityEditor.SceneVisibilityManager.EditorSceneManagerOnNewSceneCreated     :        1 samples, Peak.  80.0 us (1.0x), Avg.  80.0 us, Total. 79.96 us (0.0%)
[Performance] EditorSceneManager.newSceneCreated: UnityEditor.SceneManagement.StageNavigationManager.OnNewSceneCreated       :        1 samples, Peak.  29.5 us (1.0x), Avg.  29.5 us, Total. 29.46 us (0.0%)
[Performance] Application.InvokeFinishedLoadingProject                                                                       :        1 samples, Peak.  9.20 ms (1.0x), Avg.  9.20 ms, Total. 9.203 ms (0.1%)
[Performance] ProcessService.OnProjectLoaded                                                                                 :        1 samples, Peak.  40.0 us (1.0x), Avg.  40.0 us, Total. 40.00 us (0.0%)
[Performance] VersionControl.Task.Wait                                                                                       :        1 samples, Peak.   141 us (1.0x), Avg.   141 us, Total. 140.9 us (0.0%)
[Performance] EditorApplication.quitting: Unity.Burst.Editor.BurstLoader.OnEditorApplicationQuitting                         :        1 samples, Peak.  20.8 us (1.0x), Avg.  20.8 us, Total. 20.79 us (0.0%)
[Performance] EditorApplication.quitting: UnityEditor.Tilemaps.SceneViewGridManager.EditorQuitting                           :        1 samples, Peak.  50.0 us (1.0x), Avg.  50.0 us, Total. 49.96 us (0.0%)
[Performance] EditorApplication.quitting: callback in UnityEditor.TextCore.Text.EditorEventCallbacks                         :        1 samples, Peak.  9.06 ms (1.0x), Avg.  9.06 ms, Total. 9.061 ms (0.1%)
[Performance] Application.Shutdown.PauseProfilerSession                                                                      :        1 samples, Peak.  2.24 ms (1.0x), Avg.  2.24 ms, Total. 2.243 ms (0.0%)
[Performance] Application.Shutdown.PauseAssetImportWorkers                                                                   :        1 samples, Peak.  72.2 us (1.0x), Avg.  72.2 us, Total. 72.21 us (0.0%)
[Performance] Application.Shutdown.SaveAssets                                                                                :        1 samples, Peak.  5.41 ms (1.0x), Avg.  5.41 ms, Total. 5.415 ms (0.1%)
[Performance] PaletteAssetModificationProcessor.OnWillSaveAssets                                                             :        1 samples, Peak.  1.08 ms (1.0x), Avg.  1.08 ms, Total. 1.081 ms (0.0%)
[Performance] StateMacroSavedEvent.OnWillSaveAssets                                                                          :        1 samples, Peak.  86.5 us (1.0x), Avg.  86.5 us, Total. 86.54 us (0.0%)
[Performance] AssetModificationProcessor.OnWillSaveAssets                                                                    :        1 samples, Peak.   215 us (1.0x), Avg.   215 us, Total. 215.0 us (0.0%)
[Performance] UnityCloudProjectLinkMonitor.OnWillSaveAssets                                                                  :        1 samples, Peak.   143 us (1.0x), Avg.   143 us, Total. 142.7 us (0.0%)
[Performance] FlowMacroSavedEvent.OnWillSaveAssets                                                                           :        1 samples, Peak.  84.8 us (1.0x), Avg.  84.8 us, Total. 84.79 us (0.0%)
[Performance] BuilderAssetModificationProcessor.OnWillSaveAssets                                                             :        1 samples, Peak.   232 us (1.0x), Avg.   232 us, Total. 231.7 us (0.0%)
[Performance] TerrainModificationProcessor.OnWillSaveAssets                                                                  :        1 samples, Peak.   350 us (1.0x), Avg.   350 us, Total. 349.7 us (0.0%)
[Performance] AssetDatabase.ImportAssets                                                                                     :        2 samples, Peak.   167 ns (1.6x), Avg.   105 ns, Total. 209.0 ns (0.0%)
[Performance] Application.Shutdown.CleanupRenderPipeline                                                                     :        1 samples, Peak.  2.25 us (1.0x), Avg.  2.25 us, Total. 2.250 us (0.0%)
[Performance] Application.Shutdown.StopPreloadManager                                                                        :        1 samples, Peak.  10.3 ms (1.0x), Avg.  10.3 ms, Total. 10.32 ms (0.1%)
[Performance] Application.Shutdown.DestroyWorld                                                                              :        1 samples, Peak.   275 us (1.0x), Avg.   275 us, Total. 275.4 us (0.0%)
[Performance] Application.Shutdown.CleanupAfterLoad                                                                          :        1 samples, Peak.  90.4 ms (1.0x), Avg.  90.4 ms, Total. 90.35 ms (0.9%)
[Performance] Application.Shutdown.Progress                                                                                  :        1 samples, Peak.  4.92 us (1.0x), Avg.  4.92 us, Total. 4.917 us (0.0%)
[Performance] Application.Shutdown.GICleanupManagers                                                                         :        1 samples, Peak.  2.20 ms (1.0x), Avg.  2.20 ms, Total. 2.201 ms (0.0%)
[Performance] Application.Shutdown.MenuCleanupClass                                                                          :        1 samples, Peak.  62.9 us (1.0x), Avg.  62.9 us, Total. 62.87 us (0.0%)
[Performance] Application.Shutdown.ADBSaveStateBeforeShutdown                                                                :        1 samples, Peak.  6.04 us (1.0x), Avg.  6.04 us, Total. 6.042 us (0.0%)
[Performance] Application.Shutdown.RemoteShutdown                                                                            :        1 samples, Peak.   542 ns (1.0x), Avg.   542 ns, Total. 542.0 ns (0.0%)
[Performance] Application.Shutdown.CleanupVCProvider                                                                         :        1 samples, Peak.   210 us (1.0x), Avg.   210 us, Total. 209.9 us (0.0%)
[Performance] Application.Shutdown.InputShutdown                                                                             :        1 samples, Peak.  87.5 us (1.0x), Avg.  87.5 us, Total. 87.54 us (0.0%)
[Performance] Application.Shutdown.GizmoManagerDestroy                                                                       :        1 samples, Peak.   459 us (1.0x), Avg.   459 us, Total. 458.6 us (0.0%)
[Performance] Application.Shutdown.ProfilerSession                                                                           :        1 samples, Peak.   304 us (1.0x), Avg.   304 us, Total. 304.3 us (0.0%)
[Performance] Application.Shutdown.ReleaseGfxWindowOnAllGUIViews                                                             :        1 samples, Peak.   292 ns (1.0x), Avg.   292 ns, Total. 292.0 ns (0.0%)
[Performance] Application.Shutdown.CleanupEngine                                                                             :        1 samples, Peak.   152 ms (1.0x), Avg.   152 ms, Total. 152.0 ms (1.5%)
[Performance] Application.Shutdown.CleanupAssetDatabase                                                                      :        1 samples, Peak.  3.09 ms (1.0x), Avg.  3.09 ms, Total. 3.088 ms (0.0%)
[Performance] Application.Shutdown.ScriptCompilationCleanUp                                                                  :        1 samples, Peak.  23.4 us (1.0x), Avg.  23.4 us, Total. 23.37 us (0.0%)
[Performance] Application.Shutdown.DestroyJobSystem                                                                          :        1 samples, Peak.   226 us (1.0x), Avg.   226 us, Total. 226.2 us (0.0%)
[Performance] Application.Shutdown.CleanupPersistentManager                                                                  :        1 samples, Peak.   922 us (1.0x), Avg.   922 us, Total. 921.7 us (0.0%)
[Performance] Application.Shutdown.CleanupAsyncReadManager                                                                   :        1 samples, Peak.  54.0 us (1.0x), Avg.  54.0 us, Total. 53.96 us (0.0%)
[Performance] Application.Shutdown.CleanupMono                                                                               :        1 samples, Peak.   178 ms (1.0x), Avg.   178 ms, Total. 177.6 ms (1.7%)
[Performance] Application.Shutdown.CleanupStdConverters                                                                      :        1 samples, Peak.   193 us (1.0x), Avg.   193 us, Total. 193.4 us (0.0%)
[Performance] Application.Shutdown.UnloadAllPlatformSupportModuleNativeDlls                                                  :        1 samples, Peak.   292 ns (1.0x), Avg.   292 ns, Total. 292.0 ns (0.0%)
[Performance] Application.Shutdown.UnloadAllPlatformSupportNativeLibraries                                                   :        1 samples, Peak.   167 ns (1.0x), Avg.   167 ns, Total. 167.0 ns (0.0%)
[Performance] Application.Shutdown.CleanupAutoDocumentation                                                                  :        1 samples, Peak.   112 us (1.0x), Avg.   112 us, Total. 112.2 us (0.0%)
[Performance] Application.Shutdown.ShaderNameManagerDestroy                                                                  :        1 samples, Peak.   165 us (1.0x), Avg.   165 us, Total. 165.4 us (0.0%)
[Performance] Application.Shutdown.CleanupCacheServer                                                                        :        1 samples, Peak.   292 ns (1.0x), Avg.   292 ns, Total. 292.0 ns (0.0%)
[Performance] Application.Shutdown.Virtualization_Shutdown                                                                   :        1 samples, Peak.   292 ns (1.0x), Avg.   292 ns, Total. 292.0 ns (0.0%)
[Performance] Application.Shutdown.DevConnections                                                                            :        1 samples, Peak.  57.8 us (1.0x), Avg.  57.8 us, Total. 57.79 us (0.0%)
Exiting batchmode successfully now!
[Package Manager] Server::Kill -- Server was shutdown
