Unity Editor version:    2022.3.62f3 (96770f904ca7)
Branch:                  2022.3/respin/2022.3.62f2-4af31df585-v2
Build type:              Release
Batch mode:              YES
macOS version:           Version 26.2 (Build 25C56)
Darwin version:          25.2.0
Architecture:            arm64
Running under Rosetta:   NO
Available memory:        16384 MB
[Licensing::Module] Trying to connect to existing licensing client channel...
[Licensing::IpcConnector] Successfully connected to: "LicenseClient-javier" at "2026-04-07T19:57:32.444461Z"
[Licensing::Client] Code 10 while verifying Licensing Client signature (process Id: 72507, path: "/Applications/Unity Hub.app/Contents/Frameworks/UnityLicensingClient_V1.app/Contents/MacOS/Unity.Licensing.Client")
[Licensing::Module] LicensingClient has failed validation; ignoring
[Licensing::Client] Handshaking with LicensingClient:
  Version:                 1.17.4+4293ba1
  Session Id:              7bda92c729d3412cab979a9e991fbe95
  Correlation Id:          9bbe90115c678325e2b36896e33a71b2
  External correlation Id: 7738916969109798692
  Machine Id:              +Vn0pNWN46B39Ty87qLnItAcYFE=
[Licensing::Module] Successfully connected to LicensingClient on channel: "LicenseClient-javier" (connect: 0.00s, validation: 0.02s, handshake: 0.37s)
[Licensing::IpcConnector] Successfully connected to: "LicenseClient-javier-notifications" at "2026-04-07T19:57:32.834965Z"
[Licensing::Module] Error: Access token is unavailable; failed to update
[Licensing::Client] Successfully updated license
[Licensing::Client] Successfully resolved entitlement details
[Licensing::Module] Serial number assigned to: "4673632444958-UnityPersXXXX"
Pro License: NO
[Licensing::Client] Successfully resolved entitlement details
Launching external process: /Applications/Unity/Hub/Editor/2022.3.62f3/Unity.app/Contents/Resources/PackageManager/Server/UnityPackageManager

COMMAND LINE ARGUMENTS:
/Applications/Unity/Hub/Editor/2022.3.62f3/Unity.app/Contents/MacOS/Unity
-batchmode
-nographics
-quit
-projectPath
/Users/javier/bacayo-studio/territory-developer
-logFile
/Users/javier/bacayo-studio/territory-developer/tools/reports/unity-compile-check-20260407-195732.log
Successfully changed project path to: /Users/javier/bacayo-studio/territory-developer
/Users/javier/bacayo-studio/territory-developer
It looks like another Unity instance is running with this project open.

Multiple Unity instances cannot open the same project.

Project: /Users/javier/bacayo-studio/territory-developer
Fatal Error! It looks like another Unity instance is running with this project open.

Multiple Unity instances cannot open the same project.

Project: /Users/javier/bacayo-studio/territory-developer
[Package Manager] Server::Kill -- Server was shutdown
