Unity Editor version:    2022.3.62f3 (96770f904ca7)
Branch:                  2022.3/respin/2022.3.62f2-4af31df585-v2
Build type:              Release
Batch mode:              YES
macOS version:           Version 26.2 (Build 25C56)
Darwin version:          25.2.0
Architecture:            arm64
Running under Rosetta:   NO
Available memory:        16384 MB
[Licensing::Module] Trying to connect to existing licensing client channel...
[Licensing::IpcConnector] Channel LicenseClient-javier doesn't exist
Launching external process: /Applications/Unity/Hub/Editor/2022.3.62f3/Unity.app/Contents/Frameworks/UnityLicensingClient.app/Contents/MacOS/Unity.Licensing.Client
[Licensing::Module] Successfully launched the LicensingClient (PId: 52232)
[Licensing::IpcConnector] Successfully connected to: "LicenseClient-javier" at "2026-04-07T18:14:27.537419Z"
[Licensing::Client] Code 10 while verifying Licensing Client signature (process Id: 52232, path: "/Applications/Unity/Hub/Editor/2022.3.62f3/Unity.app/Contents/Frameworks/UnityLicensingClient.app/Contents/MacOS/Unity.Licensing.Client")
[Licensing::Module] LicensingClient has failed validation; ignoring
[Licensing::Client] Handshaking with LicensingClient:
  Version:                 1.16.2+bdef8f5
  Session Id:              9c1b13840d3c4c1484c2f58aabecbf03
  Correlation Id:          acb99cc624e4d25fd05b3357267d59cc
  External correlation Id: 865804430132436500
  Machine Id:              +Vn0pNWN46B39Ty87qLnItAcYFE=
[Licensing::Module] Successfully connected to LicensingClient on channel: "LicenseClient-javier" (connect: 0.59s, validation: 0.04s, handshake: 0.29s)
[Licensing::IpcConnector] Successfully connected to: "LicenseClient-javier-notifications" at "2026-04-07T18:14:27.872253Z"
[Licensing::Module] Connected to LicensingClient (PId: 52232, launch time: 0.00, total connection time: 0.92s)
[Licensing::Module] Error: Access token is unavailable; failed to update
[Licensing::Client] Error: Code 500 while processing request (status: Unable to update licenses. Errors: No ULF license found.,Token not found in cache)
[Licensing::Client] Error: Code 500 while updating license in client (status: Unable to update licenses. Errors: No ULF license found.,Token not found in cache)
[Licensing::Client] Successfully resolved entitlement details
[Licensing::Module] Serial number assigned to: "4673632444958-UnityPersXXXX"
Pro License: NO
[Licensing::Client] Successfully resolved entitlement details
Launching external process: /Applications/Unity/Hub/Editor/2022.3.62f3/Unity.app/Contents/Resources/PackageManager/Server/UnityPackageManager

COMMAND LINE ARGUMENTS:
/Applications/Unity/Hub/Editor/2022.3.62f3/Unity.app/Contents/MacOS/Unity
-batchmode
-nographics
-quit
-projectPath
/Users/javier/bacayo-studio/territory-developer
-logFile
/Users/javier/bacayo-studio/territory-developer/tools/reports/unity-compile-check-20260407-181426.log
Successfully changed project path to: /Users/javier/bacayo-studio/territory-developer
/Users/javier/bacayo-studio/territory-developer
[UnityMemory] Configuration Parameters - Can be set up in boot.config
    "memorysetup-bucket-allocator-granularity=16"
    "memorysetup-bucket-allocator-bucket-count=8"
    "memorysetup-bucket-allocator-block-size=33554432"
    "memorysetup-bucket-allocator-block-count=8"
    "memorysetup-main-allocator-block-size=16777216"
    "memorysetup-thread-allocator-block-size=16777216"
    "memorysetup-gfx-main-allocator-block-size=16777216"
    "memorysetup-gfx-thread-allocator-block-size=16777216"
    "memorysetup-cache-allocator-block-size=4194304"
    "memorysetup-typetree-allocator-block-size=2097152"
    "memorysetup-profiler-bucket-allocator-granularity=16"
    "memorysetup-profiler-bucket-allocator-bucket-count=8"
    "memorysetup-profiler-bucket-allocator-block-size=33554432"
    "memorysetup-profiler-bucket-allocator-block-count=8"
    "memorysetup-profiler-allocator-block-size=16777216"
    "memorysetup-profiler-editor-allocator-block-size=1048576"
    "memorysetup-temp-allocator-size-main=16777216"
    "memorysetup-job-temp-allocator-block-size=2097152"
    "memorysetup-job-temp-allocator-block-size-background=1048576"
    "memorysetup-job-temp-allocator-reduction-small-platforms=262144"
    "memorysetup-allocator-temp-initial-block-size-main=262144"
    "memorysetup-allocator-temp-initial-block-size-worker=262144"
    "memorysetup-temp-allocator-size-background-worker=32768"
    "memorysetup-temp-allocator-size-job-worker=262144"
    "memorysetup-temp-allocator-size-preload-manager=33554432"
    "memorysetup-temp-allocator-size-nav-mesh-worker=65536"
    "memorysetup-temp-allocator-size-audio-worker=65536"
    "memorysetup-temp-allocator-size-cloud-worker=32768"
    "memorysetup-temp-allocator-size-gi-baking-worker=262144"
    "memorysetup-temp-allocator-size-gfx=262144"
Player connection [8715136064]  Target information:

Player connection [8715136064]  * "[IP] 192.168.1.11 [Port] 55504 [Flags] 2 [Guid] 2978689577 [EditorId] 2978689577 [Version] 1048832 [Id] OSXEditor(0,Javiers-MacBook-Pro.local) [Debug] 1 [PackageName] OSXEditor [ProjectName] Editor" 

Player connection [8715136064] Host joined multi-casting on [225.0.0.222:54997]...
Player connection [8715136064] Host joined alternative multi-casting on [225.0.0.222:34997]...
Input System module state changed to: Initialized.
[PhysX] Initialized MultithreadedTaskDispatcher with 10 workers.
[Package Manager] UpmClient::Connect -- Connected to IPC stream "Upm-52231" after 0.6 seconds.
[Package Manager] Restoring resolved packages state from cache
[Licensing::Client] Successfully resolved entitlement details
[Package Manager] Registered 55 packages:
  Packages from [https://packages.unity.com]:
    com.unity.collab-proxy@2.7.1 (location: /Users/javier/bacayo-studio/territory-developer/Library/PackageCache/com.unity.collab-proxy@2.7.1)
    com.unity.device-simulator.devices@1.0.0 (location: /Users/javier/bacayo-studio/territory-developer/Library/PackageCache/com.unity.device-simulator.devices@1.0.0)
    com.unity.ide.rider@3.0.36 (location: /Users/javier/bacayo-studio/territory-developer/Library/PackageCache/com.unity.ide.rider@3.0.36)
    com.unity.ide.visualstudio@2.0.22 (location: /Users/javier/bacayo-studio/territory-developer/Library/PackageCache/com.unity.ide.visualstudio@2.0.22)
    com.unity.test-framework@1.1.33 (location: /Users/javier/bacayo-studio/territory-developer/Library/PackageCache/com.unity.test-framework@1.1.33)
    com.unity.textmeshpro@3.0.7 (location: /Users/javier/bacayo-studio/territory-developer/Library/PackageCache/com.unity.textmeshpro@3.0.7)
    com.unity.timeline@1.7.7 (location: /Users/javier/bacayo-studio/territory-developer/Library/PackageCache/com.unity.timeline@1.7.7)
    com.unity.visualscripting@1.9.4 (location: /Users/javier/bacayo-studio/territory-developer/Library/PackageCache/com.unity.visualscripting@1.9.4)
    com.unity.ext.nunit@1.0.6 (location: /Users/javier/bacayo-studio/territory-developer/Library/PackageCache/com.unity.ext.nunit@1.0.6)
    com.unity.2d.animation@9.2.0 (location: /Users/javier/bacayo-studio/territory-developer/Library/PackageCache/com.unity.2d.animation@9.2.0)
    com.unity.2d.pixel-perfect@5.1.0 (location: /Users/javier/bacayo-studio/territory-developer/Library/PackageCache/com.unity.2d.pixel-perfect@5.1.0)
    com.unity.2d.psdimporter@8.1.0 (location: /Users/javier/bacayo-studio/territory-developer/Library/PackageCache/com.unity.2d.psdimporter@8.1.0)
    com.unity.2d.spriteshape@9.1.0 (location: /Users/javier/bacayo-studio/territory-developer/Library/PackageCache/com.unity.2d.spriteshape@9.1.0)
    com.unity.2d.tilemap.extras@3.1.3 (location: /Users/javier/bacayo-studio/territory-developer/Library/PackageCache/com.unity.2d.tilemap.extras@3.1.3)
    com.unity.2d.aseprite@1.1.9 (location: /Users/javier/bacayo-studio/territory-developer/Library/PackageCache/com.unity.2d.aseprite@1.1.9)
    com.unity.2d.common@8.1.0 (location: /Users/javier/bacayo-studio/territory-developer/Library/PackageCache/com.unity.2d.common@8.1.0)
    com.unity.mathematics@1.2.6 (location: /Users/javier/bacayo-studio/territory-developer/Library/PackageCache/com.unity.mathematics@1.2.6)
    com.unity.collections@1.2.4 (location: /Users/javier/bacayo-studio/territory-developer/Library/PackageCache/com.unity.collections@1.2.4)
    com.unity.burst@1.8.21 (location: /Users/javier/bacayo-studio/territory-developer/Library/PackageCache/com.unity.burst@1.8.21)
  Built-in packages:
    com.unity.feature.2d@2.0.1 (location: /Users/javier/bacayo-studio/territory-developer/Library/PackageCache/com.unity.feature.2d@2.0.1)
    com.unity.ugui@1.0.0 (location: /Users/javier/bacayo-studio/territory-developer/Library/PackageCache/com.unity.ugui@1.0.0)
    com.unity.modules.ai@1.0.0 (location: /Users/javier/bacayo-studio/territory-developer/Library/PackageCache/com.unity.modules.ai@1.0.0)
    com.unity.modules.androidjni@1.0.0 (location: /Users/javier/bacayo-studio/territory-developer/Library/PackageCache/com.unity.modules.androidjni@1.0.0)
    com.unity.modules.animation@1.0.0 (location: /Users/javier/bacayo-studio/territory-developer/Library/PackageCache/com.unity.modules.animation@1.0.0)
    com.unity.modules.assetbundle@1.0.0 (location: /Users/javier/bacayo-studio/territory-developer/Library/PackageCache/com.unity.modules.assetbundle@1.0.0)
    com.unity.modules.audio@1.0.0 (location: /Users/javier/bacayo-studio/territory-developer/Library/PackageCache/com.unity.modules.audio@1.0.0)
    com.unity.modules.cloth@1.0.0 (location: /Users/javier/bacayo-studio/territory-developer/Library/PackageCache/com.unity.modules.cloth@1.0.0)
    com.unity.modules.director@1.0.0 (location: /Users/javier/bacayo-studio/territory-developer/Library/PackageCache/com.unity.modules.director@1.0.0)
    com.unity.modules.imageconversion@1.0.0 (location: /Users/javier/bacayo-studio/territory-developer/Library/PackageCache/com.unity.modules.imageconversion@1.0.0)
    com.unity.modules.imgui@1.0.0 (location: /Users/javier/bacayo-studio/territory-developer/Library/PackageCache/com.unity.modules.imgui@1.0.0)
    com.unity.modules.jsonserialize@1.0.0 (location: /Users/javier/bacayo-studio/territory-developer/Library/PackageCache/com.unity.modules.jsonserialize@1.0.0)
    com.unity.modules.particlesystem@1.0.0 (location: /Users/javier/bacayo-studio/territory-developer/Library/PackageCache/com.unity.modules.particlesystem@1.0.0)
    com.unity.modules.physics@1.0.0 (location: /Users/javier/bacayo-studio/territory-developer/Library/PackageCache/com.unity.modules.physics@1.0.0)
    com.unity.modules.physics2d@1.0.0 (location: /Users/javier/bacayo-studio/territory-developer/Library/PackageCache/com.unity.modules.physics2d@1.0.0)
    com.unity.modules.screencapture@1.0.0 (location: /Users/javier/bacayo-studio/territory-developer/Library/PackageCache/com.unity.modules.screencapture@1.0.0)
    com.unity.modules.terrain@1.0.0 (location: /Users/javier/bacayo-studio/territory-developer/Library/PackageCache/com.unity.modules.terrain@1.0.0)
    com.unity.modules.terrainphysics@1.0.0 (location: /Users/javier/bacayo-studio/territory-developer/Library/PackageCache/com.unity.modules.terrainphysics@1.0.0)
    com.unity.modules.tilemap@1.0.0 (location: /Users/javier/bacayo-studio/territory-developer/Library/PackageCache/com.unity.modules.tilemap@1.0.0)
    com.unity.modules.ui@1.0.0 (location: /Users/javier/bacayo-studio/territory-developer/Library/PackageCache/com.unity.modules.ui@1.0.0)
    com.unity.modules.uielements@1.0.0 (location: /Users/javier/bacayo-studio/territory-developer/Library/PackageCache/com.unity.modules.uielements@1.0.0)
    com.unity.modules.umbra@1.0.0 (location: /Users/javier/bacayo-studio/territory-developer/Library/PackageCache/com.unity.modules.umbra@1.0.0)
    com.unity.modules.unityanalytics@1.0.0 (location: /Users/javier/bacayo-studio/territory-developer/Library/PackageCache/com.unity.modules.unityanalytics@1.0.0)
    com.unity.modules.unitywebrequest@1.0.0 (location: /Users/javier/bacayo-studio/territory-developer/Library/PackageCache/com.unity.modules.unitywebrequest@1.0.0)
    com.unity.modules.unitywebrequestassetbundle@1.0.0 (location: /Users/javier/bacayo-studio/territory-developer/Library/PackageCache/com.unity.modules.unitywebrequestassetbundle@1.0.0)
    com.unity.modules.unitywebrequestaudio@1.0.0 (location: /Users/javier/bacayo-studio/territory-developer/Library/PackageCache/com.unity.modules.unitywebrequestaudio@1.0.0)
    com.unity.modules.unitywebrequesttexture@1.0.0 (location: /Users/javier/bacayo-studio/territory-developer/Library/PackageCache/com.unity.modules.unitywebrequesttexture@1.0.0)
    com.unity.modules.unitywebrequestwww@1.0.0 (location: /Users/javier/bacayo-studio/territory-developer/Library/PackageCache/com.unity.modules.unitywebrequestwww@1.0.0)
    com.unity.modules.vehicles@1.0.0 (location: /Users/javier/bacayo-studio/territory-developer/Library/PackageCache/com.unity.modules.vehicles@1.0.0)
    com.unity.modules.video@1.0.0 (location: /Users/javier/bacayo-studio/territory-developer/Library/PackageCache/com.unity.modules.video@1.0.0)
    com.unity.modules.vr@1.0.0 (location: /Users/javier/bacayo-studio/territory-developer/Library/PackageCache/com.unity.modules.vr@1.0.0)
    com.unity.modules.wind@1.0.0 (location: /Users/javier/bacayo-studio/territory-developer/Library/PackageCache/com.unity.modules.wind@1.0.0)
    com.unity.modules.xr@1.0.0 (location: /Users/javier/bacayo-studio/territory-developer/Library/PackageCache/com.unity.modules.xr@1.0.0)
    com.unity.modules.subsystems@1.0.0 (location: /Users/javier/bacayo-studio/territory-developer/Library/PackageCache/com.unity.modules.subsystems@1.0.0)
    com.unity.2d.sprite@1.0.0 (location: /Users/javier/bacayo-studio/territory-developer/Library/PackageCache/com.unity.2d.sprite@1.0.0)
    com.unity.2d.tilemap@1.0.0 (location: /Users/javier/bacayo-studio/territory-developer/Library/PackageCache/com.unity.2d.tilemap@1.0.0)
[Subsystems] No new subsystems found in resolved package list.
Package Manager log level set to [2]
[Package Manager] Done registering packages in 0.11 seconds
Refreshing native plugins compatible for Editor in 15.32 ms, found 3 plugins.
Preloading 0 native plugins for Editor in 0.00 ms.
Initialize engine version: 2022.3.62f3 (96770f904ca7)
[Subsystems] Discovering subsystems at path /Applications/Unity/Hub/Editor/2022.3.62f3/Unity.app/Contents/Resources/UnitySubsystems
[Subsystems] Discovering subsystems at path /Users/javier/bacayo-studio/territory-developer/Assets
Forcing GfxDevice: Null
GfxDevice: creating device client; threaded=0; jobified=0
NullGfxDevice:
    Version:  NULL 1.0 [1.0]
    Renderer: Null Device
    Vendor:   Unity Technologies
[Licensing::Client] Successfully resolved entitlement details
Initialize mono
Mono path[0] = '/Applications/Unity/Hub/Editor/2022.3.62f3/Unity.app/Contents/Managed'
Mono path[1] = '/Applications/Unity/Hub/Editor/2022.3.62f3/Unity.app/Contents/MonoBleedingEdge/lib/mono/unityjit-macos'
Mono config path = '/Applications/Unity/Hub/Editor/2022.3.62f3/Unity.app/Contents/MonoBleedingEdge/etc'
Using monoOptions --debugger-agent=transport=dt_socket,embedding=1,server=y,suspend=n,address=127.0.0.1:56231
Using cacheserver namespaces - metadata:defaultmetadata, artifacts:defaultartifacts
Using cacheserver namespaces - metadata:defaultmetadata, artifacts:defaultartifacts
ImportWorker Server TCP listen port: 0
Begin MonoManager ReloadAssembly
Registering precompiled unity dll's ...
Register platform support module: /Applications/Unity/Hub/Editor/2022.3.62f3/Unity.app/Contents/PlaybackEngines/MacStandaloneSupport/UnityEditor.OSXStandalone.Extensions.dll
Registered in 0.001649 seconds.
- Loaded All Assemblies, in  0.295 seconds
Native extension for OSXStandalone target not found
Mono: successfully reloaded assembly
- Finished resetting the current domain, in  0.149 seconds
Domain Reload Profiling: 444ms
	BeginReloadAssembly (128ms)
		ExecutionOrderSort (0ms)
		DisableScriptedObjects (0ms)
		BackupInstance (0ms)
		ReleaseScriptingObjects (0ms)
		CreateAndSetChildDomain (1ms)
	RebuildCommonClasses (25ms)
	RebuildNativeTypeToScriptingClass (7ms)
	initialDomainReloadingComplete (38ms)
	LoadAllAssembliesAndSetupDomain (96ms)
		LoadAssemblies (127ms)
		RebuildTransferFunctionScriptingTraits (0ms)
		AnalyzeDomain (94ms)
			TypeCache.Refresh (92ms)
				TypeCache.ScanAssembly (80ms)
			ScanForSourceGeneratedMonoScriptInfo (0ms)
			ResolveRequiredComponents (1ms)
	FinalizeReload (149ms)
		ReleaseScriptCaches (0ms)
		RebuildScriptCaches (0ms)
		SetupLoadedEditorAssemblies (122ms)
			LogAssemblyErrors (0ms)
			InitializePlatformSupportModulesInManaged (7ms)
			SetLoadedEditorAssemblies (4ms)
			RefreshPlugins (0ms)
			BeforeProcessingInitializeOnLoad (1ms)
			ProcessInitializeOnLoadAttributes (82ms)
			ProcessInitializeOnLoadMethodAttributes (28ms)
			AfterProcessingInitializeOnLoad (0ms)
			EditorAssembliesLoaded (0ms)
		ExecutionOrderSort2 (0ms)
		AwakeInstancesAfterBackupRestoration (0ms)
[Licensing::Client] Successfully resolved entitlement details
Application.AssetDatabase Initial Refresh Start
[40m[32minfo[39m[22m[49m: Microsoft.Hosting.Lifetime[14]
      Now listening on: http://unix:/tmp/ilpp.sock-60dd578b28db9895b754fc5f9a315303
[40m[32minfo[39m[22m[49m: Microsoft.Hosting.Lifetime[0]
      Application started. Press Ctrl+C to shut down.
[40m[32minfo[39m[22m[49m: Microsoft.Hosting.Lifetime[0]
      Hosting environment: Production
[40m[32minfo[39m[22m[49m: Microsoft.Hosting.Lifetime[0]
      Content root path: /Users/javier/bacayo-studio/territory-developer/
[40m[32minfo[39m[22m[49m: Microsoft.AspNetCore.Hosting.Diagnostics[1]
      Request starting HTTP/2 POST http://ilpp/UnityILPP.PostProcessing/Ping application/grpc -
[40m[32minfo[39m[22m[49m: Microsoft.AspNetCore.Routing.EndpointMiddleware[0]
      Executing endpoint 'gRPC - /UnityILPP.PostProcessing/Ping'
[40m[32minfo[39m[22m[49m: Microsoft.AspNetCore.Routing.EndpointMiddleware[1]
      Executed endpoint 'gRPC - /UnityILPP.PostProcessing/Ping'
[40m[32minfo[39m[22m[49m: Microsoft.AspNetCore.Hosting.Diagnostics[2]
      Request finished HTTP/2 POST http://ilpp/UnityILPP.PostProcessing/Ping application/grpc - - 200 - application/grpc 48.5690ms
Starting: /Applications/Unity/Hub/Editor/2022.3.62f3/Unity.app/Contents/bee_backend --ipc --defer-dag-verification --dagfile="Library/Bee/200b0aE.dag" --continue-on-failure --profile="Library/Bee/backend1.traceevents" ScriptAssemblies
WorkingDir: /Users/javier/bacayo-studio/territory-developer
DisplayProgressbar: Compiling Scripts
[40m[32minfo[39m[22m[49m: Microsoft.AspNetCore.Hosting.Diagnostics[1]
      Request starting HTTP/2 POST http://ilpp/UnityILPP.PostProcessing/ConfigurePostProcessors application/grpc -
[40m[32minfo[39m[22m[49m: Microsoft.AspNetCore.Routing.EndpointMiddleware[0]
      Executing endpoint 'gRPC - /UnityILPP.PostProcessing/ConfigurePostProcessors'
[40m[1m[33mwarn[39m[22m[49m: Unity.ILPP.Runner.PostProcessingAssemblyLoadContext[0]
      Assembly system.runtime.interopservices.windowsruntime has duplicate hint path. Ignoring "/Applications/Unity/Hub/Editor/2022.3.62f3/Unity.app/Contents/UnityReferenceAssemblies/unity-4.8-api/Facades/System.Runtime.InteropServices.WindowsRuntime.dll" in favor of "/Applications/Unity/Hub/Editor/2022.3.62f3/Unity.app/Contents/NetStandard/Extensions/2.0.0/System.Runtime.InteropServices.WindowsRuntime.dll"
[40m[1m[33mwarn[39m[22m[49m: Unity.ILPP.Runner.PostProcessingAssemblyLoadContext[0]
      Assembly system.componentmodel.composition has duplicate hint path. Ignoring "/Applications/Unity/Hub/Editor/2022.3.62f3/Unity.app/Contents/UnityReferenceAssemblies/unity-4.8-api/System.ComponentModel.Composition.dll" in favor of "/Applications/Unity/Hub/Editor/2022.3.62f3/Unity.app/Contents/NetStandard/compat/2.1.0/shims/netfx/System.ComponentModel.Composition.dll"
[40m[32minfo[39m[22m[49m: Unity.ILPP.Runner.PostProcessingAssemblyLoadContext[0]
      Resolved Unity.Burst.Cecil, Version=0.11.4.0, Culture=neutral, PublicKeyToken=50cebf1cceb9d05e with Library/PackageCache/com.unity.burst@1.8.21/Unity.Burst.CodeGen/Unity.Burst.Cecil.dll
[40m[32minfo[39m[22m[49m: Microsoft.AspNetCore.Routing.EndpointMiddleware[1]
      Executed endpoint 'gRPC - /UnityILPP.PostProcessing/ConfigurePostProcessors'
[40m[32minfo[39m[22m[49m: Microsoft.AspNetCore.Hosting.Diagnostics[2]
      Request finished HTTP/2 POST http://ilpp/UnityILPP.PostProcessing/ConfigurePostProcessors application/grpc - - 200 - application/grpc 17.7576ms
ExitCode: 0 Duration: 0s271ms
[447/586    0s] ILPP-Configuration Library/ilpp-configuration.nevergeneratedoutput
*** Tundra build success (0.26 seconds), 1 items updated, 586 evaluated
Total cache size 19010412
Total cache size after purge 19010412
AssetDatabase: script compilation time: 0.937000s
Begin MonoManager ReloadAssembly
- Loaded All Assemblies, in  0.412 seconds
Refreshing native plugins compatible for Editor in 1.32 ms, found 3 plugins.
Preloading 0 native plugins for Editor in 0.00 ms.
Refreshing native plugins compatible for Editor in 1.23 ms, found 3 plugins.
Native extension for OSXStandalone target not found
Mono: successfully reloaded assembly
- Finished resetting the current domain, in  1.568 seconds
Domain Reload Profiling: 1981ms
	BeginReloadAssembly (70ms)
		ExecutionOrderSort (0ms)
		DisableScriptedObjects (3ms)
		BackupInstance (0ms)
		ReleaseScriptingObjects (0ms)
		CreateAndSetChildDomain (14ms)
	RebuildCommonClasses (19ms)
	RebuildNativeTypeToScriptingClass (7ms)
	initialDomainReloadingComplete (14ms)
	LoadAllAssembliesAndSetupDomain (302ms)
		LoadAssemblies (234ms)
		RebuildTransferFunctionScriptingTraits (0ms)
		AnalyzeDomain (104ms)
			TypeCache.Refresh (89ms)
				TypeCache.ScanAssembly (78ms)
			ScanForSourceGeneratedMonoScriptInfo (10ms)
			ResolveRequiredComponents (4ms)
	FinalizeReload (1569ms)
		ReleaseScriptCaches (0ms)
		RebuildScriptCaches (0ms)
		SetupLoadedEditorAssemblies (1497ms)
			LogAssemblyErrors (0ms)
			InitializePlatformSupportModulesInManaged (2ms)
			SetLoadedEditorAssemblies (3ms)
			RefreshPlugins (0ms)
			BeforeProcessingInitializeOnLoad (34ms)
			ProcessInitializeOnLoadAttributes (1394ms)
			ProcessInitializeOnLoadMethodAttributes (64ms)
			AfterProcessingInitializeOnLoad (1ms)
			EditorAssembliesLoaded (0ms)
		ExecutionOrderSort2 (0ms)
		AwakeInstancesAfterBackupRestoration (2ms)
Asset Pipeline Refresh (id=275eba3de99f34196b76249d2d700187): Total: 4.681 seconds - Initiated by InitialRefreshV2(ForceSynchronousImport)
	Summary:
		Imports: total=0 (actual=0, local cache=0, cache server=0)
		Asset DB Process Time: managed=0 ms, native=1705 ms
		Asset DB Callback time: managed=6 ms, native=0 ms
		Scripting: domain reloads=1, domain reload time=2009 ms, compile time=938 ms, other=20 ms
		Project Asset Count: scripts=5008, non-scripts=1962
		Asset File Changes: new=0, changed=0, moved=0, deleted=0
		Scan Filter Count: 1
	InvokeBeforeRefreshCallbacks: 0.155ms
	ApplyChangesToAssetFolders: 0.038ms
	Scan: 491.218ms
	OnSourceAssetsModified: 0.001ms
	GetAllGuidsForCategorization: 0.345ms
	CategorizeAssets: 122.315ms
	ImportOutOfDateAssets: 1593.809ms (640.634ms without children)
		CompileScripts: 938.198ms
		ReloadNativeAssets: 0.000ms
		UnloadImportedAssets: 10.796ms
		EnsureUptoDateAssetsAreRegisteredWithGuidPM: 1.427ms
		InitializingProgressBar: 0.000ms
		PostProcessAllAssetNotificationsAddChangedAssets: 0.000ms
		OnDemandSchedulerStart: 2.754ms
	PostProcessAllAssets: 6.729ms
	GatherAllCurrentPrimaryArtifactRevisions: 0.000ms
	UnloadStreamsBegin: 0.201ms
	PersistCurrentRevisions: 0.181ms
	UnloadStreamsEnd: 0.018ms
	GenerateScriptTypeHashes: 1.110ms
	Untracked: 2465.817ms
Application.AssetDatabase Initial Refresh End
Scanning for USB devices : 0.727ms
Initializing Unity extensions:
[Licensing::Client] Successfully resolved entitlement details
[MODES] ModeService[none].Initialize
[MODES] ModeService[none].LoadModes
[MODES] Loading mode Default (0) for mode-current-id-Terrain Developer
[PhysX] Initialized MultithreadedTaskDispatcher with 10 workers.
ProgressiveSceneManager::Cancel()
-- Listing OpenCL platforms(s) --
 * OpenCL platform 0
	PROFILE = FULL_PROFILE
	VERSION = OpenCL 1.2 (Nov  8 2025 19:10:43)
	NAME = Apple
	VENDOR = Apple
-- Listing OpenCL device(s) --
 * OpenCL platform 0, device 0 
	DEVICE_TYPE = 4
	DEVICE_NAME = Apple M2 Pro
	DEVICE_VENDOR = Apple
	DEVICE_VERSION = OpenCL 1.2 
	DRIVER_VERSION = 1.2 1.0
	DEVICE_MAX_COMPUTE_UNITS = 16
	DEVICE_MAX_CLOCK_FREQUENCY = 1000
	CL_DEVICE_MAX_CONSTANT_BUFFER_SIZE = 1073741824
	CL_DEVICE_HOST_UNIFIED_MEMORY = true
	CL_DEVICE_MAX_MEM_ALLOC_SIZE = 2383708160
	DEVICE_GLOBAL_MEM_SIZE = 12713115648
-- GPU Progressive lightmapper will use OpenCL device 'Apple M2 Pro' from 'Apple'--
   use -OpenCL-PlatformAndDeviceIndices <platformIdx> <deviceIdx> as command line arguments if you want to select a specific adapter for OpenCL.
Unloading 8 Unused Serialized files (Serialized files now loaded: 0)
Unloading 81 unused Assets / (457.2 KB). Loaded Objects now: 4671.
Memory consumption went from 149.6 MB to 149.1 MB.
Total: 3.793750 ms (FindLiveObjects: 0.164500 ms CreateObjectMapping: 0.075750 ms MarkObjects: 3.275083 ms  DeleteObjects: 0.278041 ms)

Batchmode quit successfully invoked - shutting down!
Curl error 42: Callback aborted
Thread 0x16b787000 may have been prematurely finalized
[PhysX] Initialized MultithreadedTaskDispatcher with 10 workers.
Input System module state changed to: ShutdownInProgress.
Input System polling thread exited.
Input System module state changed to: Shutdown.
[Licensing::IpcConnector] LicenseClient-javier-notifications channel disconnected successfully.
[Licensing::IpcConnector] LicenseClient-javier channel disconnected successfully.
Thread 0x16be17000 may have been prematurely finalized
[40m[32minfo[39m[22m[49m: Microsoft.Hosting.Lifetime[0]
      Application is shutting down...
Cleanup mono
[40m[32minfo[39m[22m[49m: Unity.ILPP.Runner.PostProcessingAssemblyLoadContext[0]
      ALC ILPP context 1 is unloading
debugger-agent: Unable to listen on 49
[Performance] Application.InitializeProject                                                                                  :        1 samples, Peak.  6.74 s (1.0x), Avg.  6.74 s, Total. 6.745 s (79.8%)
[Performance] Application.PackageManager.StartServer                                                                         :        1 samples, Peak.  1.58 ms (1.0x), Avg.  1.58 ms, Total. 1.579 ms (0.0%)
[Performance] Application.AcquireProjectLock                                                                                 :        1 samples, Peak.  11.0 ms (1.0x), Avg.  11.0 ms, Total. 10.95 ms (0.1%)
[Performance] Application.InitializeEngineNoGraphics                                                                         :        1 samples, Peak.  74.4 ms (1.0x), Avg.  74.4 ms, Total. 74.35 ms (0.9%)
[Performance] Application.PackageManager.Initialize                                                                          :        1 samples, Peak.   610 ms (1.0x), Avg.   610 ms, Total. 610.4 ms (7.2%)
[Performance] Connecting to Package Manager                                                                                  :       62 samples, Peak.  42.7 us (29.8x), Avg.  1.43 us, Total. 88.96 us (0.0%)
[Performance] Application.EngineGraphics.Initialize                                                                          :        1 samples, Peak.  72.2 ms (1.0x), Avg.  72.2 ms, Total. 72.15 ms (0.9%)
[Performance] Application.GI.Initialize                                                                                      :        1 samples, Peak.  1.42 ms (1.0x), Avg.  1.42 ms, Total. 1.417 ms (0.0%)
[Performance] Application.LoadAllDefaultResourcesFromEditor                                                                  :        1 samples, Peak.  1.29 ms (1.0x), Avg.  1.29 ms, Total. 1.289 ms (0.0%)
[Performance] Application.LoadMonoAssemblies                                                                                 :        1 samples, Peak.   452 ms (1.0x), Avg.   452 ms, Total. 451.8 ms (5.3%)
[Performance] RestoreManagedReferences                                                                                       :        2 samples, Peak.  23.0 ms (2.0x), Avg.  11.5 ms, Total. 23.00 ms (0.3%)
[Performance] InitializeOnLoad DrivenRectTransformUndo                                                                       :        2 samples, Peak.   259 us (1.1x), Avg.   235 us, Total. 469.1 us (0.0%)
[Performance] InitializeOnLoad SceneSearch                                                                                   :        2 samples, Peak.  73.6 us (1.1x), Avg.  65.0 us, Total. 130.0 us (0.0%)
[Performance] InitializeOnLoad CloudBuild                                                                                    :        2 samples, Peak.  2.67 us (1.3x), Avg.  2.12 us, Total. 4.250 us (0.0%)
[Performance] InitializeOnLoad NativeFormatImporterUtility                                                                   :        2 samples, Peak.  1.64 ms (1.1x), Avg.  1.51 ms, Total. 3.011 ms (0.0%)
[Performance] InitializeOnLoad SearchService                                                                                 :        2 samples, Peak.  64.7 us (1.0x), Avg.  62.4 us, Total. 124.9 us (0.0%)
[Performance] InitializeOnLoad SettingsService                                                                               :        2 samples, Peak.  6.33 us (1.1x), Avg.  5.60 us, Total. 11.21 us (0.0%)
[Performance] InitializeOnLoad WindowLayout                                                                                  :        2 samples, Peak.   444 us (1.1x), Avg.   390 us, Total. 780.0 us (0.0%)
[Performance] InitializeOnLoad AssetStoreContext                                                                             :        2 samples, Peak.  15.2 ms (1.1x), Avg.  13.4 ms, Total. 26.88 ms (0.3%)
[Performance] InitializeOnLoad PoolManager                                                                                   :        2 samples, Peak.   310 us (1.0x), Avg.   301 us, Total. 602.1 us (0.0%)
[Performance] InitializeOnLoad MixerEffectDefinitionReloader                                                                 :        2 samples, Peak.  1.86 ms (1.4x), Avg.  1.35 ms, Total. 2.697 ms (0.0%)
[Performance] InitializeOnLoad ProjectSearch                                                                                 :        2 samples, Peak.  34.4 us (1.1x), Avg.  30.4 us, Total. 60.83 us (0.0%)
[Performance] InitializeOnLoad UISystemProfilerRenderService                                                                 :        2 samples, Peak.  4.79 us (1.1x), Avg.  4.35 us, Total. 8.708 us (0.0%)
[Performance] InitializeOnLoad EditMode                                                                                      :        2 samples, Peak.   253 us (1.1x), Avg.   224 us, Total. 447.2 us (0.0%)
[Performance] InitializeOnLoad UnityConnect                                                                                  :        2 samples, Peak.  25.0 us (1.0x), Avg.  24.8 us, Total. 49.58 us (0.0%)
[Performance] InitializeOnLoad ManagedDebugger                                                                               :        2 samples, Peak.   331 us (1.1x), Avg.   308 us, Total. 615.9 us (0.0%)
[Performance] InitializeOnLoad ShortcutIntegration                                                                           :        2 samples, Peak.  34.5 us (1.2x), Avg.  29.9 us, Total. 59.79 us (0.0%)
[Performance] InitializeOnLoad AddComponentWindow                                                                            :        2 samples, Peak.  57.3 us (1.0x), Avg.  55.9 us, Total. 111.7 us (0.0%)
[Performance] InitializeOnLoad ManagedDebuggerWindow                                                                         :        2 samples, Peak.  60.5 us (1.1x), Avg.  57.4 us, Total. 114.8 us (0.0%)
[Performance] InitializeOnLoad CacheServerWindow                                                                             :        2 samples, Peak.  5.79 us (1.3x), Avg.  4.40 us, Total. 8.792 us (0.0%)
[Performance] InitializeOnLoad PlayModeDownload                                                                              :        2 samples, Peak.  3.48 ms (2.0x), Avg.  1.78 ms, Total. 3.566 ms (0.0%)
[Performance] InitializeOnLoad MenuItems                                                                                     :        2 samples, Peak.  50.0 us (1.1x), Avg.  44.9 us, Total. 89.79 us (0.0%)
[Performance] InitializeOnLoad PrefabInstanceChangedListener                                                                 :        2 samples, Peak.  68.3 us (1.0x), Avg.  66.0 us, Total. 132.0 us (0.0%)
[Performance] InitializeOnLoad ObjectSelectorSearch                                                                          :        2 samples, Peak.  47.9 us (1.5x), Avg.  31.2 us, Total. 62.50 us (0.0%)
[Performance] InitializeOnLoad EditorMonitor                                                                                 :        2 samples, Peak.   380 us (1.3x), Avg.   300 us, Total. 599.2 us (0.0%)
[Performance] InitializeOnLoad RetainedMode                                                                                  :        2 samples, Peak.  1.36 ms (1.1x), Avg.  1.25 ms, Total. 2.507 ms (0.0%)
[Performance] InitializeOnLoad EditorShaderLoader                                                                            :        2 samples, Peak.   646 us (1.3x), Avg.   486 us, Total. 973.0 us (0.0%)
[Performance] InitializeOnLoad EditorDelegateRegistration                                                                    :        2 samples, Peak.   298 us (1.1x), Avg.   267 us, Total. 534.0 us (0.0%)
[Performance] InitializeOnLoad UIDocumentHierarchyWatcher                                                                    :        2 samples, Peak.  36.8 us (1.1x), Avg.  34.4 us, Total. 68.79 us (0.0%)
[Performance] InitializeOnLoad LiveReloadTrackerCreator                                                                      :        2 samples, Peak.   106 us (1.2x), Avg.  89.2 us, Total. 178.5 us (0.0%)
[Performance] InitializeOnLoad UxmlObjectEditorFactories                                                                     :        2 samples, Peak.   284 us (1.1x), Avg.   256 us, Total. 512.5 us (0.0%)
[Performance] InitializeOnLoad UXMLEditorFactories                                                                           :        2 samples, Peak.  33.7 ms (1.0x), Avg.  32.7 ms, Total. 65.35 ms (0.8%)
[Performance] InitializeOnLoad PurchasingService                                                                             :        2 samples, Peak.  4.05 ms (1.1x), Avg.  3.67 ms, Total. 7.345 ms (0.1%)
[Performance] InitializeOnLoad CloudBuildPoller                                                                              :        2 samples, Peak.  54.7 us (1.0x), Avg.  53.3 us, Total. 106.5 us (0.0%)
[Performance] InitializeOnLoad EditorGameServicesAnalytics                                                                   :        2 samples, Peak.   873 us (1.4x), Avg.   621 us, Total. 1.241 ms (0.0%)
[Performance] InitializeOnLoad AnalyticsService                                                                              :        2 samples, Peak.   105 us (1.1x), Avg.  97.6 us, Total. 195.3 us (0.0%)
[Performance] InitializeOnLoad BuildService                                                                                  :        2 samples, Peak.  93.6 us (1.1x), Avg.  84.6 us, Total. 169.2 us (0.0%)
[Performance] InitializeOnLoad AdsService                                                                                    :        2 samples, Peak.   339 us (1.2x), Avg.   276 us, Total. 552.0 us (0.0%)
[Performance] InitializeOnLoad UDPService                                                                                    :        2 samples, Peak.  76.0 us (1.0x), Avg.  73.9 us, Total. 147.7 us (0.0%)
[Performance] InitializeOnLoad CrashService                                                                                  :        2 samples, Peak.  74.5 us (1.0x), Avg.  73.3 us, Total. 146.7 us (0.0%)
[Performance] InitializeOnLoad ServicesRepository                                                                            :        2 samples, Peak.  1.08 us (1.7x), Avg.   646 ns, Total. 1.292 us (0.0%)
[Performance] InitializeOnLoad SearchWindow                                                                                  :        2 samples, Peak.  62.3 us (1.1x), Avg.  58.7 us, Total. 117.4 us (0.0%)
[Performance] InitializeOnLoad CustomIndexers                                                                                :        2 samples, Peak.  11.3 ms (1.1x), Avg.  9.95 ms, Total. 19.89 ms (0.2%)
[Performance] InitializeOnLoad SearchMonitor                                                                                 :        2 samples, Peak.   535 us (1.2x), Avg.   464 us, Total. 927.8 us (0.0%)
[Performance] InitializeOnLoad ParameterControllerEditor                                                                     :        2 samples, Peak.  13.7 us (1.2x), Avg.  11.6 us, Total. 23.21 us (0.0%)
[Performance] InitializeOnLoad LayerSettingsWindow                                                                           :        2 samples, Peak.  15.3 us (1.7x), Avg.  8.88 us, Total. 17.75 us (0.0%)
[Performance] InitializeOnLoad PackageManagerHookGUIDConverter.RegisterPackagesEventHandler                                  :        2 samples, Peak.   369 us (1.7x), Avg.   217 us, Total. 434.0 us (0.0%)
[Performance] InitializeOnLoad EditorDragAndDrop.RegisterEditorClient                                                        :        2 samples, Peak.   134 us (1.2x), Avg.   116 us, Total. 231.5 us (0.0%)
[Performance] InitializeOnLoad EditorEventCallbacks.InitializeFontAssetResourceChangeCallBacks                               :        2 samples, Peak.   751 us (1.2x), Avg.   651 us, Total. 1.302 ms (0.0%)
[Performance] InitializeOnLoad SceneTemplateService.Init                                                                     :        2 samples, Peak.   622 us (1.1x), Avg.   546 us, Total. 1.092 ms (0.0%)
[Performance] InitializeOnLoad DiagnosticSwitchesConsoleMessage.Init                                                         :        2 samples, Peak.  1.65 ms (1.7x), Avg.   953 us, Total. 1.905 ms (0.0%)
[Performance] InitializeOnLoad PackageManagerWindow.EditorInitializedInSafeMode                                              :        2 samples, Peak.  18.0 ms (2.0x), Avg.  9.01 ms, Total. 18.03 ms (0.2%)
[Performance] InitializeOnLoad ToolShortcutContext.Init                                                                      :        2 samples, Peak.  71.8 us (1.1x), Avg.  67.9 us, Total. 135.7 us (0.0%)
[Performance] InitializeOnLoad MemoryProfilerCompilationGuard.InjectCompileGuard                                             :        2 samples, Peak.  76.2 us (1.3x), Avg.  57.5 us, Total. 115.1 us (0.0%)
[Performance] InitializeOnLoad AssetPostprocessingInternal.RefreshCustomDependencies                                         :        2 samples, Peak.  1.96 ms (1.3x), Avg.  1.46 ms, Total. 2.926 ms (0.0%)
[Performance] InitializeOnLoad SysrootManager.Initialize                                                                     :        2 samples, Peak.   281 us (1.1x), Avg.   255 us, Total. 510.5 us (0.0%)
[Performance] InitializeOnLoad ScopedRegistryAddedPopup.SubscribeToRegistriesAdded                                           :        2 samples, Peak.  4.22 ms (2.0x), Avg.  2.13 ms, Total. 4.268 ms (0.1%)
[Performance] InitializeOnLoad SceneVisibilityManager.Initialize                                                             :        2 samples, Peak.  3.00 ms (1.7x), Avg.  1.74 ms, Total. 3.479 ms (0.0%)
[Performance] InitializeOnLoad EditorWindow.Initialize                                                                       :        2 samples, Peak.   120 us (1.0x), Avg.   119 us, Total. 238.0 us (0.0%)
[Performance] AssemblyReloadEvents.afterAssemblyReload: UnityEditor.SceneTemplate.SceneTemplateService.AfterAssemblyReload   :        2 samples, Peak.  2.03 ms (1.9x), Avg.  1.09 ms, Total. 2.173 ms (0.0%)
[Performance] ProcessService.EditorAfterLoadAllAssemblies                                                                    :        2 samples, Peak.   325 us (1.2x), Avg.   264 us, Total. 529.0 us (0.0%)
[Performance] Application.ReadLicenseInfo                                                                                    :        1 samples, Peak.  11.5 ms (1.0x), Avg.  11.5 ms, Total. 11.47 ms (0.1%)
[Performance] Application.InitialRefresh                                                                                     :        1 samples, Peak.  4.68 s (1.0x), Avg.  4.68 s, Total. 4.683 s (55.4%)
[Performance] Compiling Scripts                                                                                              :        1 samples, Peak.   937 ms (1.0x), Avg.   937 ms, Total. 937.0 ms (11.1%)
[Performance] AssemblyReloadEvents.beforeAssemblyReload: UnityEditor.SceneTemplate.SceneTemplateService.BeforeAssemblyReload :        1 samples, Peak.   312 us (1.0x), Avg.   312 us, Total. 312.5 us (0.0%)
[Performance] InitializeOnLoad BurstLoader                                                                                   :        1 samples, Peak.  1.09 s (1.0x), Avg.  1.09 s, Total. 1.090 s (12.9%)
[Performance] InitializeOnLoad BackgroundWatcher                                                                             :        1 samples, Peak.  98.4 us (1.0x), Avg.  98.4 us, Total. 98.42 us (0.0%)
[Performance] InitializeOnLoad UnityTestProtocolStarter                                                                      :        1 samples, Peak.   142 us (1.0x), Avg.   142 us, Total. 141.6 us (0.0%)
[Performance] InitializeOnLoad TestStarter                                                                                   :        1 samples, Peak.   345 us (1.0x), Avg.   345 us, Total. 345.5 us (0.0%)
[Performance] InitializeOnLoad RerunCallbackInitializer                                                                      :        1 samples, Peak.  3.17 ms (1.0x), Avg.  3.17 ms, Total. 3.167 ms (0.0%)
[Performance] InitializeOnLoad EditorToolManager                                                                             :        1 samples, Peak.  2.08 ms (1.0x), Avg.  2.08 ms, Total. 2.083 ms (0.0%)
[Performance] InitializeOnLoad VSUsageUtility                                                                                :        1 samples, Peak.  10.5 ms (1.0x), Avg.  10.5 ms, Total. 10.50 ms (0.1%)
[Performance] InitializeOnLoad VisualStudioEditor                                                                            :        1 samples, Peak.  9.72 ms (1.0x), Avg.  9.72 ms, Total. 9.720 ms (0.1%)
[Performance] InitializeOnLoad TestRunnerApiListener                                                                         :        1 samples, Peak.   302 us (1.0x), Avg.   302 us, Total. 302.2 us (0.0%)
[Performance] InitializeOnLoad VisualStudioIntegration                                                                       :        1 samples, Peak.   386 us (1.0x), Avg.   386 us, Total. 385.8 us (0.0%)
[Performance] InitializeOnLoad PrefabLayoutRebuilder                                                                         :        1 samples, Peak.   154 us (1.0x), Avg.   154 us, Total. 154.5 us (0.0%)
[Performance] InitializeOnLoad SpriteSkinCompositeStartup                                                                    :        1 samples, Peak.  11.2 ms (1.0x), Avg.  11.2 ms, Total. 11.23 ms (0.1%)
[Performance] InitializeOnLoad RiderScriptEditor                                                                             :        1 samples, Peak.  5.64 ms (1.0x), Avg.  5.64 ms, Total. 5.642 ms (0.1%)
[Performance] InitializeOnLoad CallbackInitializer                                                                           :        1 samples, Peak.   626 us (1.0x), Avg.   626 us, Total. 625.9 us (0.0%)
[Performance] InitializeOnLoad AgentBridgeConsoleBuffer                                                                      :        1 samples, Peak.   386 us (1.0x), Avg.   386 us, Total. 386.1 us (0.0%)
[Performance] InitializeOnLoad SpriteEditorWindow                                                                            :        1 samples, Peak.   331 us (1.0x), Avg.   331 us, Total. 330.5 us (0.0%)
[Performance] InitializeOnLoad PlasticPlugin                                                                                 :        1 samples, Peak.   156 ms (1.0x), Avg.   156 ms, Total. 155.9 ms (1.8%)
[Performance] InitializeOnLoad UnityAnalyticsStorage                                                                         :        1 samples, Peak.   333 us (1.0x), Avg.   333 us, Total. 333.0 us (0.0%)
[Performance] InitializeOnLoad BoneGizmoInitializer                                                                          :        1 samples, Peak.  1.65 ms (1.0x), Avg.  1.65 ms, Total. 1.652 ms (0.0%)
[Performance] InitializeOnLoad Analytics                                                                                     :        1 samples, Peak.   217 us (1.0x), Avg.   217 us, Total. 216.5 us (0.0%)
[Performance] InitializeOnLoad ToolbarBootstrap                                                                              :        1 samples, Peak.  33.2 ms (1.0x), Avg.  33.2 ms, Total. 33.22 ms (0.4%)
[Performance] InitializeOnLoad BackgroundImport                                                                              :        1 samples, Peak.  96.4 us (1.0x), Avg.  96.4 us, Total. 96.38 us (0.0%)
[Performance] InitializeOnLoad SceneDragAndDrop                                                                              :        1 samples, Peak.   105 us (1.0x), Avg.   105 us, Total. 105.2 us (0.0%)
[Performance] InitializeOnLoad SpriteShapeUpdateCache                                                                        :        1 samples, Peak.   323 us (1.0x), Avg.   323 us, Total. 322.9 us (0.0%)
[Performance] InitializeOnLoad SpriteShapeUnityAnalyticsStorage                                                              :        1 samples, Peak.  16.4 us (1.0x), Avg.  16.4 us, Total. 16.38 us (0.0%)
[Performance] InitializeOnLoad IKEditorManager.CreateInstance                                                                :        1 samples, Peak.  1.25 ms (1.0x), Avg.  1.25 ms, Total. 1.250 ms (0.0%)
[Performance] InitializeOnLoad $BurstDirectCallInitializer.Initialize                                                        :        7 samples, Peak.  36.3 ms (5.3x), Avg.  6.82 ms, Total. 47.71 ms (0.6%)
[Performance] InitializeOnLoad SceneViewGridManager.Initialize                                                               :        1 samples, Peak.  2.24 ms (1.0x), Avg.  2.24 ms, Total. 2.237 ms (0.0%)
[Performance] InitializeOnLoad TilemapPrefabStageHelper.Initialize                                                           :        1 samples, Peak.   734 us (1.0x), Avg.   734 us, Total. 733.7 us (0.0%)
[Performance] InitializeOnLoad SceneViewOpenTilePaletteHelper.Initialize                                                     :        1 samples, Peak.   728 us (1.0x), Avg.   728 us, Total. 727.7 us (0.0%)
[Performance] InitializeOnLoad TileDragAndDropManager.Initialize                                                             :        1 samples, Peak.   550 us (1.0x), Avg.   550 us, Total. 549.6 us (0.0%)
[Performance] InitializeOnLoad BackgroundImport.Setup                                                                        :        1 samples, Peak.   628 us (1.0x), Avg.   628 us, Total. 627.7 us (0.0%)
[Performance] InitializeOnLoad AgentBridgeCommandRunner.RegisterUpdate                                                       :        1 samples, Peak.   329 us (1.0x), Avg.   329 us, Total. 329.1 us (0.0%)
[Performance] InitializeOnLoad TestJobDataHolder.ResumeRunningJobs                                                           :        1 samples, Peak.   553 us (1.0x), Avg.   553 us, Total. 552.5 us (0.0%)
[Performance] InitializeOnLoad AnalyticsReporter.RegisterCallbacks                                                           :        1 samples, Peak.   148 us (1.0x), Avg.   148 us, Total. 147.7 us (0.0%)
[Performance] InitializeOnLoad VisualStudioEditor.LegacyVisualStudioCodePackageDisabler                                      :        1 samples, Peak.   139 us (1.0x), Avg.   139 us, Total. 138.8 us (0.0%)
[Performance] DidReloadScriptsTestRunnerWindow.CompilationCallback                                                           :        1 samples, Peak.   240 us (1.0x), Avg.   240 us, Total. 240.2 us (0.0%)
[Performance] DidReloadScriptsTestListCache.ScriptReloaded                                                                   :        1 samples, Peak.   667 us (1.0x), Avg.   667 us, Total. 666.9 us (0.0%)
[Performance] DidReloadScriptsAdvancedDropdownWindow.OnScriptReload                                                          :        1 samples, Peak.   111 us (1.0x), Avg.   111 us, Total. 111.0 us (0.0%)
[Performance] AssemblyReloadEvents.afterAssemblyReload: UnityEditor.U2D.Animation.BoneGizmo.OnAfterAssemblyReload            :        1 samples, Peak.   409 us (1.0x), Avg.   409 us, Total. 409.3 us (0.0%)
[Performance] SyncVS.PostprocessSyncProject                                                                                  :        1 samples, Peak.  58.0 us (1.0x), Avg.  58.0 us, Total. 57.96 us (0.0%)
[Performance] Application.ImportPackagesAndSetTemplateWhenCreatingProject                                                    :        1 samples, Peak.  40.5 ms (1.0x), Avg.  40.5 ms, Total. 40.51 ms (0.5%)
[Performance] Application.SyncCurrentColorSpace                                                                              :        1 samples, Peak.  12.2 ms (1.0x), Avg.  12.2 ms, Total. 12.25 ms (0.1%)
[Performance] Application.OnUsbDevicesChanged                                                                                :        1 samples, Peak.   776 us (1.0x), Avg.   776 us, Total. 776.5 us (0.0%)
[Performance] Application.AssetInstanceCacheUpdate                                                                           :        1 samples, Peak.   166 ns (1.0x), Avg.   166 ns, Total. 166.0 ns (0.0%)
[Performance] Application.UnityExtensions.Initialize                                                                         :        1 samples, Peak.  4.07 ms (1.0x), Avg.  4.07 ms, Total. 4.070 ms (0.0%)
[Performance] CodeEditorProjectSync.SyncEditorProject                                                                        :        1 samples, Peak.  58.8 us (1.0x), Avg.  58.8 us, Total. 58.83 us (0.0%)
[Performance] Application.ExecuteStartups                                                                                    :        1 samples, Peak.  53.6 ms (1.0x), Avg.  53.6 ms, Total. 53.61 ms (0.6%)
[Performance] Menu.RegisterMenuInterface                                                                                     :       26 samples, Peak.   958 ns (6.0x), Avg.   160 ns, Total. 4.163 us (0.0%)
[Performance] Gizmo.RebuildRenderers                                                                                         :        1 samples, Peak.  51.6 ms (1.0x), Avg.  51.6 ms, Total. 51.62 ms (0.6%)
[Performance] Gizmo.AddGizmoRenderers                                                                                        :       86 samples, Peak.   914 us (52.2x), Avg.  17.5 us, Total. 1.507 ms (0.0%)
[Performance] Application.editorInitializingProject                                                                          :        1 samples, Peak.  14.6 ms (1.0x), Avg.  14.6 ms, Total. 14.61 ms (0.2%)
[Performance] Application.InitializeMenu                                                                                     :        1 samples, Peak.   179 ms (1.0x), Avg.   179 ms, Total. 178.6 ms (2.1%)
[Performance] Menu.RebuildAll                                                                                                :        1 samples, Peak.   179 ms (1.0x), Avg.   179 ms, Total. 178.6 ms (2.1%)
[Performance] Menu.BuildRegisteredMenuInterfaces                                                                             :        1 samples, Peak.   178 ms (1.0x), Avg.   178 ms, Total. 178.2 ms (2.1%)
[Performance] Menu.FilterMenuItem                                                                                            :      682 samples, Peak.  55.5 ms (646.6x), Avg.  85.8 us, Total. 58.51 ms (0.7%)
[Performance] UpdateAllMenus                                                                                                 :        1 samples, Peak.   363 us (1.0x), Avg.   363 us, Total. 363.2 us (0.0%)
[Performance] EditorSceneManager.sceneClosing: UnityEditor.SceneVisibilityManager.EditorSceneManagerOnSceneClosing           :        1 samples, Peak.   156 us (1.0x), Avg.   156 us, Total. 155.9 us (0.0%)
[Performance] GUIView.RepaintAll.PlayerLoopController                                                                        :        1 samples, Peak.   708 ns (1.0x), Avg.   708 ns, Total. 708.0 ns (0.0%)
[Performance] EditorSceneManager.newSceneCreated: UnityEditor.SceneTemplate.SceneTemplateService.OnNewSceneCreated           :        1 samples, Peak.   147 us (1.0x), Avg.   147 us, Total. 147.4 us (0.0%)
[Performance] EditorSceneManager.newSceneCreated: UnityEditor.SceneVisibilityManager.EditorSceneManagerOnNewSceneCreated     :        1 samples, Peak.  86.1 us (1.0x), Avg.  86.1 us, Total. 86.08 us (0.0%)
[Performance] EditorSceneManager.newSceneCreated: UnityEditor.SceneManagement.StageNavigationManager.OnNewSceneCreated       :        1 samples, Peak.  35.5 us (1.0x), Avg.  35.5 us, Total. 35.46 us (0.0%)
[Performance] Application.InvokeFinishedLoadingProject                                                                       :        1 samples, Peak.  13.2 ms (1.0x), Avg.  13.2 ms, Total. 13.23 ms (0.2%)
[Performance] ProcessService.OnProjectLoaded                                                                                 :        1 samples, Peak.  61.0 us (1.0x), Avg.  61.0 us, Total. 61.04 us (0.0%)
[Performance] VersionControl.Task.Wait                                                                                       :        1 samples, Peak.  1.45 ms (1.0x), Avg.  1.45 ms, Total. 1.454 ms (0.0%)
[Performance] EditorApplication.quitting: Unity.Burst.Editor.BurstLoader.OnEditorApplicationQuitting                         :        1 samples, Peak.   108 us (1.0x), Avg.   108 us, Total. 107.7 us (0.0%)
[Performance] EditorApplication.quitting: UnityEditor.Tilemaps.SceneViewGridManager.EditorQuitting                           :        1 samples, Peak.  50.8 us (1.0x), Avg.  50.8 us, Total. 50.79 us (0.0%)
[Performance] EditorApplication.quitting: callback in UnityEditor.TextCore.Text.EditorEventCallbacks                         :        1 samples, Peak.  10.9 ms (1.0x), Avg.  10.9 ms, Total. 10.93 ms (0.1%)
[Performance] Application.Shutdown.PauseProfilerSession                                                                      :        1 samples, Peak.  2.86 ms (1.0x), Avg.  2.86 ms, Total. 2.864 ms (0.0%)
[Performance] Application.Shutdown.PauseAssetImportWorkers                                                                   :        1 samples, Peak.  71.3 us (1.0x), Avg.  71.3 us, Total. 71.33 us (0.0%)
[Performance] Application.Shutdown.SaveAssets                                                                                :        1 samples, Peak.  5.38 ms (1.0x), Avg.  5.38 ms, Total. 5.384 ms (0.1%)
[Performance] PaletteAssetModificationProcessor.OnWillSaveAssets                                                             :        1 samples, Peak.  1.13 ms (1.0x), Avg.  1.13 ms, Total. 1.135 ms (0.0%)
[Performance] StateMacroSavedEvent.OnWillSaveAssets                                                                          :        1 samples, Peak.  91.4 us (1.0x), Avg.  91.4 us, Total. 91.38 us (0.0%)
[Performance] AssetModificationProcessor.OnWillSaveAssets                                                                    :        1 samples, Peak.   167 us (1.0x), Avg.   167 us, Total. 167.5 us (0.0%)
[Performance] UnityCloudProjectLinkMonitor.OnWillSaveAssets                                                                  :        1 samples, Peak.   148 us (1.0x), Avg.   148 us, Total. 148.3 us (0.0%)
[Performance] FlowMacroSavedEvent.OnWillSaveAssets                                                                           :        1 samples, Peak.  71.7 us (1.0x), Avg.  71.7 us, Total. 71.67 us (0.0%)
[Performance] BuilderAssetModificationProcessor.OnWillSaveAssets                                                             :        1 samples, Peak.   211 us (1.0x), Avg.   211 us, Total. 211.3 us (0.0%)
[Performance] TerrainModificationProcessor.OnWillSaveAssets                                                                  :        1 samples, Peak.   334 us (1.0x), Avg.   334 us, Total. 333.7 us (0.0%)
[Performance] AssetDatabase.ImportAssets                                                                                     :        2 samples, Peak.   333 ns (1.8x), Avg.   187 ns, Total. 374.0 ns (0.0%)
[Performance] Application.Shutdown.CleanupRenderPipeline                                                                     :        1 samples, Peak.  2.08 us (1.0x), Avg.  2.08 us, Total. 2.084 us (0.0%)
[Performance] Application.Shutdown.StopPreloadManager                                                                        :        1 samples, Peak.  10.0 ms (1.0x), Avg.  10.0 ms, Total. 10.05 ms (0.1%)
[Performance] Application.Shutdown.DestroyWorld                                                                              :        1 samples, Peak.   273 us (1.0x), Avg.   273 us, Total. 273.3 us (0.0%)
[Performance] Application.Shutdown.CleanupAfterLoad                                                                          :        1 samples, Peak.   103 ms (1.0x), Avg.   103 ms, Total. 102.6 ms (1.2%)
[Performance] Application.Shutdown.Progress                                                                                  :        1 samples, Peak.  8.67 us (1.0x), Avg.  8.67 us, Total. 8.666 us (0.0%)
[Performance] Application.Shutdown.GICleanupManagers                                                                         :        1 samples, Peak.  2.76 ms (1.0x), Avg.  2.76 ms, Total. 2.759 ms (0.0%)
[Performance] Application.Shutdown.MenuCleanupClass                                                                          :        1 samples, Peak.  71.5 us (1.0x), Avg.  71.5 us, Total. 71.50 us (0.0%)
[Performance] Application.Shutdown.ADBSaveStateBeforeShutdown                                                                :        1 samples, Peak.  7.42 us (1.0x), Avg.  7.42 us, Total. 7.416 us (0.0%)
[Performance] Application.Shutdown.RemoteShutdown                                                                            :        1 samples, Peak.   541 ns (1.0x), Avg.   541 ns, Total. 541.0 ns (0.0%)
[Performance] Application.Shutdown.CleanupVCProvider                                                                         :        1 samples, Peak.  17.9 us (1.0x), Avg.  17.9 us, Total. 17.92 us (0.0%)
[Performance] Application.Shutdown.InputShutdown                                                                             :        1 samples, Peak.  57.8 us (1.0x), Avg.  57.8 us, Total. 57.83 us (0.0%)
[Performance] Application.Shutdown.GizmoManagerDestroy                                                                       :        1 samples, Peak.   614 us (1.0x), Avg.   614 us, Total. 614.3 us (0.0%)
[Performance] Application.Shutdown.ProfilerSession                                                                           :        1 samples, Peak.   356 us (1.0x), Avg.   356 us, Total. 356.2 us (0.0%)
[Performance] Application.Shutdown.ReleaseGfxWindowOnAllGUIViews                                                             :        1 samples, Peak.   167 ns (1.0x), Avg.   167 ns, Total. 167.0 ns (0.0%)
[Performance] Application.Shutdown.CleanupEngine                                                                             :        1 samples, Peak.  94.4 ms (1.0x), Avg.  94.4 ms, Total. 94.40 ms (1.1%)
[Performance] Application.Shutdown.CleanupAssetDatabase                                                                      :        1 samples, Peak.  3.10 ms (1.0x), Avg.  3.10 ms, Total. 3.100 ms (0.0%)
[Performance] Application.Shutdown.ScriptCompilationCleanUp                                                                  :        1 samples, Peak.  25.9 us (1.0x), Avg.  25.9 us, Total. 25.88 us (0.0%)
[Performance] Application.Shutdown.DestroyJobSystem                                                                          :        1 samples, Peak.   251 us (1.0x), Avg.   251 us, Total. 251.0 us (0.0%)
[Performance] Application.Shutdown.CleanupPersistentManager                                                                  :        1 samples, Peak.  1.09 ms (1.0x), Avg.  1.09 ms, Total. 1.089 ms (0.0%)
[Performance] Application.Shutdown.CleanupAsyncReadManager                                                                   :        1 samples, Peak.  50.5 us (1.0x), Avg.  50.5 us, Total. 50.46 us (0.0%)
[Performance] Application.Shutdown.CleanupMono                                                                               :        1 samples, Peak.   148 ms (1.0x), Avg.   148 ms, Total. 147.6 ms (1.7%)
[Performance] Application.Shutdown.CleanupStdConverters                                                                      :        1 samples, Peak.   219 us (1.0x), Avg.   219 us, Total. 219.0 us (0.0%)
[Performance] Application.Shutdown.UnloadAllPlatformSupportModuleNativeDlls                                                  :        1 samples, Peak.   459 ns (1.0x), Avg.   459 ns, Total. 459.0 ns (0.0%)
[Performance] Application.Shutdown.UnloadAllPlatformSupportNativeLibraries                                                   :        1 samples, Peak.   250 ns (1.0x), Avg.   250 ns, Total. 250.0 ns (0.0%)
[Performance] Application.Shutdown.CleanupAutoDocumentation                                                                  :        1 samples, Peak.   112 us (1.0x), Avg.   112 us, Total. 112.0 us (0.0%)
[Performance] Application.Shutdown.ShaderNameManagerDestroy                                                                  :        1 samples, Peak.   158 us (1.0x), Avg.   158 us, Total. 157.8 us (0.0%)
[Performance] Application.Shutdown.CleanupCacheServer                                                                        :        1 samples, Peak.   291 ns (1.0x), Avg.   291 ns, Total. 291.0 ns (0.0%)
[Performance] Application.Shutdown.Virtualization_Shutdown                                                                   :        1 samples, Peak.   250 ns (1.0x), Avg.   250 ns, Total. 250.0 ns (0.0%)
[Performance] Application.Shutdown.DevConnections                                                                            :        1 samples, Peak.  59.7 us (1.0x), Avg.  59.7 us, Total. 59.67 us (0.0%)
Exiting batchmode successfully now!
[Package Manager] Server::Kill -- Server was shutdown
