Unity Editor version:    2022.3.62f3 (96770f904ca7)
Branch:                  2022.3/respin/2022.3.62f2-4af31df585-v2
Build type:              Release
Batch mode:              YES
macOS version:           Version 26.2 (Build 25C56)
Darwin version:          25.2.0
Architecture:            arm64
Running under Rosetta:   NO
Available memory:        16384 MB
[Licensing::Module] Trying to connect to existing licensing client channel...
[Licensing::IpcConnector] Successfully connected to: "LicenseClient-javier" at "2026-04-08T11:09:22.911708Z"
[Licensing::Client] Code 10 while verifying Licensing Client signature (process Id: 1626, path: "/Applications/Unity Hub.app/Contents/Frameworks/UnityLicensingClient_V1.app/Contents/MacOS/Unity.Licensing.Client")
[Licensing::Module] LicensingClient has failed validation; ignoring
[Licensing::Client] Handshaking with LicensingClient:
  Version:                 1.17.4+4293ba1
  Session Id:              7af5b1bc5b2b416f8fe1fb9d1c4b3d1e
  Correlation Id:          43df6811bfd2ece3567043952d359d0b
  External correlation Id: 8755668328638178420
  Machine Id:              +Vn0pNWN46B39Ty87qLnItAcYFE=
[Licensing::Module] Successfully connected to LicensingClient on channel: "LicenseClient-javier" (connect: 0.00s, validation: 0.03s, handshake: 0.71s)
[Licensing::IpcConnector] Successfully connected to: "LicenseClient-javier-notifications" at "2026-04-08T11:09:23.654553Z"
[Licensing::Module] Error: Access token is unavailable; failed to update
[Licensing::Client] Successfully updated license
[Licensing::Client] Successfully resolved entitlement details
[Licensing::Module] Serial number assigned to: "4673632444958-UnityPersXXXX"
Pro License: NO
[Licensing::Client] Successfully resolved entitlement details
Launching external process: /Applications/Unity/Hub/Editor/2022.3.62f3/Unity.app/Contents/Resources/PackageManager/Server/UnityPackageManager

COMMAND LINE ARGUMENTS:
/Applications/Unity/Hub/Editor/2022.3.62f3/Unity.app/Contents/MacOS/Unity
-batchmode
-nographics
-quit
-projectPath
/Users/javier/bacayo-studio/territory-developer
-logFile
/Users/javier/bacayo-studio/territory-developer/tools/reports/unity-compile-check-20260408-110922.log
Successfully changed project path to: /Users/javier/bacayo-studio/territory-developer
/Users/javier/bacayo-studio/territory-developer
[UnityMemory] Configuration Parameters - Can be set up in boot.config
    "memorysetup-bucket-allocator-granularity=16"
    "memorysetup-bucket-allocator-bucket-count=8"
    "memorysetup-bucket-allocator-block-size=33554432"
    "memorysetup-bucket-allocator-block-count=8"
    "memorysetup-main-allocator-block-size=16777216"
    "memorysetup-thread-allocator-block-size=16777216"
    "memorysetup-gfx-main-allocator-block-size=16777216"
    "memorysetup-gfx-thread-allocator-block-size=16777216"
    "memorysetup-cache-allocator-block-size=4194304"
    "memorysetup-typetree-allocator-block-size=2097152"
    "memorysetup-profiler-bucket-allocator-granularity=16"
    "memorysetup-profiler-bucket-allocator-bucket-count=8"
    "memorysetup-profiler-bucket-allocator-block-size=33554432"
    "memorysetup-profiler-bucket-allocator-block-count=8"
    "memorysetup-profiler-allocator-block-size=16777216"
    "memorysetup-profiler-editor-allocator-block-size=1048576"
    "memorysetup-temp-allocator-size-main=16777216"
    "memorysetup-job-temp-allocator-block-size=2097152"
    "memorysetup-job-temp-allocator-block-size-background=1048576"
    "memorysetup-job-temp-allocator-reduction-small-platforms=262144"
    "memorysetup-allocator-temp-initial-block-size-main=262144"
    "memorysetup-allocator-temp-initial-block-size-worker=262144"
    "memorysetup-temp-allocator-size-background-worker=32768"
    "memorysetup-temp-allocator-size-job-worker=262144"
    "memorysetup-temp-allocator-size-preload-manager=33554432"
    "memorysetup-temp-allocator-size-nav-mesh-worker=65536"
    "memorysetup-temp-allocator-size-audio-worker=65536"
    "memorysetup-temp-allocator-size-cloud-worker=32768"
    "memorysetup-temp-allocator-size-gi-baking-worker=262144"
    "memorysetup-temp-allocator-size-gfx=262144"
Player connection [8715136064]  Target information:

Player connection [8715136064]  * "[IP] 192.168.1.11 [Port] 55504 [Flags] 2 [Guid] 2469979074 [EditorId] 2469979074 [Version] 1048832 [Id] OSXEditor(0,Javiers-MacBook-Pro.local) [Debug] 1 [PackageName] OSXEditor [ProjectName] Editor" 

Player connection [8715136064] Host joined multi-casting on [225.0.0.222:54997]...
Player connection [8715136064] Host joined alternative multi-casting on [225.0.0.222:34997]...
Input System module state changed to: Initialized.
[PhysX] Initialized MultithreadedTaskDispatcher with 10 workers.
[Package Manager] UpmClient::Connect -- Connected to IPC stream "Upm-9176" after 1.5 seconds.
[Package Manager] Restoring resolved packages state from cache
[Licensing::Client] Successfully resolved entitlement details
[Package Manager] Registered 55 packages:
  Packages from [https://packages.unity.com]:
    com.unity.collab-proxy@2.7.1 (location: /Users/javier/bacayo-studio/territory-developer/Library/PackageCache/com.unity.collab-proxy@2.7.1)
    com.unity.device-simulator.devices@1.0.0 (location: /Users/javier/bacayo-studio/territory-developer/Library/PackageCache/com.unity.device-simulator.devices@1.0.0)
    com.unity.ide.rider@3.0.36 (location: /Users/javier/bacayo-studio/territory-developer/Library/PackageCache/com.unity.ide.rider@3.0.36)
    com.unity.ide.visualstudio@2.0.22 (location: /Users/javier/bacayo-studio/territory-developer/Library/PackageCache/com.unity.ide.visualstudio@2.0.22)
    com.unity.test-framework@1.1.33 (location: /Users/javier/bacayo-studio/territory-developer/Library/PackageCache/com.unity.test-framework@1.1.33)
    com.unity.textmeshpro@3.0.7 (location: /Users/javier/bacayo-studio/territory-developer/Library/PackageCache/com.unity.textmeshpro@3.0.7)
    com.unity.timeline@1.7.7 (location: /Users/javier/bacayo-studio/territory-developer/Library/PackageCache/com.unity.timeline@1.7.7)
    com.unity.visualscripting@1.9.4 (location: /Users/javier/bacayo-studio/territory-developer/Library/PackageCache/com.unity.visualscripting@1.9.4)
    com.unity.ext.nunit@1.0.6 (location: /Users/javier/bacayo-studio/territory-developer/Library/PackageCache/com.unity.ext.nunit@1.0.6)
    com.unity.2d.animation@9.2.0 (location: /Users/javier/bacayo-studio/territory-developer/Library/PackageCache/com.unity.2d.animation@9.2.0)
    com.unity.2d.pixel-perfect@5.1.0 (location: /Users/javier/bacayo-studio/territory-developer/Library/PackageCache/com.unity.2d.pixel-perfect@5.1.0)
    com.unity.2d.psdimporter@8.1.0 (location: /Users/javier/bacayo-studio/territory-developer/Library/PackageCache/com.unity.2d.psdimporter@8.1.0)
    com.unity.2d.spriteshape@9.1.0 (location: /Users/javier/bacayo-studio/territory-developer/Library/PackageCache/com.unity.2d.spriteshape@9.1.0)
    com.unity.2d.tilemap.extras@3.1.3 (location: /Users/javier/bacayo-studio/territory-developer/Library/PackageCache/com.unity.2d.tilemap.extras@3.1.3)
    com.unity.2d.aseprite@1.1.9 (location: /Users/javier/bacayo-studio/territory-developer/Library/PackageCache/com.unity.2d.aseprite@1.1.9)
    com.unity.2d.common@8.1.0 (location: /Users/javier/bacayo-studio/territory-developer/Library/PackageCache/com.unity.2d.common@8.1.0)
    com.unity.mathematics@1.2.6 (location: /Users/javier/bacayo-studio/territory-developer/Library/PackageCache/com.unity.mathematics@1.2.6)
    com.unity.collections@1.2.4 (location: /Users/javier/bacayo-studio/territory-developer/Library/PackageCache/com.unity.collections@1.2.4)
    com.unity.burst@1.8.21 (location: /Users/javier/bacayo-studio/territory-developer/Library/PackageCache/com.unity.burst@1.8.21)
  Built-in packages:
    com.unity.feature.2d@2.0.1 (location: /Users/javier/bacayo-studio/territory-developer/Library/PackageCache/com.unity.feature.2d@2.0.1)
    com.unity.ugui@1.0.0 (location: /Users/javier/bacayo-studio/territory-developer/Library/PackageCache/com.unity.ugui@1.0.0)
    com.unity.modules.ai@1.0.0 (location: /Users/javier/bacayo-studio/territory-developer/Library/PackageCache/com.unity.modules.ai@1.0.0)
    com.unity.modules.androidjni@1.0.0 (location: /Users/javier/bacayo-studio/territory-developer/Library/PackageCache/com.unity.modules.androidjni@1.0.0)
    com.unity.modules.animation@1.0.0 (location: /Users/javier/bacayo-studio/territory-developer/Library/PackageCache/com.unity.modules.animation@1.0.0)
    com.unity.modules.assetbundle@1.0.0 (location: /Users/javier/bacayo-studio/territory-developer/Library/PackageCache/com.unity.modules.assetbundle@1.0.0)
    com.unity.modules.audio@1.0.0 (location: /Users/javier/bacayo-studio/territory-developer/Library/PackageCache/com.unity.modules.audio@1.0.0)
    com.unity.modules.cloth@1.0.0 (location: /Users/javier/bacayo-studio/territory-developer/Library/PackageCache/com.unity.modules.cloth@1.0.0)
    com.unity.modules.director@1.0.0 (location: /Users/javier/bacayo-studio/territory-developer/Library/PackageCache/com.unity.modules.director@1.0.0)
    com.unity.modules.imageconversion@1.0.0 (location: /Users/javier/bacayo-studio/territory-developer/Library/PackageCache/com.unity.modules.imageconversion@1.0.0)
    com.unity.modules.imgui@1.0.0 (location: /Users/javier/bacayo-studio/territory-developer/Library/PackageCache/com.unity.modules.imgui@1.0.0)
    com.unity.modules.jsonserialize@1.0.0 (location: /Users/javier/bacayo-studio/territory-developer/Library/PackageCache/com.unity.modules.jsonserialize@1.0.0)
    com.unity.modules.particlesystem@1.0.0 (location: /Users/javier/bacayo-studio/territory-developer/Library/PackageCache/com.unity.modules.particlesystem@1.0.0)
    com.unity.modules.physics@1.0.0 (location: /Users/javier/bacayo-studio/territory-developer/Library/PackageCache/com.unity.modules.physics@1.0.0)
    com.unity.modules.physics2d@1.0.0 (location: /Users/javier/bacayo-studio/territory-developer/Library/PackageCache/com.unity.modules.physics2d@1.0.0)
    com.unity.modules.screencapture@1.0.0 (location: /Users/javier/bacayo-studio/territory-developer/Library/PackageCache/com.unity.modules.screencapture@1.0.0)
    com.unity.modules.terrain@1.0.0 (location: /Users/javier/bacayo-studio/territory-developer/Library/PackageCache/com.unity.modules.terrain@1.0.0)
    com.unity.modules.terrainphysics@1.0.0 (location: /Users/javier/bacayo-studio/territory-developer/Library/PackageCache/com.unity.modules.terrainphysics@1.0.0)
    com.unity.modules.tilemap@1.0.0 (location: /Users/javier/bacayo-studio/territory-developer/Library/PackageCache/com.unity.modules.tilemap@1.0.0)
    com.unity.modules.ui@1.0.0 (location: /Users/javier/bacayo-studio/territory-developer/Library/PackageCache/com.unity.modules.ui@1.0.0)
    com.unity.modules.uielements@1.0.0 (location: /Users/javier/bacayo-studio/territory-developer/Library/PackageCache/com.unity.modules.uielements@1.0.0)
    com.unity.modules.umbra@1.0.0 (location: /Users/javier/bacayo-studio/territory-developer/Library/PackageCache/com.unity.modules.umbra@1.0.0)
    com.unity.modules.unityanalytics@1.0.0 (location: /Users/javier/bacayo-studio/territory-developer/Library/PackageCache/com.unity.modules.unityanalytics@1.0.0)
    com.unity.modules.unitywebrequest@1.0.0 (location: /Users/javier/bacayo-studio/territory-developer/Library/PackageCache/com.unity.modules.unitywebrequest@1.0.0)
    com.unity.modules.unitywebrequestassetbundle@1.0.0 (location: /Users/javier/bacayo-studio/territory-developer/Library/PackageCache/com.unity.modules.unitywebrequestassetbundle@1.0.0)
    com.unity.modules.unitywebrequestaudio@1.0.0 (location: /Users/javier/bacayo-studio/territory-developer/Library/PackageCache/com.unity.modules.unitywebrequestaudio@1.0.0)
    com.unity.modules.unitywebrequesttexture@1.0.0 (location: /Users/javier/bacayo-studio/territory-developer/Library/PackageCache/com.unity.modules.unitywebrequesttexture@1.0.0)
    com.unity.modules.unitywebrequestwww@1.0.0 (location: /Users/javier/bacayo-studio/territory-developer/Library/PackageCache/com.unity.modules.unitywebrequestwww@1.0.0)
    com.unity.modules.vehicles@1.0.0 (location: /Users/javier/bacayo-studio/territory-developer/Library/PackageCache/com.unity.modules.vehicles@1.0.0)
    com.unity.modules.video@1.0.0 (location: /Users/javier/bacayo-studio/territory-developer/Library/PackageCache/com.unity.modules.video@1.0.0)
    com.unity.modules.vr@1.0.0 (location: /Users/javier/bacayo-studio/territory-developer/Library/PackageCache/com.unity.modules.vr@1.0.0)
    com.unity.modules.wind@1.0.0 (location: /Users/javier/bacayo-studio/territory-developer/Library/PackageCache/com.unity.modules.wind@1.0.0)
    com.unity.modules.xr@1.0.0 (location: /Users/javier/bacayo-studio/territory-developer/Library/PackageCache/com.unity.modules.xr@1.0.0)
    com.unity.modules.subsystems@1.0.0 (location: /Users/javier/bacayo-studio/territory-developer/Library/PackageCache/com.unity.modules.subsystems@1.0.0)
    com.unity.2d.sprite@1.0.0 (location: /Users/javier/bacayo-studio/territory-developer/Library/PackageCache/com.unity.2d.sprite@1.0.0)
    com.unity.2d.tilemap@1.0.0 (location: /Users/javier/bacayo-studio/territory-developer/Library/PackageCache/com.unity.2d.tilemap@1.0.0)
[Subsystems] No new subsystems found in resolved package list.
Package Manager log level set to [2]
[Package Manager] Done registering packages in 0.16 seconds
Artifact Garbage Collection - Removed 9 unused hashed content files
Refreshing native plugins compatible for Editor in 22.37 ms, found 3 plugins.
Preloading 0 native plugins for Editor in 0.00 ms.
Initialize engine version: 2022.3.62f3 (96770f904ca7)
[Subsystems] Discovering subsystems at path /Applications/Unity/Hub/Editor/2022.3.62f3/Unity.app/Contents/Resources/UnitySubsystems
[Subsystems] Discovering subsystems at path /Users/javier/bacayo-studio/territory-developer/Assets
Forcing GfxDevice: Null
GfxDevice: creating device client; threaded=0; jobified=0
NullGfxDevice:
    Version:  NULL 1.0 [1.0]
    Renderer: Null Device
    Vendor:   Unity Technologies
[Licensing::Client] Successfully resolved entitlement details
Initialize mono
Mono path[0] = '/Applications/Unity/Hub/Editor/2022.3.62f3/Unity.app/Contents/Managed'
Mono path[1] = '/Applications/Unity/Hub/Editor/2022.3.62f3/Unity.app/Contents/MonoBleedingEdge/lib/mono/unityjit-macos'
Mono config path = '/Applications/Unity/Hub/Editor/2022.3.62f3/Unity.app/Contents/MonoBleedingEdge/etc'
Using monoOptions --debugger-agent=transport=dt_socket,embedding=1,server=y,suspend=n,address=127.0.0.1:56176
Using cacheserver namespaces - metadata:defaultmetadata, artifacts:defaultartifacts
Using cacheserver namespaces - metadata:defaultmetadata, artifacts:defaultartifacts
ImportWorker Server TCP listen port: 0
Begin MonoManager ReloadAssembly
Registering precompiled unity dll's ...
Register platform support module: /Applications/Unity/Hub/Editor/2022.3.62f3/Unity.app/Contents/PlaybackEngines/MacStandaloneSupport/UnityEditor.OSXStandalone.Extensions.dll
Registered in 0.001784 seconds.
- Loaded All Assemblies, in  0.254 seconds
Native extension for OSXStandalone target not found
Mono: successfully reloaded assembly
- Finished resetting the current domain, in  0.142 seconds
Domain Reload Profiling: 397ms
	BeginReloadAssembly (92ms)
		ExecutionOrderSort (0ms)
		DisableScriptedObjects (0ms)
		BackupInstance (0ms)
		ReleaseScriptingObjects (0ms)
		CreateAndSetChildDomain (1ms)
	RebuildCommonClasses (25ms)
	RebuildNativeTypeToScriptingClass (7ms)
	initialDomainReloadingComplete (36ms)
	LoadAllAssembliesAndSetupDomain (94ms)
		LoadAssemblies (91ms)
		RebuildTransferFunctionScriptingTraits (0ms)
		AnalyzeDomain (91ms)
			TypeCache.Refresh (90ms)
				TypeCache.ScanAssembly (78ms)
			ScanForSourceGeneratedMonoScriptInfo (0ms)
			ResolveRequiredComponents (1ms)
	FinalizeReload (143ms)
		ReleaseScriptCaches (0ms)
		RebuildScriptCaches (0ms)
		SetupLoadedEditorAssemblies (115ms)
			LogAssemblyErrors (0ms)
			InitializePlatformSupportModulesInManaged (6ms)
			SetLoadedEditorAssemblies (4ms)
			RefreshPlugins (0ms)
			BeforeProcessingInitializeOnLoad (1ms)
			ProcessInitializeOnLoadAttributes (80ms)
			ProcessInitializeOnLoadMethodAttributes (24ms)
			AfterProcessingInitializeOnLoad (0ms)
			EditorAssembliesLoaded (0ms)
		ExecutionOrderSort2 (0ms)
		AwakeInstancesAfterBackupRestoration (0ms)
[Licensing::Client] Successfully resolved entitlement details
Application.AssetDatabase Initial Refresh Start
[ScriptCompilation] Requested script compilation because: Assetdatabase observed changes in script compilation related files
[40m[32minfo[39m[22m[49m: Microsoft.Hosting.Lifetime[14]
      Now listening on: http://unix:/tmp/ilpp.sock-60dd578b28db9895b754fc5f9a315303
[40m[32minfo[39m[22m[49m: Microsoft.Hosting.Lifetime[0]
      Application started. Press Ctrl+C to shut down.
[40m[32minfo[39m[22m[49m: Microsoft.Hosting.Lifetime[0]
      Hosting environment: Production
[40m[32minfo[39m[22m[49m: Microsoft.Hosting.Lifetime[0]
      Content root path: /Users/javier/bacayo-studio/territory-developer/
[40m[32minfo[39m[22m[49m: Microsoft.AspNetCore.Hosting.Diagnostics[1]
      Request starting HTTP/2 POST http://ilpp/UnityILPP.PostProcessing/Ping application/grpc -
[40m[32minfo[39m[22m[49m: Microsoft.AspNetCore.Routing.EndpointMiddleware[0]
      Executing endpoint 'gRPC - /UnityILPP.PostProcessing/Ping'
[40m[32minfo[39m[22m[49m: Microsoft.AspNetCore.Routing.EndpointMiddleware[1]
      Executed endpoint 'gRPC - /UnityILPP.PostProcessing/Ping'
[40m[32minfo[39m[22m[49m: Microsoft.AspNetCore.Hosting.Diagnostics[2]
      Request finished HTTP/2 POST http://ilpp/UnityILPP.PostProcessing/Ping application/grpc - - 200 - application/grpc 53.3480ms
Starting: /Applications/Unity/Hub/Editor/2022.3.62f3/Unity.app/Contents/bee_backend --ipc --defer-dag-verification --dagfile="Library/Bee/200b0aE.dag" --continue-on-failure --profile="Library/Bee/backend1.traceevents" ScriptAssemblies
WorkingDir: /Users/javier/bacayo-studio/territory-developer
DisplayProgressbar: Compiling Scripts
ExitCode: 4 Duration: 0s96ms
Rebuilding DAG because FileSignature timestamp changed: Library/Bee/200b0aE-inputdata.json
*** Tundra requires additional run (0.08 seconds), 0 items updated, 313 evaluated
Starting: /Applications/Unity/Hub/Editor/2022.3.62f3/Unity.app/Contents/Tools/netcorerun/netcorerun "/Applications/Unity/Hub/Editor/2022.3.62f3/Unity.app/Contents/Tools/BuildPipeline/ScriptCompilationBuildProgram.exe" "Library/Bee/200b0aE.dag.json" "Library/Bee/200b0aE-inputdata.json" "Library/Bee/buildprogram0.traceevents"
WorkingDir: /Users/javier/bacayo-studio/territory-developer
ExitCode: 0 Duration: 0s655ms
Starting: /Applications/Unity/Hub/Editor/2022.3.62f3/Unity.app/Contents/bee_backend --ipc --defer-dag-verification --dagfile="Library/Bee/200b0aE.dag" --continue-on-failure --dagfilejson="Library/Bee/200b0aE.dag.json" --profile="Library/Bee/backend2.traceevents" ScriptAssemblies
WorkingDir: /Users/javier/bacayo-studio/territory-developer
[40m[32minfo[39m[22m[49m: Microsoft.AspNetCore.Hosting.Diagnostics[1]
      Request starting HTTP/2 POST http://ilpp/UnityILPP.PostProcessing/ConfigurePostProcessors application/grpc -
[40m[32minfo[39m[22m[49m: Microsoft.AspNetCore.Routing.EndpointMiddleware[0]
      Executing endpoint 'gRPC - /UnityILPP.PostProcessing/ConfigurePostProcessors'
[40m[1m[33mwarn[39m[22m[49m: Unity.ILPP.Runner.PostProcessingAssemblyLoadContext[0]
      Assembly system.runtime.interopservices.windowsruntime has duplicate hint path. Ignoring "/Applications/Unity/Hub/Editor/2022.3.62f3/Unity.app/Contents/UnityReferenceAssemblies/unity-4.8-api/Facades/System.Runtime.InteropServices.WindowsRuntime.dll" in favor of "/Applications/Unity/Hub/Editor/2022.3.62f3/Unity.app/Contents/NetStandard/Extensions/2.0.0/System.Runtime.InteropServices.WindowsRuntime.dll"
[40m[1m[33mwarn[39m[22m[49m: Unity.ILPP.Runner.PostProcessingAssemblyLoadContext[0]
      Assembly system.componentmodel.composition has duplicate hint path. Ignoring "/Applications/Unity/Hub/Editor/2022.3.62f3/Unity.app/Contents/UnityReferenceAssemblies/unity-4.8-api/System.ComponentModel.Composition.dll" in favor of "/Applications/Unity/Hub/Editor/2022.3.62f3/Unity.app/Contents/NetStandard/compat/2.1.0/shims/netfx/System.ComponentModel.Composition.dll"
[40m[32minfo[39m[22m[49m: Unity.ILPP.Runner.PostProcessingAssemblyLoadContext[0]
      Resolved Unity.Burst.Cecil, Version=0.11.4.0, Culture=neutral, PublicKeyToken=50cebf1cceb9d05e with Library/PackageCache/com.unity.burst@1.8.21/Unity.Burst.CodeGen/Unity.Burst.Cecil.dll
[40m[32minfo[39m[22m[49m: Microsoft.AspNetCore.Routing.EndpointMiddleware[1]
      Executed endpoint 'gRPC - /UnityILPP.PostProcessing/ConfigurePostProcessors'
[40m[32minfo[39m[22m[49m: Microsoft.AspNetCore.Hosting.Diagnostics[2]
      Request finished HTTP/2 POST http://ilpp/UnityILPP.PostProcessing/ConfigurePostProcessors application/grpc - - 200 - application/grpc 19.4616ms
[40m[32minfo[39m[22m[49m: Microsoft.AspNetCore.Hosting.Diagnostics[1]
      Request starting HTTP/2 POST http://ilpp/UnityILPP.PostProcessing/PostProcessAssembly application/grpc -
[40m[32minfo[39m[22m[49m: Microsoft.AspNetCore.Routing.EndpointMiddleware[0]
      Executing endpoint 'gRPC - /UnityILPP.PostProcessing/PostProcessAssembly'
[40m[32minfo[39m[22m[49m: Unity.ILPP.Runner.PostProcessingPipeline[0]
      Processing assembly Library/Bee/artifacts/200b0aE.dag/TerritoryDeveloper.Game.dll, with 117 defines and 220 references
[40m[32minfo[39m[22m[49m: Unity.ILPP.Runner.PostProcessingPipeline[0]
      processors: zzzUnity.Burst.CodeGen.BurstILPostProcessor
[40m[32minfo[39m[22m[49m: Unity.ILPP.Runner.PostProcessingPipeline[0]
      running zzzUnity.Burst.CodeGen.BurstILPostProcessor
[40m[32minfo[39m[22m[49m: Microsoft.AspNetCore.Routing.EndpointMiddleware[1]
      Executed endpoint 'gRPC - /UnityILPP.PostProcessing/PostProcessAssembly'
[40m[32minfo[39m[22m[49m: Microsoft.AspNetCore.Hosting.Diagnostics[2]
      Request finished HTTP/2 POST http://ilpp/UnityILPP.PostProcessing/PostProcessAssembly application/grpc - - 200 - application/grpc 12.9390ms
[40m[32minfo[39m[22m[49m: Microsoft.AspNetCore.Hosting.Diagnostics[1]
      Request starting HTTP/2 POST http://ilpp/UnityILPP.PostProcessing/PostProcessAssembly application/grpc -
[40m[32minfo[39m[22m[49m: Microsoft.AspNetCore.Routing.EndpointMiddleware[0]
      Executing endpoint 'gRPC - /UnityILPP.PostProcessing/PostProcessAssembly'
[40m[32minfo[39m[22m[49m: Unity.ILPP.Runner.PostProcessingPipeline[0]
      Processing assembly Library/Bee/artifacts/200b0aE.dag/TerritoryDeveloper.EditModeTests.dll, with 115 defines and 218 references
[40m[32minfo[39m[22m[49m: Unity.ILPP.Runner.PostProcessingPipeline[0]
      processors: zzzUnity.Burst.CodeGen.BurstILPostProcessor
[40m[32minfo[39m[22m[49m: Unity.ILPP.Runner.PostProcessingPipeline[0]
      running zzzUnity.Burst.CodeGen.BurstILPostProcessor
[40m[32minfo[39m[22m[49m: Microsoft.AspNetCore.Routing.EndpointMiddleware[1]
      Executed endpoint 'gRPC - /UnityILPP.PostProcessing/PostProcessAssembly'
[40m[32minfo[39m[22m[49m: Microsoft.AspNetCore.Hosting.Diagnostics[2]
      Request finished HTTP/2 POST http://ilpp/UnityILPP.PostProcessing/PostProcessAssembly application/grpc - - 200 - application/grpc 2.0815ms
ExitCode: 0 Duration: 2s804ms
Finished compiling graph: 589 nodes, 8318 flattened edges (6910 ToBuild, 102 ToUse), maximum node priority 648
[445/586    1s] ILPP-Configuration Library/ilpp-configuration.nevergeneratedoutput
[578/586    2s] Csc Library/Bee/artifacts/200b0aE.dag/TerritoryDeveloper.Game.dll (+2 others)
Assets/Scripts/Managers/GameManagers/AutoRoadBuilder.cs(759,13): warning CS0219: The variable 'waterRun' is assigned but its value is never used
Assets/Scripts/Managers/GameManagers/TestRiverGenerator.cs(55,17): warning CS0219: The variable 'yEast' is assigned but its value is never used
Assets/Scripts/Managers/GameManagers/TerrainManager.cs(105,36): warning CS0414: The field 'TerrainManager.cliffWallSouthFaceNudgeTileWidthFraction' is assigned but its value is never used
Assets/Scripts/Managers/GameManagers/TerrainManager.cs(111,36): warning CS0414: The field 'TerrainManager.cliffWallEastFaceNudgeTileHeightFraction' is assigned but its value is never used
Assets/Scripts/Controllers/GameControllers/MiniMapController.cs(75,18): warning CS0414: The field 'MiniMapController.wasVisibleBeforePopup' is assigned but its value is never used
Assets/Scripts/Managers/GameManagers/TerrainManager.cs(107,36): warning CS0414: The field 'TerrainManager.cliffWallSouthFaceNudgeTileHeightFraction' is assigned but its value is never used
Assets/Scripts/Managers/GameManagers/AutoRoadBuilder.cs(51,28): warning CS0414: The field 'AutoRoadBuilder.desirabilityGrowthPenalty' is assigned but its value is never used
Assets/Scripts/Managers/GameManagers/TerrainManager.cs(109,36): warning CS0414: The field 'TerrainManager.cliffWallEastFaceNudgeTileWidthFraction' is assigned but its value is never used
Assets/Scripts/Managers/GameManagers/TerrainManager.cs(103,36): warning CS0414: The field 'TerrainManager.cliffWallPivotDownHeightSteps' is assigned but its value is never used
[579/586    0s] ILPostProcess Library/Bee/artifacts/200b0aE.dag/post-processed/TerritoryDeveloper.Game.dll (+pdb)
Processing assembly Library/Bee/artifacts/200b0aE.dag/TerritoryDeveloper.Game.dll, with 117 defines and 220 references
processors: zzzUnity.Burst.CodeGen.BurstILPostProcessor
running zzzUnity.Burst.CodeGen.BurstILPostProcessor
[580/586    0s] CopyFiles Library/ScriptAssemblies/TerritoryDeveloper.Game.dll
[581/586    0s] CopyFiles Library/ScriptAssemblies/TerritoryDeveloper.Game.pdb
[582/586    0s] Csc Library/Bee/artifacts/200b0aE.dag/TerritoryDeveloper.EditModeTests.dll (+2 others)
[583/586    0s] ILPostProcess Library/Bee/artifacts/200b0aE.dag/post-processed/TerritoryDeveloper.EditModeTests.dll (+pdb)
Processing assembly Library/Bee/artifacts/200b0aE.dag/TerritoryDeveloper.EditModeTests.dll, with 115 defines and 218 references
processors: zzzUnity.Burst.CodeGen.BurstILPostProcessor
running zzzUnity.Burst.CodeGen.BurstILPostProcessor
[584/586    0s] CopyFiles Library/ScriptAssemblies/TerritoryDeveloper.EditModeTests.pdb
[585/586    0s] CopyFiles Library/ScriptAssemblies/TerritoryDeveloper.EditModeTests.dll
*** Tundra build success (2.79 seconds), 9 items updated, 586 evaluated
Assets/Scripts/Managers/GameManagers/AutoRoadBuilder.cs(759,13): warning CS0219: The variable 'waterRun' is assigned but its value is never used
Assets/Scripts/Managers/GameManagers/TestRiverGenerator.cs(55,17): warning CS0219: The variable 'yEast' is assigned but its value is never used
Assets/Scripts/Managers/GameManagers/TerrainManager.cs(105,36): warning CS0414: The field 'TerrainManager.cliffWallSouthFaceNudgeTileWidthFraction' is assigned but its value is never used
Assets/Scripts/Managers/GameManagers/TerrainManager.cs(111,36): warning CS0414: The field 'TerrainManager.cliffWallEastFaceNudgeTileHeightFraction' is assigned but its value is never used
Assets/Scripts/Controllers/GameControllers/MiniMapController.cs(75,18): warning CS0414: The field 'MiniMapController.wasVisibleBeforePopup' is assigned but its value is never used
Assets/Scripts/Managers/GameManagers/TerrainManager.cs(107,36): warning CS0414: The field 'TerrainManager.cliffWallSouthFaceNudgeTileHeightFraction' is assigned but its value is never used
Assets/Scripts/Managers/GameManagers/AutoRoadBuilder.cs(51,28): warning CS0414: The field 'AutoRoadBuilder.desirabilityGrowthPenalty' is assigned but its value is never used
Assets/Scripts/Managers/GameManagers/TerrainManager.cs(109,36): warning CS0414: The field 'TerrainManager.cliffWallEastFaceNudgeTileWidthFraction' is assigned but its value is never used
Assets/Scripts/Managers/GameManagers/TerrainManager.cs(103,36): warning CS0414: The field 'TerrainManager.cliffWallPivotDownHeightSteps' is assigned but its value is never used
Assets/Scripts/Managers/GameManagers/TerrainManager.cs(105,36): warning CS0414: The field 'TerrainManager.cliffWallSouthFaceNudgeTileWidthFraction' is assigned but its value is never used
Assets/Scripts/Managers/GameManagers/TerrainManager.cs(111,36): warning CS0414: The field 'TerrainManager.cliffWallEastFaceNudgeTileHeightFraction' is assigned but its value is never used
Assets/Scripts/Controllers/GameControllers/MiniMapController.cs(75,18): warning CS0414: The field 'MiniMapController.wasVisibleBeforePopup' is assigned but its value is never used
Assets/Scripts/Managers/GameManagers/TerrainManager.cs(107,36): warning CS0414: The field 'TerrainManager.cliffWallSouthFaceNudgeTileHeightFraction' is assigned but its value is never used
Assets/Scripts/Managers/GameManagers/AutoRoadBuilder.cs(51,28): warning CS0414: The field 'AutoRoadBuilder.desirabilityGrowthPenalty' is assigned but its value is never used
Assets/Scripts/Managers/GameManagers/TerrainManager.cs(109,36): warning CS0414: The field 'TerrainManager.cliffWallEastFaceNudgeTileWidthFraction' is assigned but its value is never used
Assets/Scripts/Managers/GameManagers/TerrainManager.cs(103,36): warning CS0414: The field 'TerrainManager.cliffWallPivotDownHeightSteps' is assigned but its value is never used
Total cache size 19010412
Total cache size after purge 19010412
AssetDatabase: script compilation time: 4.304348s
Begin MonoManager ReloadAssembly
- Loaded All Assemblies, in  0.380 seconds
Refreshing native plugins compatible for Editor in 2.45 ms, found 3 plugins.
Preloading 0 native plugins for Editor in 0.00 ms.
Start importing Assets/Scripts/Managers/GameManagers/UIManager.cs using Guid(a562b16ebcb294d1eaf19f16c4ef5e2d) Importer(-1,00000000000000000000000000000000) [PhysX] Initialized MultithreadedTaskDispatcher with 10 workers.
 -> (artifact id: '53ae212318d78786cdedae9b45b547d5') in 0.014317 seconds
Start importing Assets/Scripts/Managers/GameManagers/UIManager.Hud.cs using Guid(be820ad2f7fb4a1a8b7be9fd6c531217) Importer(-1,00000000000000000000000000000000) [PhysX] Initialized MultithreadedTaskDispatcher with 10 workers.
 -> (artifact id: '78608c5eb78dc59024afbcc8551fd723') in 0.002273 seconds
Refreshing native plugins compatible for Editor in 1.23 ms, found 3 plugins.
Native extension for OSXStandalone target not found
Mono: successfully reloaded assembly
- Finished resetting the current domain, in  1.690 seconds
Domain Reload Profiling: 2070ms
	BeginReloadAssembly (75ms)
		ExecutionOrderSort (0ms)
		DisableScriptedObjects (3ms)
		BackupInstance (0ms)
		ReleaseScriptingObjects (0ms)
		CreateAndSetChildDomain (14ms)
	RebuildCommonClasses (19ms)
	RebuildNativeTypeToScriptingClass (7ms)
	initialDomainReloadingComplete (14ms)
	LoadAllAssembliesAndSetupDomain (264ms)
		LoadAssemblies (193ms)
		RebuildTransferFunctionScriptingTraits (0ms)
		AnalyzeDomain (105ms)
			TypeCache.Refresh (91ms)
				TypeCache.ScanAssembly (80ms)
			ScanForSourceGeneratedMonoScriptInfo (9ms)
			ResolveRequiredComponents (4ms)
	FinalizeReload (1690ms)
		ReleaseScriptCaches (0ms)
		RebuildScriptCaches (0ms)
		SetupLoadedEditorAssemblies (1592ms)
			LogAssemblyErrors (0ms)
			InitializePlatformSupportModulesInManaged (2ms)
			SetLoadedEditorAssemblies (4ms)
			RefreshPlugins (0ms)
			BeforeProcessingInitializeOnLoad (45ms)
			ProcessInitializeOnLoadAttributes (1501ms)
			ProcessInitializeOnLoadMethodAttributes (39ms)
			AfterProcessingInitializeOnLoad (1ms)
			EditorAssembliesLoaded (0ms)
		ExecutionOrderSort2 (0ms)
		AwakeInstancesAfterBackupRestoration (2ms)
Refreshing native plugins compatible for Editor in 1.35 ms, found 3 plugins.
Preloading 0 native plugins for Editor in 0.00 ms.
Asset Pipeline Refresh (id=892c9c963f7df497089eb287314d7690): Total: 9.579 seconds - Initiated by InitialRefreshV2(ForceSynchronousImport)
	Summary:
		Imports: total=6 (actual=2, local cache=4, cache server=0)
		Asset DB Process Time: managed=6 ms, native=3091 ms
		Asset DB Callback time: managed=41 ms, native=9 ms
		Scripting: domain reloads=1, domain reload time=2102 ms, compile time=4306 ms, other=21 ms
		Project Asset Count: scripts=5008, non-scripts=1962
		Asset File Changes: new=0, changed=2, moved=0, deleted=0
		Scan Filter Count: 1
	InvokeBeforeRefreshCallbacks: 0.235ms
	ApplyChangesToAssetFolders: 0.050ms
	Scan: 1713.445ms
	OnSourceAssetsModified: 1.448ms
	GetAllGuidsForCategorization: 0.935ms
	CategorizeAssets: 146.481ms
	ImportOutOfDateAssets: 1770.074ms (-2601.839ms without children)
		ImportManagerImport: 24.729ms (2.787ms without children)
			ImportInProcess: 21.918ms
			UpdateCategorizedAssets: 0.024ms
		CompileScripts: 4305.690ms
		ReloadNativeAssets: 0.000ms
		UnloadImportedAssets: 25.533ms
		ReloadImportedAssets: 0.302ms
		EnsureUptoDateAssetsAreRegisteredWithGuidPM: 1.609ms
		InitializingProgressBar: 0.000ms
		PostProcessAllAssetNotificationsAddChangedAssets: 0.000ms
		OnDemandSchedulerStart: 14.049ms
	PostProcessAllAssets: 45.590ms
	Hotreload: 2.778ms
	GatherAllCurrentPrimaryArtifactRevisions: 0.000ms
	UnloadStreamsBegin: 0.285ms
	PersistCurrentRevisions: 1.692ms
	UnloadStreamsEnd: 0.018ms
	GenerateScriptTypeHashes: 9.485ms
	Untracked: 5895.753ms
Application.AssetDatabase Initial Refresh End
Scanning for USB devices : 0.181ms
Initializing Unity extensions:
[Licensing::Client] Successfully resolved entitlement details
[MODES] ModeService[none].Initialize
[MODES] ModeService[none].LoadModes
[MODES] Loading mode Default (0) for mode-current-id-Terrain Developer
[PhysX] Initialized MultithreadedTaskDispatcher with 10 workers.
ProgressiveSceneManager::Cancel()
-- Listing OpenCL platforms(s) --
 * OpenCL platform 0
	PROFILE = FULL_PROFILE
	VERSION = OpenCL 1.2 (Nov  8 2025 19:10:43)
	NAME = Apple
	VENDOR = Apple
-- Listing OpenCL device(s) --
 * OpenCL platform 0, device 0 
	DEVICE_TYPE = 4
	DEVICE_NAME = Apple M2 Pro
	DEVICE_VENDOR = Apple
	DEVICE_VERSION = OpenCL 1.2 
	DRIVER_VERSION = 1.2 1.0
	DEVICE_MAX_COMPUTE_UNITS = 16
	DEVICE_MAX_CLOCK_FREQUENCY = 1000
	CL_DEVICE_MAX_CONSTANT_BUFFER_SIZE = 1073741824
	CL_DEVICE_HOST_UNIFIED_MEMORY = true
	CL_DEVICE_MAX_MEM_ALLOC_SIZE = 2383708160
	DEVICE_GLOBAL_MEM_SIZE = 12713115648
-- GPU Progressive lightmapper will use OpenCL device 'Apple M2 Pro' from 'Apple'--
   use -OpenCL-PlatformAndDeviceIndices <platformIdx> <deviceIdx> as command line arguments if you want to select a specific adapter for OpenCL.
Unloading 8 Unused Serialized files (Serialized files now loaded: 0)
Unloading 81 unused Assets / (457.0 KB). Loaded Objects now: 4674.
Memory consumption went from 149.8 MB to 149.3 MB.
Total: 3.747917 ms (FindLiveObjects: 0.201167 ms CreateObjectMapping: 0.072708 ms MarkObjects: 3.141042 ms  DeleteObjects: 0.332625 ms)

Batchmode quit successfully invoked - shutting down!
Curl error 42: Callback aborted
Thread 0x16bc07000 may have been prematurely finalized
[PhysX] Initialized MultithreadedTaskDispatcher with 10 workers.
Input System module state changed to: ShutdownInProgress.
Input System polling thread exited.
Input System module state changed to: Shutdown.
[Licensing::IpcConnector] LicenseClient-javier-notifications channel disconnected successfully.
[Licensing::IpcConnector] LicenseClient-javier channel disconnected successfully.
Thread 0x16c17f000 may have been prematurely finalized
Cleanup mono
[40m[32minfo[39m[22m[49m: Microsoft.Hosting.Lifetime[0]
      Application is shutting down...
[40m[32minfo[39m[22m[49m: Unity.ILPP.Runner.PostProcessingAssemblyLoadContext[0]
      ALC ILPP context 1 is unloading
debugger-agent: Unable to listen on 49
[Performance] Application.InitializeProject                                                                                  :        1 samples, Peak.  12.5 s (1.0x), Avg.  12.5 s, Total. 12.49 s (78.0%)
[Performance] Application.PackageManager.StartServer                                                                         :        1 samples, Peak.  15.5 ms (1.0x), Avg.  15.5 ms, Total. 15.50 ms (0.1%)
[Performance] Application.AcquireProjectLock                                                                                 :        1 samples, Peak.  8.43 ms (1.0x), Avg.  8.43 ms, Total. 8.428 ms (0.1%)
[Performance] Application.InitializeEngineNoGraphics                                                                         :        1 samples, Peak.  62.0 ms (1.0x), Avg.  62.0 ms, Total. 62.00 ms (0.4%)
[Performance] Application.PackageManager.Initialize                                                                          :        1 samples, Peak.  1.46 s (1.0x), Avg.  1.46 s, Total. 1.460 s (9.1%)
[Performance] Connecting to Package Manager                                                                                  :      147 samples, Peak.  46.1 us (42.7x), Avg.  1.08 us, Total. 158.5 us (0.0%)
[Performance] Application.EngineGraphics.Initialize                                                                          :        1 samples, Peak.  59.7 ms (1.0x), Avg.  59.7 ms, Total. 59.73 ms (0.4%)
[Performance] Application.GI.Initialize                                                                                      :        1 samples, Peak.  1.73 ms (1.0x), Avg.  1.73 ms, Total. 1.726 ms (0.0%)
[Performance] Application.LoadAllDefaultResourcesFromEditor                                                                  :        1 samples, Peak.  1.38 ms (1.0x), Avg.  1.38 ms, Total. 1.382 ms (0.0%)
[Performance] Application.LoadMonoAssemblies                                                                                 :        1 samples, Peak.   408 ms (1.0x), Avg.   408 ms, Total. 407.9 ms (2.5%)
[Performance] RestoreManagedReferences                                                                                       :        2 samples, Peak.  34.0 ms (2.0x), Avg.  17.0 ms, Total. 34.00 ms (0.2%)
[Performance] InitializeOnLoad DrivenRectTransformUndo                                                                       :        2 samples, Peak.   256 us (1.1x), Avg.   236 us, Total. 471.9 us (0.0%)
[Performance] InitializeOnLoad SceneSearch                                                                                   :        2 samples, Peak.  85.6 us (1.2x), Avg.  72.8 us, Total. 145.5 us (0.0%)
[Performance] InitializeOnLoad CloudBuild                                                                                    :        2 samples, Peak.  3.38 us (1.4x), Avg.  2.38 us, Total. 4.750 us (0.0%)
[Performance] InitializeOnLoad NativeFormatImporterUtility                                                                   :        2 samples, Peak.  1.71 ms (1.3x), Avg.  1.34 ms, Total. 2.681 ms (0.0%)
[Performance] InitializeOnLoad SearchService                                                                                 :        2 samples, Peak.  64.5 us (1.0x), Avg.  63.0 us, Total. 125.9 us (0.0%)
[Performance] InitializeOnLoad SettingsService                                                                               :        2 samples, Peak.  6.63 us (1.2x), Avg.  5.50 us, Total. 11.00 us (0.0%)
[Performance] InitializeOnLoad WindowLayout                                                                                  :        2 samples, Peak.   428 us (1.0x), Avg.   420 us, Total. 840.6 us (0.0%)
[Performance] InitializeOnLoad AssetStoreContext                                                                             :        2 samples, Peak.  18.4 ms (1.1x), Avg.  16.7 ms, Total. 33.31 ms (0.2%)
[Performance] InitializeOnLoad PoolManager                                                                                   :        2 samples, Peak.   319 us (1.0x), Avg.   315 us, Total. 629.7 us (0.0%)
[Performance] InitializeOnLoad MixerEffectDefinitionReloader                                                                 :        2 samples, Peak.  1.76 ms (1.2x), Avg.  1.43 ms, Total. 2.861 ms (0.0%)
[Performance] InitializeOnLoad ProjectSearch                                                                                 :        2 samples, Peak.  51.8 us (1.3x), Avg.  39.6 us, Total. 79.21 us (0.0%)
[Performance] InitializeOnLoad UISystemProfilerRenderService                                                                 :        2 samples, Peak.  6.63 us (1.3x), Avg.  5.10 us, Total. 10.21 us (0.0%)
[Performance] InitializeOnLoad EditMode                                                                                      :        2 samples, Peak.   423 us (1.3x), Avg.   320 us, Total. 640.1 us (0.0%)
[Performance] InitializeOnLoad UnityConnect                                                                                  :        2 samples, Peak.  33.5 us (1.1x), Avg.  29.5 us, Total. 59.04 us (0.0%)
[Performance] InitializeOnLoad ManagedDebugger                                                                               :        2 samples, Peak.   382 us (1.1x), Avg.   351 us, Total. 701.9 us (0.0%)
[Performance] InitializeOnLoad ShortcutIntegration                                                                           :        2 samples, Peak.  39.2 us (1.0x), Avg.  39.2 us, Total. 78.46 us (0.0%)
[Performance] InitializeOnLoad AddComponentWindow                                                                            :        2 samples, Peak.  74.7 us (1.1x), Avg.  67.0 us, Total. 134.0 us (0.0%)
[Performance] InitializeOnLoad ManagedDebuggerWindow                                                                         :        2 samples, Peak.  67.5 us (1.0x), Avg.  66.3 us, Total. 132.5 us (0.0%)
[Performance] InitializeOnLoad CacheServerWindow                                                                             :        2 samples, Peak.  6.46 us (1.4x), Avg.  4.75 us, Total. 9.499 us (0.0%)
[Performance] InitializeOnLoad PlayModeDownload                                                                              :        2 samples, Peak.  3.24 ms (1.9x), Avg.  1.68 ms, Total. 3.355 ms (0.0%)
[Performance] InitializeOnLoad MenuItems                                                                                     :        2 samples, Peak.  46.7 us (1.0x), Avg.  45.4 us, Total. 90.71 us (0.0%)
[Performance] InitializeOnLoad PrefabInstanceChangedListener                                                                 :        2 samples, Peak.  74.8 us (1.1x), Avg.  70.3 us, Total. 140.6 us (0.0%)
[Performance] InitializeOnLoad ObjectSelectorSearch                                                                          :        2 samples, Peak.  53.9 us (1.6x), Avg.  33.8 us, Total. 67.50 us (0.0%)
[Performance] InitializeOnLoad EditorMonitor                                                                                 :        2 samples, Peak.   430 us (1.4x), Avg.   317 us, Total. 634.3 us (0.0%)
[Performance] InitializeOnLoad RetainedMode                                                                                  :        2 samples, Peak.  1.46 ms (1.1x), Avg.  1.38 ms, Total. 2.758 ms (0.0%)
[Performance] InitializeOnLoad EditorShaderLoader                                                                            :        2 samples, Peak.  1.06 ms (1.5x), Avg.   715 us, Total. 1.430 ms (0.0%)
[Performance] InitializeOnLoad EditorDelegateRegistration                                                                    :        2 samples, Peak.   390 us (1.2x), Avg.   316 us, Total. 632.8 us (0.0%)
[Performance] InitializeOnLoad UIDocumentHierarchyWatcher                                                                    :        2 samples, Peak.  41.5 us (1.1x), Avg.  38.6 us, Total. 77.17 us (0.0%)
[Performance] InitializeOnLoad LiveReloadTrackerCreator                                                                      :        2 samples, Peak.   939 us (1.9x), Avg.   505 us, Total. 1.010 ms (0.0%)
[Performance] InitializeOnLoad UxmlObjectEditorFactories                                                                     :        2 samples, Peak.   348 us (1.2x), Avg.   283 us, Total. 565.6 us (0.0%)
[Performance] InitializeOnLoad UXMLEditorFactories                                                                           :        2 samples, Peak.  41.3 ms (1.1x), Avg.  37.0 ms, Total. 74.09 ms (0.5%)
[Performance] InitializeOnLoad PurchasingService                                                                             :        2 samples, Peak.  4.15 ms (1.0x), Avg.  3.97 ms, Total. 7.933 ms (0.0%)
[Performance] InitializeOnLoad CloudBuildPoller                                                                              :        2 samples, Peak.  59.3 us (1.1x), Avg.  55.5 us, Total. 111.0 us (0.0%)
[Performance] InitializeOnLoad EditorGameServicesAnalytics                                                                   :        2 samples, Peak.   717 us (1.2x), Avg.   602 us, Total. 1.204 ms (0.0%)
[Performance] InitializeOnLoad AnalyticsService                                                                              :        2 samples, Peak.   121 us (1.1x), Avg.   108 us, Total. 215.3 us (0.0%)
[Performance] InitializeOnLoad BuildService                                                                                  :        2 samples, Peak.  92.5 us (1.0x), Avg.  88.3 us, Total. 176.6 us (0.0%)
[Performance] InitializeOnLoad AdsService                                                                                    :        2 samples, Peak.   290 us (1.2x), Avg.   248 us, Total. 495.0 us (0.0%)
[Performance] InitializeOnLoad UDPService                                                                                    :        2 samples, Peak.  86.8 us (1.0x), Avg.  83.7 us, Total. 167.3 us (0.0%)
[Performance] InitializeOnLoad CrashService                                                                                  :        2 samples, Peak.  86.2 us (1.0x), Avg.  83.8 us, Total. 167.6 us (0.0%)
[Performance] InitializeOnLoad ServicesRepository                                                                            :        2 samples, Peak.   250 ns (1.0x), Avg.   250 ns, Total. 500.0 ns (0.0%)
[Performance] InitializeOnLoad SearchWindow                                                                                  :        2 samples, Peak.  76.4 us (1.2x), Avg.  65.1 us, Total. 130.2 us (0.0%)
[Performance] InitializeOnLoad CustomIndexers                                                                                :        2 samples, Peak.  11.2 ms (1.1x), Avg.  10.3 ms, Total. 20.52 ms (0.1%)
[Performance] InitializeOnLoad SearchMonitor                                                                                 :        2 samples, Peak.   840 us (1.4x), Avg.   608 us, Total. 1.217 ms (0.0%)
[Performance] InitializeOnLoad ParameterControllerEditor                                                                     :        2 samples, Peak.  42.8 us (1.6x), Avg.  26.1 us, Total. 52.17 us (0.0%)
[Performance] InitializeOnLoad LayerSettingsWindow                                                                           :        2 samples, Peak.  21.0 us (1.8x), Avg.  11.6 us, Total. 23.29 us (0.0%)
[Performance] InitializeOnLoad PackageManagerHookGUIDConverter.RegisterPackagesEventHandler                                  :        2 samples, Peak.   359 us (1.7x), Avg.   217 us, Total. 433.2 us (0.0%)
[Performance] InitializeOnLoad EditorDragAndDrop.RegisterEditorClient                                                        :        2 samples, Peak.   199 us (1.4x), Avg.   144 us, Total. 287.3 us (0.0%)
[Performance] InitializeOnLoad EditorEventCallbacks.InitializeFontAssetResourceChangeCallBacks                               :        2 samples, Peak.   663 us (1.0x), Avg.   634 us, Total. 1.267 ms (0.0%)
[Performance] InitializeOnLoad SceneTemplateService.Init                                                                     :        2 samples, Peak.   581 us (1.1x), Avg.   523 us, Total. 1.046 ms (0.0%)
[Performance] InitializeOnLoad DiagnosticSwitchesConsoleMessage.Init                                                         :        2 samples, Peak.  1.51 ms (1.7x), Avg.   882 us, Total. 1.765 ms (0.0%)
[Performance] InitializeOnLoad PackageManagerWindow.EditorInitializedInSafeMode                                              :        2 samples, Peak.  14.6 ms (2.0x), Avg.  7.35 ms, Total. 14.70 ms (0.1%)
[Performance] InitializeOnLoad ToolShortcutContext.Init                                                                      :        2 samples, Peak.  69.1 us (1.1x), Avg.  63.4 us, Total. 126.8 us (0.0%)
[Performance] InitializeOnLoad MemoryProfilerCompilationGuard.InjectCompileGuard                                             :        2 samples, Peak.  64.6 us (1.2x), Avg.  55.0 us, Total. 110.0 us (0.0%)
[Performance] InitializeOnLoad AssetPostprocessingInternal.RefreshCustomDependencies                                         :        2 samples, Peak.  1.84 ms (1.1x), Avg.  1.69 ms, Total. 3.381 ms (0.0%)
[Performance] InitializeOnLoad SysrootManager.Initialize                                                                     :        2 samples, Peak.  1.16 ms (1.7x), Avg.   682 us, Total. 1.363 ms (0.0%)
[Performance] InitializeOnLoad ScopedRegistryAddedPopup.SubscribeToRegistriesAdded                                           :        2 samples, Peak.  4.20 ms (2.0x), Avg.  2.12 ms, Total. 4.237 ms (0.0%)
[Performance] InitializeOnLoad SceneVisibilityManager.Initialize                                                             :        2 samples, Peak.  2.66 ms (1.7x), Avg.  1.54 ms, Total. 3.085 ms (0.0%)
[Performance] InitializeOnLoad EditorWindow.Initialize                                                                       :        2 samples, Peak.   143 us (1.1x), Avg.   128 us, Total. 256.5 us (0.0%)
[Performance] AssemblyReloadEvents.afterAssemblyReload: UnityEditor.SceneTemplate.SceneTemplateService.AfterAssemblyReload   :        2 samples, Peak.  1.80 ms (1.9x), Avg.   965 us, Total. 1.930 ms (0.0%)
[Performance] ProcessService.EditorAfterLoadAllAssemblies                                                                    :        2 samples, Peak.   324 us (1.2x), Avg.   275 us, Total. 550.5 us (0.0%)
[Performance] Application.ReadLicenseInfo                                                                                    :        1 samples, Peak.  11.9 ms (1.0x), Avg.  11.9 ms, Total. 11.90 ms (0.1%)
[Performance] Application.InitialRefresh                                                                                     :        1 samples, Peak.  9.58 s (1.0x), Avg.  9.58 s, Total. 9.580 s (59.9%)
[Performance] ShaderImporter.SourceAssetModified                                                                             :        2 samples, Peak.   458 ns (1.1x), Avg.   416 ns, Total. 833.0 ns (0.0%)
[Performance] ShaderIncludeImporter.SourceAssetModified                                                                      :        2 samples, Peak.  1.67 us (1.4x), Avg.  1.23 us, Total. 2.458 us (0.0%)
[Performance] Compiling Scripts                                                                                              :        1 samples, Peak.  4.30 s (1.0x), Avg.  4.30 s, Total. 4.304 s (26.9%)
[Performance] AssemblyReloadEvents.beforeAssemblyReload: UnityEditor.SceneTemplate.SceneTemplateService.BeforeAssemblyReload :        1 samples, Peak.   534 us (1.0x), Avg.   534 us, Total. 534.1 us (0.0%)
[Performance] PSDImporterAssetPostProcessor.OnPreprocessAsset                                                                :        2 samples, Peak.   802 us (2.0x), Avg.   408 us, Total. 815.8 us (0.0%)
[Performance] PresetManagerPostProcessor.OnPreprocessAsset                                                                   :        2 samples, Peak.   125 us (1.9x), Avg.  66.4 us, Total. 132.7 us (0.0%)
[Performance] CancelSplashScreenOnAssetChange.OnPreprocessAsset                                                              :        2 samples, Peak.   396 us (2.0x), Avg.   199 us, Total. 398.7 us (0.0%)
[Performance] SpritePostProcess.OnPreprocessAsset                                                                            :        2 samples, Peak.  3.78 ms (2.0x), Avg.  1.91 ms, Total. 3.810 ms (0.0%)
[Performance] InitializeOnLoad BurstLoader                                                                                   :        1 samples, Peak.  1.24 s (1.0x), Avg.  1.24 s, Total. 1.237 s (7.7%)
[Performance] InitializeOnLoad BackgroundWatcher                                                                             :        1 samples, Peak.   860 us (1.0x), Avg.   860 us, Total. 860.5 us (0.0%)
[Performance] InitializeOnLoad UnityTestProtocolStarter                                                                      :        1 samples, Peak.   948 us (1.0x), Avg.   948 us, Total. 948.2 us (0.0%)
[Performance] InitializeOnLoad TestStarter                                                                                   :        1 samples, Peak.   793 us (1.0x), Avg.   793 us, Total. 792.5 us (0.0%)
[Performance] InitializeOnLoad RerunCallbackInitializer                                                                      :        1 samples, Peak.  5.29 ms (1.0x), Avg.  5.29 ms, Total. 5.288 ms (0.0%)
[Performance] InitializeOnLoad EditorToolManager                                                                             :        1 samples, Peak.  4.71 ms (1.0x), Avg.  4.71 ms, Total. 4.714 ms (0.0%)
[Performance] InitializeOnLoad VSUsageUtility                                                                                :        1 samples, Peak.  22.9 ms (1.0x), Avg.  22.9 ms, Total. 22.92 ms (0.1%)
[Performance] InitializeOnLoad VisualStudioEditor                                                                            :        1 samples, Peak.  15.2 ms (1.0x), Avg.  15.2 ms, Total. 15.22 ms (0.1%)
[Performance] InitializeOnLoad TestRunnerApiListener                                                                         :        1 samples, Peak.   251 us (1.0x), Avg.   251 us, Total. 251.2 us (0.0%)
[Performance] InitializeOnLoad VisualStudioIntegration                                                                       :        1 samples, Peak.   904 us (1.0x), Avg.   904 us, Total. 904.2 us (0.0%)
[Performance] InitializeOnLoad PrefabLayoutRebuilder                                                                         :        1 samples, Peak.   234 us (1.0x), Avg.   234 us, Total. 233.8 us (0.0%)
[Performance] InitializeOnLoad SpriteSkinCompositeStartup                                                                    :        1 samples, Peak.  16.6 ms (1.0x), Avg.  16.6 ms, Total. 16.61 ms (0.1%)
[Performance] InitializeOnLoad RiderScriptEditor                                                                             :        1 samples, Peak.  6.22 ms (1.0x), Avg.  6.22 ms, Total. 6.222 ms (0.0%)
[Performance] InitializeOnLoad CallbackInitializer                                                                           :        1 samples, Peak.  1.63 ms (1.0x), Avg.  1.63 ms, Total. 1.626 ms (0.0%)
[Performance] InitializeOnLoad AgentBridgeConsoleBuffer                                                                      :        1 samples, Peak.   610 us (1.0x), Avg.   610 us, Total. 609.7 us (0.0%)
[Performance] InitializeOnLoad SpriteEditorWindow                                                                            :        1 samples, Peak.   526 us (1.0x), Avg.   526 us, Total. 525.6 us (0.0%)
[Performance] InitializeOnLoad PlasticPlugin                                                                                 :        1 samples, Peak.  63.5 ms (1.0x), Avg.  63.5 ms, Total. 63.51 ms (0.4%)
[Performance] InitializeOnLoad UnityAnalyticsStorage                                                                         :        1 samples, Peak.   341 us (1.0x), Avg.   341 us, Total. 341.3 us (0.0%)
[Performance] InitializeOnLoad BoneGizmoInitializer                                                                          :        1 samples, Peak.  2.33 ms (1.0x), Avg.  2.33 ms, Total. 2.333 ms (0.0%)
[Performance] InitializeOnLoad Analytics                                                                                     :        1 samples, Peak.   194 us (1.0x), Avg.   194 us, Total. 193.6 us (0.0%)
[Performance] InitializeOnLoad ToolbarBootstrap                                                                              :        1 samples, Peak.  30.7 ms (1.0x), Avg.  30.7 ms, Total. 30.73 ms (0.2%)
[Performance] InitializeOnLoad BackgroundImport                                                                              :        1 samples, Peak.   117 us (1.0x), Avg.   117 us, Total. 117.1 us (0.0%)
[Performance] InitializeOnLoad SceneDragAndDrop                                                                              :        1 samples, Peak.   143 us (1.0x), Avg.   143 us, Total. 143.3 us (0.0%)
[Performance] InitializeOnLoad SpriteShapeUpdateCache                                                                        :        1 samples, Peak.   344 us (1.0x), Avg.   344 us, Total. 344.2 us (0.0%)
[Performance] InitializeOnLoad SpriteShapeUnityAnalyticsStorage                                                              :        1 samples, Peak.  15.7 us (1.0x), Avg.  15.7 us, Total. 15.67 us (0.0%)
[Performance] InitializeOnLoad IKEditorManager.CreateInstance                                                                :        1 samples, Peak.  1.13 ms (1.0x), Avg.  1.13 ms, Total. 1.131 ms (0.0%)
[Performance] InitializeOnLoad $BurstDirectCallInitializer.Initialize                                                        :        7 samples, Peak.  10.8 ms (3.7x), Avg.  2.94 ms, Total. 20.59 ms (0.1%)
[Performance] InitializeOnLoad SceneViewGridManager.Initialize                                                               :        1 samples, Peak.  2.27 ms (1.0x), Avg.  2.27 ms, Total. 2.270 ms (0.0%)
[Performance] InitializeOnLoad TilemapPrefabStageHelper.Initialize                                                           :        1 samples, Peak.   695 us (1.0x), Avg.   695 us, Total. 694.7 us (0.0%)
[Performance] InitializeOnLoad SceneViewOpenTilePaletteHelper.Initialize                                                     :        1 samples, Peak.   473 us (1.0x), Avg.   473 us, Total. 473.0 us (0.0%)
[Performance] InitializeOnLoad TileDragAndDropManager.Initialize                                                             :        1 samples, Peak.   298 us (1.0x), Avg.   298 us, Total. 297.7 us (0.0%)
[Performance] InitializeOnLoad BackgroundImport.Setup                                                                        :        1 samples, Peak.   655 us (1.0x), Avg.   655 us, Total. 654.5 us (0.0%)
[Performance] InitializeOnLoad AgentBridgeCommandRunner.RegisterUpdate                                                       :        1 samples, Peak.   666 us (1.0x), Avg.   666 us, Total. 666.3 us (0.0%)
[Performance] InitializeOnLoad TestJobDataHolder.ResumeRunningJobs                                                           :        1 samples, Peak.   551 us (1.0x), Avg.   551 us, Total. 550.7 us (0.0%)
[Performance] InitializeOnLoad AnalyticsReporter.RegisterCallbacks                                                           :        1 samples, Peak.   136 us (1.0x), Avg.   136 us, Total. 136.4 us (0.0%)
[Performance] InitializeOnLoad VisualStudioEditor.LegacyVisualStudioCodePackageDisabler                                      :        1 samples, Peak.   141 us (1.0x), Avg.   141 us, Total. 141.4 us (0.0%)
[Performance] DidReloadScriptsTestRunnerWindow.CompilationCallback                                                           :        1 samples, Peak.   637 us (1.0x), Avg.   637 us, Total. 636.9 us (0.0%)
[Performance] DidReloadScriptsTestListCache.ScriptReloaded                                                                   :        1 samples, Peak.  1.93 ms (1.0x), Avg.  1.93 ms, Total. 1.933 ms (0.0%)
[Performance] DidReloadScriptsAdvancedDropdownWindow.OnScriptReload                                                          :        1 samples, Peak.   152 us (1.0x), Avg.   152 us, Total. 151.9 us (0.0%)
[Performance] AssemblyReloadEvents.afterAssemblyReload: UnityEditor.U2D.Animation.BoneGizmo.OnAfterAssemblyReload            :        1 samples, Peak.   439 us (1.0x), Avg.   439 us, Total. 439.4 us (0.0%)
[Performance] AssetDatabase.ImportAssets                                                                                     :        3 samples, Peak.   458 ns (1.6x), Avg.   278 ns, Total. 834.0 ns (0.0%)
[Performance] VersionControl.Task.Wait                                                                                       :        1 samples, Peak.  72.0 us (1.0x), Avg.  72.0 us, Total. 71.96 us (0.0%)
[Performance] TMPro_TexturePostProcessor.OnPostprocessAllAssets                                                              :        2 samples, Peak.   478 us (1.1x), Avg.   444 us, Total. 888.4 us (0.0%)
[Performance] AssetPostprocessor.OnPostprocessAllAssets                                                                      :        2 samples, Peak.   789 us (1.0x), Avg.   788 us, Total. 1.576 ms (0.0%)
[Performance] BuilderAssetPostprocessor.OnPostprocessAllAssets                                                               :        2 samples, Peak.  5.12 ms (1.0x), Avg.  5.12 ms, Total. 10.24 ms (0.1%)
[Performance] ArtifactBrowserPostProcessor.OnPostprocessAllAssets                                                            :        2 samples, Peak.   376 us (1.0x), Avg.   374 us, Total. 748.9 us (0.0%)
[Performance] AssetEvents.OnPostprocessAllAssets                                                                             :        4 samples, Peak.   109 us (1.5x), Avg.  72.0 us, Total. 288.2 us (0.0%)
[Performance] AudioMixerPostprocessor.OnPostprocessAllAssets                                                                 :        2 samples, Peak.   179 us (1.0x), Avg.   179 us, Total. 357.0 us (0.0%)
[Performance] StyleCatalogPostProcessor.OnPostprocessAllAssets                                                               :        2 samples, Peak.  15.7 ms (1.0x), Avg.  15.7 ms, Total. 31.41 ms (0.2%)
[Performance] BuildCatalog                                                                                                   :        1 samples, Peak.  15.0 ms (1.0x), Avg.  15.0 ms, Total. 15.05 ms (0.1%)
[Performance] ModelImporterPostProcessor.OnPostprocessAllAssets                                                              :        2 samples, Peak.  1.67 ms (1.0x), Avg.  1.67 ms, Total. 3.339 ms (0.0%)
[Performance] RetainedModeAssetPostprocessor.OnPostprocessAllAssets                                                          :        2 samples, Peak.  1.31 ms (1.0x), Avg.  1.31 ms, Total. 2.625 ms (0.0%)
[Performance] AssetChangedListener.OnPostprocessAllAssets                                                                    :        2 samples, Peak.   999 us (1.0x), Avg.   998 us, Total. 1.995 ms (0.0%)
[Performance] SpeedTreePostProcessor.OnPostprocessAllAssets                                                                  :        2 samples, Peak.   114 us (1.0x), Avg.   113 us, Total. 226.3 us (0.0%)
[Performance] TextAssetPostProcessor.OnPostprocessAllAssets                                                                  :        2 samples, Peak.   242 us (1.0x), Avg.   241 us, Total. 483.0 us (0.0%)
[Performance] AssetProcessor.OnPostprocessAllAssets                                                                          :        6 samples, Peak.  4.21 ms (2.4x), Avg.  1.78 ms, Total. 10.71 ms (0.1%)
[Performance] SpriteLibraryAssetPostprocessor.OnPostprocessAllAssets                                                         :        2 samples, Peak.   138 us (1.0x), Avg.   137 us, Total. 274.0 us (0.0%)
[Performance] PSDImporterAssetPostProcessor.OnPostprocessAllAssets                                                           :        2 samples, Peak.  63.6 us (1.0x), Avg.  63.0 us, Total. 126.0 us (0.0%)
[Performance] PSDImportPostProcessor.OnPostprocessAllAssets                                                                  :        2 samples, Peak.  79.5 us (1.0x), Avg.  78.9 us, Total. 157.7 us (0.0%)
[Performance] SpriteEditorTexturePostprocessor.OnPostprocessAllAssets                                                        :        2 samples, Peak.   163 us (1.0x), Avg.   163 us, Total. 325.6 us (0.0%)
[Performance] SpriteShapeAssetPostProcessor.OnPostprocessAllAssets                                                           :        2 samples, Peak.   203 us (1.0x), Avg.   203 us, Total. 405.5 us (0.0%)
[Performance] SyncVS.PostprocessSyncProject                                                                                  :        1 samples, Peak.  57.1 us (1.0x), Avg.  57.1 us, Total. 57.08 us (0.0%)
[Performance] Application.ImportPackagesAndSetTemplateWhenCreatingProject                                                    :        1 samples, Peak.  37.3 ms (1.0x), Avg.  37.3 ms, Total. 37.34 ms (0.2%)
[Performance] Application.SyncCurrentColorSpace                                                                              :        1 samples, Peak.  26.9 ms (1.0x), Avg.  26.9 ms, Total. 26.93 ms (0.2%)
[Performance] Application.OnUsbDevicesChanged                                                                                :        1 samples, Peak.   217 us (1.0x), Avg.   217 us, Total. 217.5 us (0.0%)
[Performance] Application.AssetInstanceCacheUpdate                                                                           :        1 samples, Peak.   208 ns (1.0x), Avg.   208 ns, Total. 208.0 ns (0.0%)
[Performance] Application.UnityExtensions.Initialize                                                                         :        1 samples, Peak.  4.25 ms (1.0x), Avg.  4.25 ms, Total. 4.247 ms (0.0%)
[Performance] CodeEditorProjectSync.SyncEditorProject                                                                        :        1 samples, Peak.  54.7 us (1.0x), Avg.  54.7 us, Total. 54.71 us (0.0%)
[Performance] Application.ExecuteStartups                                                                                    :        1 samples, Peak.  44.1 ms (1.0x), Avg.  44.1 ms, Total. 44.06 ms (0.3%)
[Performance] Menu.RegisterMenuInterface                                                                                     :       26 samples, Peak.   709 ns (4.5x), Avg.   159 ns, Total. 4.126 us (0.0%)
[Performance] Gizmo.RebuildRenderers                                                                                         :        1 samples, Peak.  42.1 ms (1.0x), Avg.  42.1 ms, Total. 42.10 ms (0.3%)
[Performance] Gizmo.AddGizmoRenderers                                                                                        :       86 samples, Peak.  1.51 ms (43.8x), Avg.  34.6 us, Total. 2.974 ms (0.0%)
[Performance] Application.editorInitializingProject                                                                          :        1 samples, Peak.  24.5 ms (1.0x), Avg.  24.5 ms, Total. 24.55 ms (0.2%)
[Performance] Application.InitializeMenu                                                                                     :        1 samples, Peak.  96.5 ms (1.0x), Avg.  96.5 ms, Total. 96.55 ms (0.6%)
[Performance] Menu.RebuildAll                                                                                                :        1 samples, Peak.  96.5 ms (1.0x), Avg.  96.5 ms, Total. 96.54 ms (0.6%)
[Performance] Menu.BuildRegisteredMenuInterfaces                                                                             :        1 samples, Peak.  95.5 ms (1.0x), Avg.  95.5 ms, Total. 95.50 ms (0.6%)
[Performance] Menu.FilterMenuItem                                                                                            :      682 samples, Peak.  48.1 ms (476.3x), Avg.   101 us, Total. 68.90 ms (0.4%)
[Performance] UpdateAllMenus                                                                                                 :        1 samples, Peak.   985 us (1.0x), Avg.   985 us, Total. 985.1 us (0.0%)
[Performance] EditorSceneManager.sceneClosing: UnityEditor.SceneVisibilityManager.EditorSceneManagerOnSceneClosing           :        1 samples, Peak.   413 us (1.0x), Avg.   413 us, Total. 412.9 us (0.0%)
[Performance] GUIView.RepaintAll.PlayerLoopController                                                                        :        1 samples, Peak.   584 ns (1.0x), Avg.   584 ns, Total. 584.0 ns (0.0%)
[Performance] EditorSceneManager.newSceneCreated: UnityEditor.SceneTemplate.SceneTemplateService.OnNewSceneCreated           :        1 samples, Peak.   134 us (1.0x), Avg.   134 us, Total. 133.7 us (0.0%)
[Performance] EditorSceneManager.newSceneCreated: UnityEditor.SceneVisibilityManager.EditorSceneManagerOnNewSceneCreated     :        1 samples, Peak.  99.7 us (1.0x), Avg.  99.7 us, Total. 99.75 us (0.0%)
[Performance] EditorSceneManager.newSceneCreated: UnityEditor.SceneManagement.StageNavigationManager.OnNewSceneCreated       :        1 samples, Peak.  29.0 us (1.0x), Avg.  29.0 us, Total. 28.96 us (0.0%)
[Performance] Application.InvokeFinishedLoadingProject                                                                       :        1 samples, Peak.  10.5 ms (1.0x), Avg.  10.5 ms, Total. 10.46 ms (0.1%)
[Performance] ProcessService.OnProjectLoaded                                                                                 :        1 samples, Peak.  44.0 us (1.0x), Avg.  44.0 us, Total. 43.96 us (0.0%)
[Performance] EditorApplication.quitting: Unity.Burst.Editor.BurstLoader.OnEditorApplicationQuitting                         :        1 samples, Peak.  17.6 us (1.0x), Avg.  17.6 us, Total. 17.58 us (0.0%)
[Performance] EditorApplication.quitting: UnityEditor.Tilemaps.SceneViewGridManager.EditorQuitting                           :        1 samples, Peak.  39.3 us (1.0x), Avg.  39.3 us, Total. 39.29 us (0.0%)
[Performance] EditorApplication.quitting: callback in UnityEditor.TextCore.Text.EditorEventCallbacks                         :        1 samples, Peak.  8.37 ms (1.0x), Avg.  8.37 ms, Total. 8.371 ms (0.1%)
[Performance] Application.Shutdown.PauseProfilerSession                                                                      :        1 samples, Peak.   278 us (1.0x), Avg.   278 us, Total. 278.2 us (0.0%)
[Performance] Application.Shutdown.PauseAssetImportWorkers                                                                   :        1 samples, Peak.  94.5 us (1.0x), Avg.  94.5 us, Total. 94.50 us (0.0%)
[Performance] Application.Shutdown.SaveAssets                                                                                :        1 samples, Peak.  96.2 ms (1.0x), Avg.  96.2 ms, Total. 96.17 ms (0.6%)
[Performance] PaletteAssetModificationProcessor.OnWillSaveAssets                                                             :        1 samples, Peak.   176 us (1.0x), Avg.   176 us, Total. 175.7 us (0.0%)
[Performance] StateMacroSavedEvent.OnWillSaveAssets                                                                          :        1 samples, Peak.   222 us (1.0x), Avg.   222 us, Total. 221.5 us (0.0%)
[Performance] AssetModificationProcessor.OnWillSaveAssets                                                                    :        1 samples, Peak.   148 us (1.0x), Avg.   148 us, Total. 147.5 us (0.0%)
[Performance] UnityCloudProjectLinkMonitor.OnWillSaveAssets                                                                  :        1 samples, Peak.   177 us (1.0x), Avg.   177 us, Total. 177.0 us (0.0%)
[Performance] FlowMacroSavedEvent.OnWillSaveAssets                                                                           :        1 samples, Peak.   177 us (1.0x), Avg.   177 us, Total. 177.0 us (0.0%)
[Performance] BuilderAssetModificationProcessor.OnWillSaveAssets                                                             :        1 samples, Peak.   218 us (1.0x), Avg.   218 us, Total. 218.3 us (0.0%)
[Performance] TerrainModificationProcessor.OnWillSaveAssets                                                                  :        1 samples, Peak.   762 us (1.0x), Avg.   762 us, Total. 762.4 us (0.0%)
[Performance] Application.Shutdown.CleanupRenderPipeline                                                                     :        1 samples, Peak.  4.92 us (1.0x), Avg.  4.92 us, Total. 4.917 us (0.0%)
[Performance] Application.Shutdown.StopPreloadManager                                                                        :        1 samples, Peak.  25.5 ms (1.0x), Avg.  25.5 ms, Total. 25.48 ms (0.2%)
[Performance] Application.Shutdown.DestroyWorld                                                                              :        1 samples, Peak.   625 us (1.0x), Avg.   625 us, Total. 625.0 us (0.0%)
[Performance] Application.Shutdown.CleanupAfterLoad                                                                          :        1 samples, Peak.  53.5 ms (1.0x), Avg.  53.5 ms, Total. 53.52 ms (0.3%)
[Performance] Application.Shutdown.Progress                                                                                  :        1 samples, Peak.  18.5 us (1.0x), Avg.  18.5 us, Total. 18.54 us (0.0%)
[Performance] Application.Shutdown.GICleanupManagers                                                                         :        1 samples, Peak.  2.36 ms (1.0x), Avg.  2.36 ms, Total. 2.358 ms (0.0%)
[Performance] Application.Shutdown.MenuCleanupClass                                                                          :        1 samples, Peak.  67.7 us (1.0x), Avg.  67.7 us, Total. 67.67 us (0.0%)
[Performance] Application.Shutdown.ADBSaveStateBeforeShutdown                                                                :        1 samples, Peak.  7.54 us (1.0x), Avg.  7.54 us, Total. 7.542 us (0.0%)
[Performance] Application.Shutdown.RemoteShutdown                                                                            :        1 samples, Peak.   625 ns (1.0x), Avg.   625 ns, Total. 625.0 ns (0.0%)
[Performance] Application.Shutdown.CleanupVCProvider                                                                         :        1 samples, Peak.  21.1 us (1.0x), Avg.  21.1 us, Total. 21.08 us (0.0%)
[Performance] Application.Shutdown.InputShutdown                                                                             :        1 samples, Peak.  94.3 us (1.0x), Avg.  94.3 us, Total. 94.33 us (0.0%)
[Performance] Application.Shutdown.GizmoManagerDestroy                                                                       :        1 samples, Peak.   514 us (1.0x), Avg.   514 us, Total. 513.5 us (0.0%)
[Performance] Application.Shutdown.ProfilerSession                                                                           :        1 samples, Peak.  14.2 ms (1.0x), Avg.  14.2 ms, Total. 14.21 ms (0.1%)
[Performance] Application.Shutdown.ReleaseGfxWindowOnAllGUIViews                                                             :        1 samples, Peak.   292 ns (1.0x), Avg.   292 ns, Total. 292.0 ns (0.0%)
[Performance] Application.Shutdown.CleanupEngine                                                                             :        1 samples, Peak.   154 ms (1.0x), Avg.   154 ms, Total. 153.5 ms (1.0%)
[Performance] Application.Shutdown.CleanupAssetDatabase                                                                      :        1 samples, Peak.  5.49 ms (1.0x), Avg.  5.49 ms, Total. 5.486 ms (0.0%)
[Performance] Application.Shutdown.ScriptCompilationCleanUp                                                                  :        1 samples, Peak.  19.2 us (1.0x), Avg.  19.2 us, Total. 19.21 us (0.0%)
[Performance] Application.Shutdown.DestroyJobSystem                                                                          :        1 samples, Peak.   283 us (1.0x), Avg.   283 us, Total. 283.0 us (0.0%)
[Performance] Application.Shutdown.CleanupPersistentManager                                                                  :        1 samples, Peak.  1.27 ms (1.0x), Avg.  1.27 ms, Total. 1.269 ms (0.0%)
[Performance] Application.Shutdown.CleanupAsyncReadManager                                                                   :        1 samples, Peak.  81.8 us (1.0x), Avg.  81.8 us, Total. 81.79 us (0.0%)
[Performance] Application.Shutdown.CleanupMono                                                                               :        1 samples, Peak.  1.14 s (1.0x), Avg.  1.14 s, Total. 1.145 s (7.2%)
[Performance] Application.Shutdown.CleanupStdConverters                                                                      :        1 samples, Peak.   227 us (1.0x), Avg.   227 us, Total. 226.8 us (0.0%)
[Performance] Application.Shutdown.UnloadAllPlatformSupportModuleNativeDlls                                                  :        1 samples, Peak.   417 ns (1.0x), Avg.   417 ns, Total. 417.0 ns (0.0%)
[Performance] Application.Shutdown.UnloadAllPlatformSupportNativeLibraries                                                   :        1 samples, Peak.   250 ns (1.0x), Avg.   250 ns, Total. 250.0 ns (0.0%)
[Performance] Application.Shutdown.CleanupAutoDocumentation                                                                  :        1 samples, Peak.   145 us (1.0x), Avg.   145 us, Total. 144.7 us (0.0%)
[Performance] Application.Shutdown.ShaderNameManagerDestroy                                                                  :        1 samples, Peak.   199 us (1.0x), Avg.   199 us, Total. 198.5 us (0.0%)
[Performance] Application.Shutdown.CleanupCacheServer                                                                        :        1 samples, Peak.   166 ns (1.0x), Avg.   166 ns, Total. 166.0 ns (0.0%)
[Performance] Application.Shutdown.Virtualization_Shutdown                                                                   :        1 samples, Peak.   334 ns (1.0x), Avg.   334 ns, Total. 334.0 ns (0.0%)
[Performance] Application.Shutdown.DevConnections                                                                            :        1 samples, Peak.   107 us (1.0x), Avg.   107 us, Total. 107.2 us (0.0%)
Exiting batchmode successfully now!
[Package Manager] Server::Kill -- Server was shutdown
